20:42:44.875 [main                     ] DEBUG Logger               - Configured Logger
20:42:44.895 [main                     ] DEBUG GameApplication      - Logging settings
Title: Doodle Jump
Version: 0.1
Width: 480
Height: 800
Fullscreen: false
Intro: false
Profiling: false
Single step:false
App Mode: DEVELOPER
Menu Key: ESCAPE
Stage Style: DECORATED
Scene Factory: class com.almasb.fxgl.app.scene.SceneFactory

20:42:45.426 [JavaFX Application Thread] DEBUG FXGLApplication      - Initializing FXGL
20:42:45.430 [JavaFX Application Thread] INFO  Engine               - FXGL-11.14 (01.03.2021 16.59) on WINDOWS (J:14.0.2 FX:15)
20:42:45.430 [JavaFX Application Thread] DEBUG Engine               - JRE Vendor Name: Oracle Corporation
20:42:45.430 [JavaFX Application Thread] DEBUG Engine               - Running on OS: Windows 10 version 10.0
20:42:45.431 [JavaFX Application Thread] DEBUG Engine               - Architecture: amd64
20:42:45.431 [JavaFX Application Thread] INFO  Engine               - Source code and latest versions at: https://github.com/AlmasB/FXGL
20:42:45.431 [JavaFX Application Thread] INFO  Engine               -              Join the FXGL chat at: https://gitter.im/AlmasB/FXGL
20:42:45.582 [JavaFX Application Thread] DEBUG PrimaryStageWindow   - Creating a JavaFX scene
20:42:45.648 [JavaFX Application Thread] DEBUG PrimaryStageWindow   - Target settings size: 480.0 x 800.0
20:42:45.648 [JavaFX Application Thread] DEBUG PrimaryStageWindow   - Scaled scene size:    480.0 x 800.0
20:42:45.648 [JavaFX Application Thread] DEBUG PrimaryStageWindow   - Scaled ratio: (1.0, 1.0)
20:42:45.650 [JavaFX Application Thread] DEBUG PrimaryStageWindow   - Set initial scene to FXGLStartupScene
20:42:45.657 [JavaFX Application Thread] DEBUG PrimaryStageWindow   - Opening main window
20:42:45.776 [JavaFX Application Thread] DEBUG PrimaryStageWindow   - Window border size: (16.0, 39.0)
20:42:45.777 [JavaFX Application Thread] DEBUG PrimaryStageWindow   - Scaled size: 480.0 x 800.0
20:42:45.777 [JavaFX Application Thread] DEBUG PrimaryStageWindow   - Scaled ratio: (1.0, 1.0)
20:42:45.777 [JavaFX Application Thread] DEBUG PrimaryStageWindow   - Scene size: 480.0 x 800.0
20:42:45.777 [JavaFX Application Thread] DEBUG PrimaryStageWindow   - Stage size: 496.0 x 839.0
20:42:45.785 [FXGL Background Thread 1 ] DEBUG Engine               - Initializing environment variables
20:42:45.830 [FXGL Background Thread 1 ] DEBUG FXGLAssetLoaderServi - User app class for loading assets: class sample.Main
20:42:45.830 [FXGL Background Thread 1 ] DEBUG GameApplicationServi - Applying CSS: fxgl_dark.css
20:42:45.831 [FXGL Background Thread 1 ] DEBUG FXGLAssetLoaderServi - Loading from file system: jar:file:/C:/Users/Koen/.m2/repository/com/github/almasb/fxgl/11.14/fxgl-11.14.jar!/fxglassets/ui/css/fxgl_dark.css
20:42:45.878 [FXGL Background Thread 1 ] DEBUG GameApplicationServi - Initializing application scenes
20:42:45.922 [FXGL Background Thread 1 ] DEBUG GameWorld            - Game world initialized
20:42:45.996 [FXGL Background Thread 1 ] DEBUG PhysicsWorld         - Physics world initialized: appHeight=800, physics.ppm=50,0
20:42:45.997 [FXGL Background Thread 1 ] DEBUG PhysicsWorld         - Using strategy: BRUTE_FORCE
20:42:46.001 [FXGL Background Thread 1 ] DEBUG GameScene            - Game scene initialized: 480x800
20:42:46.001 [FXGL Background Thread 1 ] DEBUG GameApplicationServi - Application scenes initialized
20:42:46.039 [FXGL Background Thread 1 ] DEBUG SystemBundleService  - Loading FXGL system data
20:42:46.044 [FXGL Background Thread 1 ] DEBUG FileSystemAccess     - Reading from: C:\Users\Koen\IdeaProjects\ipose-game\system\fxgl.bundle
20:42:46.053 [FXGL Background Thread 1 ] DEBUG SystemBundleService  - Bundle FXGL: {}
20:42:46.053 [FXGL Background Thread 1 ] DEBUG UpdaterService       - Checking for updates
20:42:46.093 [FXGL Background Thread 4 ] DEBUG FXGLApplication      - Loading fonts
20:42:46.094 [FXGL Background Thread 1 ] DEBUG FXGLApplication      - Loading default localization
20:42:46.094 [FXGL Background Thread 4 ] DEBUG FXGLAssetLoaderServi - Loading from file system: jar:file:/C:/Users/Koen/.m2/repository/com/github/almasb/fxgl/11.14/fxgl-11.14.jar!/fxglassets/ui/fonts/VarelaRound-Regular.ttf
20:42:46.094 [FXGL Background Thread 1 ] DEBUG FXGLAssetLoaderServi - Loading from file system: jar:file:/C:/Users/Koen/.m2/repository/com/github/almasb/fxgl/11.14/fxgl-11.14.jar!/fxglassets/languages/english.lang
20:42:46.115 [FXGL Background Thread 1 ] INFO  FXGLApplication      - FXGL initialization took: 0,330 sec
20:42:46.127 [JavaFX Application Thread] DEBUG Input                - Registered new binding: Left - A
20:42:46.127 [JavaFX Application Thread] DEBUG Input                - Registered new binding: Right - D
20:42:46.127 [JavaFX Application Thread] DEBUG Input                - Registered new binding: Up - W
20:42:46.129 [JavaFX Application Thread] DEBUG FXGLAssetLoaderServi - Loading from file system: jar:file:/C:/Users/Koen/.m2/repository/com/github/almasb/fxgl/11.14/fxgl-11.14.jar!/fxglassets/textures/fxgl_icon.png
20:42:46.189 [FXGL Background Thread 4 ] DEBUG FXGLAssetLoaderServi - Loading from file system: jar:file:/C:/Users/Koen/.m2/repository/com/github/almasb/fxgl/11.14/fxgl-11.14.jar!/fxglassets/ui/fonts/Abel-Regular.ttf
20:42:46.195 [FXGL Background Thread 4 ] DEBUG FXGLAssetLoaderServi - Loading from file system: jar:file:/C:/Users/Koen/.m2/repository/com/github/almasb/fxgl/11.14/fxgl-11.14.jar!/fxglassets/ui/fonts/lucida_console.ttf
20:42:46.199 [JavaFX Application Thread] DEBUG FXGLAssetLoaderServi - Loading from file system: jar:file:/C:/Users/Koen/.m2/repository/com/github/almasb/fxgl/11.14/fxgl-11.14.jar!/fxglassets/ui/cursors/fxgl_default.png
20:42:46.203 [JavaFX Application Thread] DEBUG Input                - Registered new binding: Screenshot - P
20:42:46.204 [JavaFX Application Thread] DEBUG Input                - Registered new binding: Dev Options - 1
20:42:46.205 [JavaFX Application Thread] DEBUG Input                - Registered new binding: Dev Console - 2
20:42:46.205 [FXGL Background Thread 4 ] DEBUG FXGLAssetLoaderServi - Loading from file system: jar:file:/C:/Users/Koen/.m2/repository/com/github/almasb/fxgl/11.14/fxgl-11.14.jar!/fxglassets/ui/fonts/Courier-Prime.ttf
20:42:46.205 [JavaFX Application Thread] DEBUG Input                - Registered new binding: System info dump - CTRL+9
20:42:46.206 [JavaFX Application Thread] DEBUG Input                - Registered new binding: Restart - CTRL+R
20:42:46.207 [JavaFX Application Thread] DEBUG Input                - Registered new binding: Toggle Debug Camera - CTRL+C
20:42:46.211 [JavaFX Application Thread] DEBUG LoopRunner           - Starting loop
20:42:46.227 [JavaFX Application Thread] DEBUG LoopRunner           - Initializing JavaFX AnimationTimerLoop
20:42:46.229 [JavaFX Application Thread] DEBUG GameApplicationServi - Starting new game
20:42:46.230 [JavaFX Application Thread] DEBUG Input                - Clearing active input actions
20:42:46.243 [JavaFX Application Thread] DEBUG GameApplicationServi - Removing overlay from FXGLStartupScene and adding to FXGLLoadingScene
20:42:46.247 [JavaFX Application Thread] DEBUG PrimaryStageWindow   - FXGLStartupScene -> FXGLLoadingScene
20:42:46.247 [JavaFX Application Thread] DEBUG GameApplicationServi - Clearing previous game
20:42:46.248 [JavaFX Application Thread] DEBUG GameScene            - Clearing game scene
20:42:46.248 [JavaFX Application Thread] DEBUG GameWorld            - Clearing game world
20:42:46.248 [JavaFX Application Thread] DEBUG PhysicsWorld         - Clearing physics world
20:42:46.250 [FXGL Background Thread 4 ] DEBUG FXGLApplication      - Initializing game
20:42:46.253 [JavaFX Application Thread] DEBUG FXGLApplication      - Registering font factories with UI factory
20:42:46.257 [FXGL Background Thread 4 ] DEBUG FXGLAssetLoaderServi - Loading from file system: file:/C:/Users/Koen/IdeaProjects/ipose-game/target/classes/assets/textures/Platform.png
20:42:46.293 [FXGL Background Thread 4 ] DEBUG FXGLAssetLoaderServi - Loading from file system: file:/C:/Users/Koen/IdeaProjects/ipose-game/target/classes/assets/textures/Doodler.png
20:42:46.310 [FXGL Background Thread 4 ] DEBUG FXGLAssetLoaderServi - Loading from file system: file:/C:/Users/Koen/IdeaProjects/ipose-game/target/classes/assets/textures/background.png
20:42:46.370 [FXGL Background Thread 4 ] INFO  FXGLApplication      - Game initialization took: 0,119 sec
20:42:46.577 [JavaFX Application Thread] DEBUG Input                - Clearing active input actions
20:42:46.587 [JavaFX Application Thread] DEBUG GameApplicationServi - Removing overlay from FXGLLoadingScene and adding to GameScene
20:42:46.593 [JavaFX Application Thread] DEBUG PrimaryStageWindow   - FXGLLoadingScene -> GameScene
20:42:49.093 [FXGL Background Thread 3 ] DEBUG Engine               - Logging environment variables
20:42:49.093 [FXGL Background Thread 3 ] DEBUG Engine               - achievements: []
20:42:49.093 [FXGL Background Thread 3 ] DEBUG Engine               - actualHeight: 800.0
20:42:49.094 [FXGL Background Thread 3 ] DEBUG Engine               - actualHeightProperty: ReadOnlyDoubleProperty [value: 800.0]
20:42:49.094 [FXGL Background Thread 3 ] DEBUG Engine               - actualWidth: 480.0
20:42:49.094 [FXGL Background Thread 3 ] DEBUG Engine               - actualWidthProperty: ReadOnlyDoubleProperty [value: 480.0]
20:42:49.094 [FXGL Background Thread 3 ] DEBUG Engine               - appIcon: fxgl_icon.png
20:42:49.094 [FXGL Background Thread 3 ] DEBUG Engine               - applicationMode: DEVELOPER
20:42:49.094 [FXGL Background Thread 3 ] DEBUG Engine               - cSSList: [fxgl_dark.css]
20:42:49.094 [FXGL Background Thread 3 ] DEBUG Engine               - collisionDetectionStrategy: BRUTE_FORCE
20:42:49.095 [FXGL Background Thread 3 ] DEBUG Engine               - configClass: Optional.empty
20:42:49.095 [FXGL Background Thread 3 ] DEBUG Engine               - credits: []
20:42:49.095 [FXGL Background Thread 3 ] DEBUG Engine               - devBBoxColorProperty: ObjectProperty [value: 0xff0000ff]
20:42:49.095 [FXGL Background Thread 3 ] DEBUG Engine               - devEnableDebugCameraProperty: BooleanProperty [value: false]
20:42:49.095 [FXGL Background Thread 3 ] DEBUG Engine               - devSensorColorProperty: ObjectProperty [value: 0xffff00ff]
20:42:49.095 [FXGL Background Thread 3 ] DEBUG Engine               - devShowBBoxProperty: BooleanProperty [value: false]
20:42:49.096 [FXGL Background Thread 3 ] DEBUG Engine               - devShowPositionProperty: BooleanProperty [value: false]
20:42:49.096 [FXGL Background Thread 3 ] DEBUG Engine               - enabledMenuItems: []
20:42:49.096 [FXGL Background Thread 3 ] DEBUG Engine               - engineServices: [class com.almasb.fxgl.app.services.FXGLAssetLoaderService, class com.almasb.fxgl.app.FXGLApplication$GameApplicationService, class com.almasb.fxgl.app.services.FXGLDialogService, class com.almasb.fxgl.app.services.IOTaskExecutorService, class com.almasb.fxgl.event.EventBusService, class com.almasb.fxgl.io.FileSystemService, class com.almasb.fxgl.localization.LocalizationService, class com.almasb.fxgl.app.services.SystemBundleService, class com.almasb.fxgl.profile.SaveLoadService, class com.almasb.fxgl.ui.FXGLUIFactoryServiceProvider, class com.almasb.fxgl.ui.FXGLDialogFactoryServiceProvider, class com.almasb.fxgl.audio.AudioPlayer, class com.almasb.fxgl.notification.impl.NotificationServiceProvider, class com.almasb.fxgl.achievement.AchievementService, class com.almasb.fxgl.cutscene.CutsceneService, class com.almasb.fxgl.minigames.MiniGameService, class com.almasb.fxgl.net.NetService, class com.almasb.fxgl.app.services.UpdaterService, class com.almasb.fxgl.dev.DevService]
20:42:49.096 [FXGL Background Thread 3 ] DEBUG Engine               - fontGame: Abel-Regular.ttf
20:42:49.096 [FXGL Background Thread 3 ] DEBUG Engine               - fontMono: lucida_console.ttf
20:42:49.096 [FXGL Background Thread 3 ] DEBUG Engine               - fontText: Courier-Prime.ttf
20:42:49.096 [FXGL Background Thread 3 ] DEBUG Engine               - fontUI: VarelaRound-Regular.ttf
20:42:49.097 [FXGL Background Thread 3 ] DEBUG Engine               - fullScreen: BooleanProperty [value: false]
20:42:49.097 [FXGL Background Thread 3 ] DEBUG Engine               - gameDifficulty: MEDIUM
20:42:49.097 [FXGL Background Thread 3 ] DEBUG Engine               - gameDifficultyProperty: ObjectProperty [value: MEDIUM]
20:42:49.097 [FXGL Background Thread 3 ] DEBUG Engine               - globalMusicVolume: 0.5
20:42:49.097 [FXGL Background Thread 3 ] DEBUG Engine               - globalMusicVolumeProperty: DoubleProperty [value: 0.5]
20:42:49.097 [FXGL Background Thread 3 ] DEBUG Engine               - globalSoundVolume: 0.5
20:42:49.097 [FXGL Background Thread 3 ] DEBUG Engine               - globalSoundVolumeProperty: DoubleProperty [value: 0.5]
20:42:49.097 [FXGL Background Thread 3 ] DEBUG Engine               - height: 800
20:42:49.098 [FXGL Background Thread 3 ] DEBUG Engine               - isAndroid: false
20:42:49.098 [FXGL Background Thread 3 ] DEBUG Engine               - isBrowser: false
20:42:49.098 [FXGL Background Thread 3 ] DEBUG Engine               - isClickFeedbackEnabled: false
20:42:49.098 [FXGL Background Thread 3 ] DEBUG Engine               - isCloseConfirmation: false
20:42:49.098 [FXGL Background Thread 3 ] DEBUG Engine               - isDesktop: true
20:42:49.098 [FXGL Background Thread 3 ] DEBUG Engine               - isDeveloperMenuEnabled: true
20:42:49.098 [FXGL Background Thread 3 ] DEBUG Engine               - isEntityPreloadEnabled: true
20:42:49.098 [FXGL Background Thread 3 ] DEBUG Engine               - isExperimental3D: false
20:42:49.098 [FXGL Background Thread 3 ] DEBUG Engine               - isExperimentalNative: false
20:42:49.098 [FXGL Background Thread 3 ] DEBUG Engine               - isExperimentalTiledLargeMap: false
20:42:49.098 [FXGL Background Thread 3 ] DEBUG Engine               - isFileSystemWriteAllowed: true
20:42:49.098 [FXGL Background Thread 3 ] DEBUG Engine               - isFullScreenAllowed: false
20:42:49.098 [FXGL Background Thread 3 ] DEBUG Engine               - isFullScreenFromStart: false
20:42:49.098 [FXGL Background Thread 3 ] DEBUG Engine               - isGameMenuEnabled: false
20:42:49.099 [FXGL Background Thread 3 ] DEBUG Engine               - isIOS: false
20:42:49.099 [FXGL Background Thread 3 ] DEBUG Engine               - isIntroEnabled: false
20:42:49.099 [FXGL Background Thread 3 ] DEBUG Engine               - isLinux: false
20:42:49.099 [FXGL Background Thread 3 ] DEBUG Engine               - isMac: false
20:42:49.099 [FXGL Background Thread 3 ] DEBUG Engine               - isMainMenuEnabled: false
20:42:49.099 [FXGL Background Thread 3 ] DEBUG Engine               - isManualResizeEnabled: false
20:42:49.099 [FXGL Background Thread 3 ] DEBUG Engine               - isMobile: false
20:42:49.099 [FXGL Background Thread 3 ] DEBUG Engine               - isPreserveResizeRatio: false
20:42:49.099 [FXGL Background Thread 3 ] DEBUG Engine               - isProfilingEnabled: false
20:42:49.100 [FXGL Background Thread 3 ] DEBUG Engine               - isScaleAffectedOnResize: true
20:42:49.100 [FXGL Background Thread 3 ] DEBUG Engine               - isSingleStep: false
20:42:49.100 [FXGL Background Thread 3 ] DEBUG Engine               - isUserProfileEnabled: false
20:42:49.100 [FXGL Background Thread 3 ] DEBUG Engine               - isWindows: true
20:42:49.100 [FXGL Background Thread 3 ] DEBUG Engine               - language: ObjectProperty [value: ENGLISH]
20:42:49.101 [FXGL Background Thread 3 ] DEBUG Engine               - menuKey: ESCAPE
20:42:49.101 [FXGL Background Thread 3 ] DEBUG Engine               - notificationViewClass: class com.almasb.fxgl.notification.view.XboxNotificationView
20:42:49.101 [FXGL Background Thread 3 ] DEBUG Engine               - pixelsPerMeter: 50.0
20:42:49.101 [FXGL Background Thread 3 ] DEBUG Engine               - platform: WINDOWS
20:42:49.101 [FXGL Background Thread 3 ] DEBUG Engine               - prefHeightProperty: ReadOnlyDoubleProperty [value: 800.0]
20:42:49.101 [FXGL Background Thread 3 ] DEBUG Engine               - prefWidthProperty: ReadOnlyDoubleProperty [value: 480.0]
20:42:49.101 [FXGL Background Thread 3 ] DEBUG Engine               - profileDir: profiles/
20:42:49.101 [FXGL Background Thread 3 ] DEBUG Engine               - profileName: StringProperty [value: DEFAULT]
20:42:49.101 [FXGL Background Thread 3 ] DEBUG Engine               - randomSeed: -1
20:42:49.101 [FXGL Background Thread 3 ] DEBUG Engine               - runtimeInfo: RuntimeInfo(platform=WINDOWS, version=11.14, build=01.03.2021 16.59)
20:42:49.101 [FXGL Background Thread 3 ] DEBUG Engine               - saveFileExt: sav
20:42:49.102 [FXGL Background Thread 3 ] DEBUG Engine               - scaledHeightProp$fxgl: DoubleProperty [bound, value: 800.0]
20:42:49.102 [FXGL Background Thread 3 ] DEBUG Engine               - scaledWidthProp$fxgl: DoubleProperty [bound, value: 480.0]
20:42:49.102 [FXGL Background Thread 3 ] DEBUG Engine               - sceneFactory: com.almasb.fxgl.app.scene.SceneFactory@6e96170e
20:42:49.102 [FXGL Background Thread 3 ] DEBUG Engine               - secondsIn24h: 60
20:42:49.102 [FXGL Background Thread 3 ] DEBUG Engine               - soundMenuBack: menu/back.wav
20:42:49.102 [FXGL Background Thread 3 ] DEBUG Engine               - soundMenuPress: menu/press.wav
20:42:49.102 [FXGL Background Thread 3 ] DEBUG Engine               - soundMenuSelect: menu/select.wav
20:42:49.102 [FXGL Background Thread 3 ] DEBUG Engine               - soundNotification: core/notification.wav
20:42:49.102 [FXGL Background Thread 3 ] DEBUG Engine               - stageStyle: DECORATED
20:42:49.102 [FXGL Background Thread 3 ] DEBUG Engine               - supportedLanguages: [ENGLISH, FRENCH, GERMAN, HUNGARIAN, RUSSIAN]
20:42:49.102 [FXGL Background Thread 3 ] DEBUG Engine               - ticksPerSecond: -1
20:42:49.102 [FXGL Background Thread 3 ] DEBUG Engine               - title: Doodle Jump
20:42:49.102 [FXGL Background Thread 3 ] DEBUG Engine               - urlGithub: https://github.com/AlmasB/FXGL
20:42:49.102 [FXGL Background Thread 3 ] DEBUG Engine               - urlLeaderboard: http://fxgl-top.herokuapp.com/
20:42:49.103 [FXGL Background Thread 3 ] DEBUG Engine               - urlPOM: https://raw.githubusercontent.com/AlmasB/FXGL/release/README.md
20:42:49.103 [FXGL Background Thread 3 ] DEBUG Engine               - userAppClass: class sample.Main
20:42:49.103 [FXGL Background Thread 3 ] DEBUG Engine               - version: 0.1
20:42:49.103 [FXGL Background Thread 3 ] DEBUG Engine               - versionCheckDays: 7
20:42:49.103 [FXGL Background Thread 3 ] DEBUG Engine               - width: 480
20:42:49.103 [FXGL Background Thread 3 ] DEBUG Engine               - Logging services
20:42:49.103 [FXGL Background Thread 3 ] DEBUG Engine               - class com.almasb.fxgl.app.services.FXGLAssetLoaderService
20:42:49.103 [FXGL Background Thread 3 ] DEBUG Engine               - class com.almasb.fxgl.app.FXGLApplication$GameApplicationService
20:42:49.103 [FXGL Background Thread 3 ] DEBUG Engine               - class com.almasb.fxgl.app.services.FXGLDialogService
20:42:49.104 [FXGL Background Thread 3 ] DEBUG Engine               - class com.almasb.fxgl.app.services.IOTaskExecutorService
20:42:49.104 [FXGL Background Thread 3 ] DEBUG Engine               - class com.almasb.fxgl.event.EventBusService
20:42:49.104 [FXGL Background Thread 3 ] DEBUG Engine               - class com.almasb.fxgl.io.FileSystemService
20:42:49.104 [FXGL Background Thread 3 ] DEBUG Engine               - class com.almasb.fxgl.localization.LocalizationService
20:42:49.104 [FXGL Background Thread 3 ] DEBUG Engine               - class com.almasb.fxgl.app.services.SystemBundleService
20:42:49.104 [FXGL Background Thread 3 ] DEBUG Engine               - class com.almasb.fxgl.profile.SaveLoadService
20:42:49.104 [FXGL Background Thread 3 ] DEBUG Engine               - class com.almasb.fxgl.ui.FXGLUIFactoryServiceProvider
20:42:49.104 [FXGL Background Thread 3 ] DEBUG Engine               - class com.almasb.fxgl.ui.FXGLDialogFactoryServiceProvider
20:42:49.104 [FXGL Background Thread 3 ] DEBUG Engine               - class com.almasb.fxgl.audio.AudioPlayer
20:42:49.104 [FXGL Background Thread 3 ] DEBUG Engine               - class com.almasb.fxgl.notification.impl.NotificationServiceProvider
20:42:49.104 [FXGL Background Thread 3 ] DEBUG Engine               - class com.almasb.fxgl.achievement.AchievementService
20:42:49.104 [FXGL Background Thread 3 ] DEBUG Engine               - class com.almasb.fxgl.cutscene.CutsceneService
20:42:49.104 [FXGL Background Thread 3 ] DEBUG Engine               - class com.almasb.fxgl.minigames.MiniGameService
20:42:49.105 [FXGL Background Thread 3 ] DEBUG Engine               - class com.almasb.fxgl.net.NetService
20:42:49.105 [FXGL Background Thread 3 ] DEBUG Engine               - class com.almasb.fxgl.app.services.UpdaterService
20:42:49.105 [FXGL Background Thread 3 ] DEBUG Engine               - class com.almasb.fxgl.dev.DevService
20:42:53.834 [JavaFX Application Thread] DEBUG FXGLApplication      - Exiting FXGL
20:42:53.834 [JavaFX Application Thread] DEBUG LoopRunner           - Stopping loop
20:42:53.834 [JavaFX Application Thread] DEBUG SystemBundleService  - Saving FXGL system data
20:42:53.835 [JavaFX Application Thread] DEBUG FileSystemAccess     - Writing to: C:\Users\Koen\IdeaProjects\ipose-game\system\fxgl.bundle
20:42:53.837 [JavaFX Application Thread] DEBUG Async                - Shutting down background threads
20:42:53.837 [JavaFX Application Thread] DEBUG PrimaryStageWindow   - Closing main window
20:42:53.856 [JavaFX Application Thread] DEBUG Logger               - Closing Logger
