11:36:22.471 [main                     ] DEBUG Logger               - Configured Logger
11:36:22.486 [main                     ] DEBUG GameApplication      - Logging settings
Title: Doodle Jump
Version: 0.1
Width: 480
Height: 800
Fullscreen: false
Intro: false
Profiling: false
Single step:false
App Mode: DEVELOPER
Menu Key: ESCAPE
Stage Style: DECORATED
Scene Factory: class com.almasb.fxgl.app.scene.SceneFactory

11:36:22.933 [JavaFX Application Thread] DEBUG FXGLApplication      - Initializing FXGL
11:36:22.935 [JavaFX Application Thread] INFO  Engine               - FXGL-11.14 (01.03.2021 16.59) on WINDOWS (J:14.0.2 FX:15)
11:36:22.936 [JavaFX Application Thread] DEBUG Engine               - JRE Vendor Name: Oracle Corporation
11:36:22.936 [JavaFX Application Thread] DEBUG Engine               - Running on OS: Windows 10 version 10.0
11:36:22.936 [JavaFX Application Thread] DEBUG Engine               - Architecture: amd64
11:36:22.936 [JavaFX Application Thread] INFO  Engine               - Source code and latest versions at: https://github.com/AlmasB/FXGL
11:36:22.937 [JavaFX Application Thread] INFO  Engine               -              Join the FXGL chat at: https://gitter.im/AlmasB/FXGL
11:36:23.046 [JavaFX Application Thread] DEBUG PrimaryStageWindow   - Creating a JavaFX scene
11:36:23.095 [JavaFX Application Thread] DEBUG PrimaryStageWindow   - Target settings size: 480.0 x 800.0
11:36:23.095 [JavaFX Application Thread] DEBUG PrimaryStageWindow   - Scaled scene size:    480.0 x 800.0
11:36:23.095 [JavaFX Application Thread] DEBUG PrimaryStageWindow   - Scaled ratio: (1.0, 1.0)
11:36:23.096 [JavaFX Application Thread] DEBUG PrimaryStageWindow   - Set initial scene to FXGLStartupScene
11:36:23.103 [JavaFX Application Thread] DEBUG PrimaryStageWindow   - Opening main window
11:36:23.189 [JavaFX Application Thread] DEBUG PrimaryStageWindow   - Window border size: (16.0, 39.0)
11:36:23.189 [JavaFX Application Thread] DEBUG PrimaryStageWindow   - Scaled size: 480.0 x 800.0
11:36:23.189 [JavaFX Application Thread] DEBUG PrimaryStageWindow   - Scaled ratio: (1.0, 1.0)
11:36:23.189 [JavaFX Application Thread] DEBUG PrimaryStageWindow   - Scene size: 480.0 x 800.0
11:36:23.190 [JavaFX Application Thread] DEBUG PrimaryStageWindow   - Stage size: 496.0 x 839.0
11:36:23.197 [FXGL Background Thread 1 ] DEBUG Engine               - Initializing environment variables
11:36:23.226 [FXGL Background Thread 1 ] DEBUG FXGLAssetLoaderServi - User app class for loading assets: class sample.Main
11:36:23.227 [FXGL Background Thread 1 ] DEBUG GameApplicationServi - Applying CSS: fxgl_dark.css
11:36:23.227 [FXGL Background Thread 1 ] DEBUG FXGLAssetLoaderServi - Loading from file system: jar:file:/C:/Users/Koen/.m2/repository/com/github/almasb/fxgl/11.14/fxgl-11.14.jar!/fxglassets/ui/css/fxgl_dark.css
11:36:23.264 [FXGL Background Thread 1 ] DEBUG GameApplicationServi - Initializing application scenes
11:36:23.296 [FXGL Background Thread 1 ] DEBUG GameWorld            - Game world initialized
11:36:23.350 [FXGL Background Thread 1 ] DEBUG PhysicsWorld         - Physics world initialized: appHeight=800, physics.ppm=50,0
11:36:23.351 [FXGL Background Thread 1 ] DEBUG PhysicsWorld         - Using strategy: BRUTE_FORCE
11:36:23.353 [FXGL Background Thread 1 ] DEBUG GameScene            - Game scene initialized: 480x800
11:36:23.370 [FXGL Background Thread 1 ] WARN  FXGL.DefaultMenu     - FXGLDefaultMenu is not designed for resolutions < 800x600
11:36:23.393 [FXGL Background Thread 1 ] DEBUG FXGLAssetLoaderServi - Loading from file system: jar:file:/C:/Users/Koen/.m2/repository/com/github/almasb/fxgl/11.14/fxgl-11.14.jar!/fxglassets/textures/particles/trace_horizontal.png
11:36:23.442 [FXGL Background Thread 1 ] DEBUG FXGL.DefaultMenu     - createMenuBodyMainMenu()
11:36:23.457 [FXGL Background Thread 1 ] DEBUG FXGL.DefaultMenu     - createOptionsMenu()
11:36:23.462 [FXGL Background Thread 1 ] DEBUG FXGLAssetLoaderServi - Loading from file system: jar:file:/C:/Users/Koen/.m2/repository/com/github/almasb/fxgl/11.14/fxgl-11.14.jar!/fxglassets/textures/particles/smoke.png
11:36:23.506 [FXGL Background Thread 1 ] WARN  FXGL.DefaultMenu     - FXGLDefaultMenu is not designed for resolutions < 800x600
11:36:23.509 [FXGL Background Thread 1 ] DEBUG FXGL.DefaultMenu     - createMenuBodyGameMenu()
11:36:23.510 [FXGL Background Thread 1 ] DEBUG FXGL.DefaultMenu     - createOptionsMenu()
11:36:23.524 [FXGL Background Thread 1 ] DEBUG GameApplicationServi - Application scenes initialized
11:36:23.534 [FXGL Background Thread 1 ] DEBUG SystemBundleService  - Loading FXGL system data
11:36:23.537 [FXGL Background Thread 1 ] DEBUG FileSystemAccess     - Reading from: C:\Users\Koen\IdeaProjects\ipose-game\system\fxgl.bundle
11:36:23.542 [FXGL Background Thread 1 ] DEBUG SystemBundleService  - Bundle FXGL: {}
11:36:23.543 [FXGL Background Thread 1 ] DEBUG UpdaterService       - Checking for updates
11:36:23.548 [FXGL Background Thread 4 ] DEBUG FXGLApplication      - Loading fonts
11:36:23.549 [FXGL Background Thread 1 ] DEBUG FXGLApplication      - Loading default localization
11:36:23.550 [FXGL Background Thread 4 ] DEBUG FXGLAssetLoaderServi - Loading from file system: jar:file:/C:/Users/Koen/.m2/repository/com/github/almasb/fxgl/11.14/fxgl-11.14.jar!/fxglassets/ui/fonts/VarelaRound-Regular.ttf
11:36:23.550 [FXGL Background Thread 1 ] DEBUG FXGLAssetLoaderServi - Loading from file system: jar:file:/C:/Users/Koen/.m2/repository/com/github/almasb/fxgl/11.14/fxgl-11.14.jar!/fxglassets/languages/english.lang
11:36:23.566 [FXGL Background Thread 1 ] INFO  FXGLApplication      - FXGL initialization took: 0,369 sec
11:36:23.567 [JavaFX Application Thread] DEBUG FXGLAssetLoaderServi - Loading from file system: jar:file:/C:/Users/Koen/.m2/repository/com/github/almasb/fxgl/11.14/fxgl-11.14.jar!/fxglassets/textures/fxgl_icon.png
11:36:23.587 [JavaFX Application Thread] DEBUG FXGLAssetLoaderServi - Loading from file system: jar:file:/C:/Users/Koen/.m2/repository/com/github/almasb/fxgl/11.14/fxgl-11.14.jar!/fxglassets/ui/cursors/fxgl_default.png
11:36:23.598 [JavaFX Application Thread] DEBUG Input                - Registered new binding: Screenshot - P
11:36:23.598 [JavaFX Application Thread] DEBUG Input                - Registered new binding: System info dump - CTRL+9
11:36:23.599 [JavaFX Application Thread] DEBUG Input                - Registered new binding: Restart - CTRL+R
11:36:23.599 [JavaFX Application Thread] DEBUG Input                - Registered new binding: Toggle Debug Camera - CTRL+C
11:36:23.602 [JavaFX Application Thread] DEBUG LoopRunner           - Starting loop
11:36:23.602 [JavaFX Application Thread] DEBUG LoopRunner           - Initializing JavaFX AnimationTimerLoop
11:36:23.605 [JavaFX Application Thread] DEBUG Input                - Clearing active input actions
11:36:23.612 [JavaFX Application Thread] DEBUG GameApplicationServi - Removing overlay from FXGLStartupScene and adding to FXGLMainMenuDummyScene
11:36:23.612 [JavaFX Application Thread] DEBUG PrimaryStageWindow   - FXGLStartupScene -> FXGLMainMenuDummyScene
11:36:23.612 [JavaFX Application Thread] DEBUG PrimaryStageWindow   - Push state: FXGLDefaultMenu
11:36:23.618 [JavaFX Application Thread] DEBUG Input                - Clearing active input actions
11:36:23.631 [JavaFX Application Thread] DEBUG GameApplicationServi - Removing overlay from FXGLMainMenuDummyScene and adding to FXGLDefaultMenu
11:36:23.631 [JavaFX Application Thread] DEBUG PrimaryStageWindow   - FXGLMainMenuDummyScene -> FXGLDefaultMenu
11:36:23.634 [FXGL Background Thread 4 ] DEBUG FXGLAssetLoaderServi - Loading from file system: jar:file:/C:/Users/Koen/.m2/repository/com/github/almasb/fxgl/11.14/fxgl-11.14.jar!/fxglassets/ui/fonts/Abel-Regular.ttf
11:36:23.639 [FXGL Background Thread 4 ] DEBUG FXGLAssetLoaderServi - Loading from file system: jar:file:/C:/Users/Koen/.m2/repository/com/github/almasb/fxgl/11.14/fxgl-11.14.jar!/fxglassets/ui/fonts/lucida_console.ttf
11:36:23.647 [FXGL Background Thread 4 ] DEBUG FXGLAssetLoaderServi - Loading from file system: jar:file:/C:/Users/Koen/.m2/repository/com/github/almasb/fxgl/11.14/fxgl-11.14.jar!/fxglassets/ui/fonts/Courier-Prime.ttf
11:36:23.720 [JavaFX Application Thread] DEBUG FXGLApplication      - Registering font factories with UI factory
11:36:26.547 [FXGL Background Thread 3 ] DEBUG Engine               - Logging environment variables
11:36:26.547 [FXGL Background Thread 3 ] DEBUG Engine               - achievements: []
11:36:26.547 [FXGL Background Thread 3 ] DEBUG Engine               - actualHeight: 800.0
11:36:26.548 [FXGL Background Thread 3 ] DEBUG Engine               - actualHeightProperty: ReadOnlyDoubleProperty [value: 800.0]
11:36:26.548 [FXGL Background Thread 3 ] DEBUG Engine               - actualWidth: 480.0
11:36:26.548 [FXGL Background Thread 3 ] DEBUG Engine               - actualWidthProperty: ReadOnlyDoubleProperty [value: 480.0]
11:36:26.548 [FXGL Background Thread 3 ] DEBUG Engine               - appIcon: fxgl_icon.png
11:36:26.548 [FXGL Background Thread 3 ] DEBUG Engine               - applicationMode: DEVELOPER
11:36:26.548 [FXGL Background Thread 3 ] DEBUG Engine               - cSSList: [fxgl_dark.css]
11:36:26.548 [FXGL Background Thread 3 ] DEBUG Engine               - collisionDetectionStrategy: BRUTE_FORCE
11:36:26.548 [FXGL Background Thread 3 ] DEBUG Engine               - configClass: Optional.empty
11:36:26.548 [FXGL Background Thread 3 ] DEBUG Engine               - credits: []
11:36:26.548 [FXGL Background Thread 3 ] DEBUG Engine               - devBBoxColorProperty: ObjectProperty [value: 0xff0000ff]
11:36:26.549 [FXGL Background Thread 3 ] DEBUG Engine               - devEnableDebugCameraProperty: BooleanProperty [value: false]
11:36:26.549 [FXGL Background Thread 3 ] DEBUG Engine               - devSensorColorProperty: ObjectProperty [value: 0xffff00ff]
11:36:26.549 [FXGL Background Thread 3 ] DEBUG Engine               - devShowBBoxProperty: BooleanProperty [value: false]
11:36:26.549 [FXGL Background Thread 3 ] DEBUG Engine               - devShowPositionProperty: BooleanProperty [value: false]
11:36:26.549 [FXGL Background Thread 3 ] DEBUG Engine               - enabledMenuItems: []
11:36:26.549 [FXGL Background Thread 3 ] DEBUG Engine               - engineServices: [class com.almasb.fxgl.app.services.FXGLAssetLoaderService, class com.almasb.fxgl.app.FXGLApplication$GameApplicationService, class com.almasb.fxgl.app.services.FXGLDialogService, class com.almasb.fxgl.app.services.IOTaskExecutorService, class com.almasb.fxgl.event.EventBusService, class com.almasb.fxgl.io.FileSystemService, class com.almasb.fxgl.localization.LocalizationService, class com.almasb.fxgl.app.services.SystemBundleService, class com.almasb.fxgl.profile.SaveLoadService, class com.almasb.fxgl.ui.FXGLUIFactoryServiceProvider, class com.almasb.fxgl.ui.FXGLDialogFactoryServiceProvider, class com.almasb.fxgl.audio.AudioPlayer, class com.almasb.fxgl.notification.impl.NotificationServiceProvider, class com.almasb.fxgl.achievement.AchievementService, class com.almasb.fxgl.cutscene.CutsceneService, class com.almasb.fxgl.minigames.MiniGameService, class com.almasb.fxgl.net.NetService, class com.almasb.fxgl.app.services.UpdaterService, class com.almasb.fxgl.dev.DevService]
11:36:26.549 [FXGL Background Thread 3 ] DEBUG Engine               - fontGame: Abel-Regular.ttf
11:36:26.549 [FXGL Background Thread 3 ] DEBUG Engine               - fontMono: lucida_console.ttf
11:36:26.549 [FXGL Background Thread 3 ] DEBUG Engine               - fontText: Courier-Prime.ttf
11:36:26.550 [FXGL Background Thread 3 ] DEBUG Engine               - fontUI: VarelaRound-Regular.ttf
11:36:26.550 [FXGL Background Thread 3 ] DEBUG Engine               - fullScreen: BooleanProperty [value: false]
11:36:26.550 [FXGL Background Thread 3 ] DEBUG Engine               - gameDifficulty: MEDIUM
11:36:26.550 [FXGL Background Thread 3 ] DEBUG Engine               - gameDifficultyProperty: ObjectProperty [value: MEDIUM]
11:36:26.550 [FXGL Background Thread 3 ] DEBUG Engine               - globalMusicVolume: 0.5
11:36:26.550 [FXGL Background Thread 3 ] DEBUG Engine               - globalMusicVolumeProperty: DoubleProperty [value: 0.5]
11:36:26.550 [FXGL Background Thread 3 ] DEBUG Engine               - globalSoundVolume: 0.5
11:36:26.550 [FXGL Background Thread 3 ] DEBUG Engine               - globalSoundVolumeProperty: DoubleProperty [value: 0.5]
11:36:26.550 [FXGL Background Thread 3 ] DEBUG Engine               - height: 800
11:36:26.550 [FXGL Background Thread 3 ] DEBUG Engine               - isAndroid: false
11:36:26.551 [FXGL Background Thread 3 ] DEBUG Engine               - isBrowser: false
11:36:26.551 [FXGL Background Thread 3 ] DEBUG Engine               - isClickFeedbackEnabled: false
11:36:26.551 [FXGL Background Thread 3 ] DEBUG Engine               - isCloseConfirmation: false
11:36:26.551 [FXGL Background Thread 3 ] DEBUG Engine               - isDesktop: true
11:36:26.551 [FXGL Background Thread 3 ] DEBUG Engine               - isDeveloperMenuEnabled: false
11:36:26.551 [FXGL Background Thread 3 ] DEBUG Engine               - isEntityPreloadEnabled: true
11:36:26.551 [FXGL Background Thread 3 ] DEBUG Engine               - isExperimental3D: false
11:36:26.551 [FXGL Background Thread 3 ] DEBUG Engine               - isExperimentalNative: false
11:36:26.551 [FXGL Background Thread 3 ] DEBUG Engine               - isExperimentalTiledLargeMap: false
11:36:26.551 [FXGL Background Thread 3 ] DEBUG Engine               - isFileSystemWriteAllowed: true
11:36:26.551 [FXGL Background Thread 3 ] DEBUG Engine               - isFullScreenAllowed: false
11:36:26.551 [FXGL Background Thread 3 ] DEBUG Engine               - isFullScreenFromStart: false
11:36:26.551 [FXGL Background Thread 3 ] DEBUG Engine               - isGameMenuEnabled: true
11:36:26.552 [FXGL Background Thread 3 ] DEBUG Engine               - isIOS: false
11:36:26.552 [FXGL Background Thread 3 ] DEBUG Engine               - isIntroEnabled: false
11:36:26.552 [FXGL Background Thread 3 ] DEBUG Engine               - isLinux: false
11:36:26.552 [FXGL Background Thread 3 ] DEBUG Engine               - isMac: false
11:36:26.552 [FXGL Background Thread 3 ] DEBUG Engine               - isMainMenuEnabled: true
11:36:26.552 [FXGL Background Thread 3 ] DEBUG Engine               - isManualResizeEnabled: false
11:36:26.552 [FXGL Background Thread 3 ] DEBUG Engine               - isMobile: false
11:36:26.552 [FXGL Background Thread 3 ] DEBUG Engine               - isPreserveResizeRatio: false
11:36:26.552 [FXGL Background Thread 3 ] DEBUG Engine               - isProfilingEnabled: false
11:36:26.552 [FXGL Background Thread 3 ] DEBUG Engine               - isScaleAffectedOnResize: true
11:36:26.552 [FXGL Background Thread 3 ] DEBUG Engine               - isSingleStep: false
11:36:26.552 [FXGL Background Thread 3 ] DEBUG Engine               - isUserProfileEnabled: false
11:36:26.552 [FXGL Background Thread 3 ] DEBUG Engine               - isWindows: true
11:36:26.552 [FXGL Background Thread 3 ] DEBUG Engine               - language: ObjectProperty [value: ENGLISH]
11:36:26.552 [FXGL Background Thread 3 ] DEBUG Engine               - menuKey: ESCAPE
11:36:26.553 [FXGL Background Thread 3 ] DEBUG Engine               - notificationViewClass: class com.almasb.fxgl.notification.view.XboxNotificationView
11:36:26.553 [FXGL Background Thread 3 ] DEBUG Engine               - pixelsPerMeter: 50.0
11:36:26.553 [FXGL Background Thread 3 ] DEBUG Engine               - platform: WINDOWS
11:36:26.553 [FXGL Background Thread 3 ] DEBUG Engine               - prefHeightProperty: ReadOnlyDoubleProperty [value: 800.0]
11:36:26.553 [FXGL Background Thread 3 ] DEBUG Engine               - prefWidthProperty: ReadOnlyDoubleProperty [value: 480.0]
11:36:26.553 [FXGL Background Thread 3 ] DEBUG Engine               - profileDir: profiles/
11:36:26.553 [FXGL Background Thread 3 ] DEBUG Engine               - profileName: StringProperty [value: DEFAULT]
11:36:26.553 [FXGL Background Thread 3 ] DEBUG Engine               - randomSeed: -1
11:36:26.553 [FXGL Background Thread 3 ] DEBUG Engine               - runtimeInfo: RuntimeInfo(platform=WINDOWS, version=11.14, build=01.03.2021 16.59)
11:36:26.553 [FXGL Background Thread 3 ] DEBUG Engine               - saveFileExt: sav
11:36:26.554 [FXGL Background Thread 3 ] DEBUG Engine               - scaledHeightProp$fxgl: DoubleProperty [bound, value: 800.0]
11:36:26.554 [FXGL Background Thread 3 ] DEBUG Engine               - scaledWidthProp$fxgl: DoubleProperty [bound, value: 480.0]
11:36:26.554 [FXGL Background Thread 3 ] DEBUG Engine               - sceneFactory: com.almasb.fxgl.app.scene.SceneFactory@36eb1653
11:36:26.554 [FXGL Background Thread 3 ] DEBUG Engine               - secondsIn24h: 60
11:36:26.554 [FXGL Background Thread 3 ] DEBUG Engine               - soundMenuBack: menu/back.wav
11:36:26.554 [FXGL Background Thread 3 ] DEBUG Engine               - soundMenuPress: menu/press.wav
11:36:26.554 [FXGL Background Thread 3 ] DEBUG Engine               - soundMenuSelect: menu/select.wav
11:36:26.554 [FXGL Background Thread 3 ] DEBUG Engine               - soundNotification: core/notification.wav
11:36:26.554 [FXGL Background Thread 3 ] DEBUG Engine               - stageStyle: DECORATED
11:36:26.554 [FXGL Background Thread 3 ] DEBUG Engine               - supportedLanguages: [ENGLISH, FRENCH, GERMAN, HUNGARIAN, RUSSIAN]
11:36:26.555 [FXGL Background Thread 3 ] DEBUG Engine               - ticksPerSecond: -1
11:36:26.555 [FXGL Background Thread 3 ] DEBUG Engine               - title: Doodle Jump
11:36:26.555 [FXGL Background Thread 3 ] DEBUG Engine               - urlGithub: https://github.com/AlmasB/FXGL
11:36:26.555 [FXGL Background Thread 3 ] DEBUG Engine               - urlLeaderboard: http://fxgl-top.herokuapp.com/
11:36:26.555 [FXGL Background Thread 3 ] DEBUG Engine               - urlPOM: https://raw.githubusercontent.com/AlmasB/FXGL/release/README.md
11:36:26.555 [FXGL Background Thread 3 ] DEBUG Engine               - userAppClass: class sample.Main
11:36:26.555 [FXGL Background Thread 3 ] DEBUG Engine               - version: 0.1
11:36:26.555 [FXGL Background Thread 3 ] DEBUG Engine               - versionCheckDays: 7
11:36:26.555 [FXGL Background Thread 3 ] DEBUG Engine               - width: 480
11:36:26.555 [FXGL Background Thread 3 ] DEBUG Engine               - Logging services
11:36:26.555 [FXGL Background Thread 3 ] DEBUG Engine               - class com.almasb.fxgl.app.services.FXGLAssetLoaderService
11:36:26.555 [FXGL Background Thread 3 ] DEBUG Engine               - class com.almasb.fxgl.app.FXGLApplication$GameApplicationService
11:36:26.555 [FXGL Background Thread 3 ] DEBUG Engine               - class com.almasb.fxgl.app.services.FXGLDialogService
11:36:26.556 [FXGL Background Thread 3 ] DEBUG Engine               - class com.almasb.fxgl.app.services.IOTaskExecutorService
11:36:26.556 [FXGL Background Thread 3 ] DEBUG Engine               - class com.almasb.fxgl.event.EventBusService
11:36:26.556 [FXGL Background Thread 3 ] DEBUG Engine               - class com.almasb.fxgl.io.FileSystemService
11:36:26.556 [FXGL Background Thread 3 ] DEBUG Engine               - class com.almasb.fxgl.localization.LocalizationService
11:36:26.556 [FXGL Background Thread 3 ] DEBUG Engine               - class com.almasb.fxgl.app.services.SystemBundleService
11:36:26.556 [FXGL Background Thread 3 ] DEBUG Engine               - class com.almasb.fxgl.profile.SaveLoadService
11:36:26.556 [FXGL Background Thread 3 ] DEBUG Engine               - class com.almasb.fxgl.ui.FXGLUIFactoryServiceProvider
11:36:26.556 [FXGL Background Thread 3 ] DEBUG Engine               - class com.almasb.fxgl.ui.FXGLDialogFactoryServiceProvider
11:36:26.556 [FXGL Background Thread 3 ] DEBUG Engine               - class com.almasb.fxgl.audio.AudioPlayer
11:36:26.556 [FXGL Background Thread 3 ] DEBUG Engine               - class com.almasb.fxgl.notification.impl.NotificationServiceProvider
11:36:26.556 [FXGL Background Thread 3 ] DEBUG Engine               - class com.almasb.fxgl.achievement.AchievementService
11:36:26.556 [FXGL Background Thread 3 ] DEBUG Engine               - class com.almasb.fxgl.cutscene.CutsceneService
11:36:26.556 [FXGL Background Thread 3 ] DEBUG Engine               - class com.almasb.fxgl.minigames.MiniGameService
11:36:26.556 [FXGL Background Thread 3 ] DEBUG Engine               - class com.almasb.fxgl.net.NetService
11:36:26.556 [FXGL Background Thread 3 ] DEBUG Engine               - class com.almasb.fxgl.app.services.UpdaterService
11:36:26.556 [FXGL Background Thread 3 ] DEBUG Engine               - class com.almasb.fxgl.dev.DevService
11:36:29.062 [JavaFX Application Thread] DEBUG Menu                 - fireNewGame()
11:36:29.062 [JavaFX Application Thread] DEBUG GameApplicationServi - Starting new game
11:36:29.063 [JavaFX Application Thread] DEBUG PrimaryStageWindow   - Pop state: FXGLDefaultMenu
11:36:29.063 [JavaFX Application Thread] DEBUG Input                - Clearing active input actions
11:36:29.063 [JavaFX Application Thread] DEBUG GameApplicationServi - Removing overlay from FXGLDefaultMenu and adding to FXGLMainMenuDummyScene
11:36:29.064 [JavaFX Application Thread] DEBUG PrimaryStageWindow   - FXGLMainMenuDummyScene <- FXGLDefaultMenu
11:36:29.064 [JavaFX Application Thread] DEBUG Input                - Clearing active input actions
11:36:29.070 [JavaFX Application Thread] DEBUG GameApplicationServi - Removing overlay from FXGLMainMenuDummyScene and adding to FXGLLoadingScene
11:36:29.071 [JavaFX Application Thread] DEBUG PrimaryStageWindow   - FXGLMainMenuDummyScene -> FXGLLoadingScene
11:36:29.071 [JavaFX Application Thread] DEBUG GameApplicationServi - Clearing previous game
11:36:29.071 [JavaFX Application Thread] DEBUG GameScene            - Clearing game scene
11:36:29.071 [JavaFX Application Thread] DEBUG GameWorld            - Clearing game world
11:36:29.071 [JavaFX Application Thread] DEBUG PhysicsWorld         - Clearing physics world
11:36:29.072 [FXGL Background Thread 2 ] DEBUG FXGLApplication      - Initializing game
11:36:29.073 [FXGL Background Thread 2 ] INFO  FXGLApplication      - Game initialization took: 0,001 sec
11:36:29.085 [JavaFX Application Thread] DEBUG Input                - Clearing active input actions
11:36:29.090 [JavaFX Application Thread] DEBUG GameApplicationServi - Removing overlay from FXGLLoadingScene and adding to GameScene
11:36:29.090 [JavaFX Application Thread] DEBUG PrimaryStageWindow   - FXGLLoadingScene -> GameScene
11:36:31.215 [JavaFX Application Thread] DEBUG FXGLApplication      - Exiting FXGL
11:36:31.216 [JavaFX Application Thread] DEBUG LoopRunner           - Stopping loop
11:36:31.216 [JavaFX Application Thread] DEBUG SystemBundleService  - Saving FXGL system data
11:36:31.217 [JavaFX Application Thread] DEBUG FileSystemAccess     - Writing to: C:\Users\Koen\IdeaProjects\ipose-game\system\fxgl.bundle
11:36:31.218 [JavaFX Application Thread] DEBUG Async                - Shutting down background threads
11:36:31.219 [JavaFX Application Thread] DEBUG PrimaryStageWindow   - Closing main window
11:36:31.233 [JavaFX Application Thread] DEBUG Logger               - Closing Logger
