13:34:25.927 [main                     ] DEBUG Logger               - Configured Logger
13:34:25.942 [main                     ] DEBUG GameApplication      - Logging settings
Title: Doodle Jump
Version: 0.1
Width: 480
Height: 800
Fullscreen: false
Intro: false
Profiling: false
Single step:false
App Mode: DEVELOPER
Menu Key: ESCAPE
Stage Style: DECORATED
Scene Factory: class com.almasb.fxgl.app.scene.SceneFactory

13:34:26.377 [JavaFX Application Thread] DEBUG FXGLApplication      - Initializing FXGL
13:34:26.380 [JavaFX Application Thread] INFO  Engine               - FXGL-11.14 (01.03.2021 16.59) on WINDOWS (J:14.0.2 FX:15)
13:34:26.380 [JavaFX Application Thread] DEBUG Engine               - JRE Vendor Name: Oracle Corporation
13:34:26.381 [JavaFX Application Thread] DEBUG Engine               - Running on OS: Windows 10 version 10.0
13:34:26.381 [JavaFX Application Thread] DEBUG Engine               - Architecture: amd64
13:34:26.381 [JavaFX Application Thread] INFO  Engine               - Source code and latest versions at: https://github.com/AlmasB/FXGL
13:34:26.381 [JavaFX Application Thread] INFO  Engine               -              Join the FXGL chat at: https://gitter.im/AlmasB/FXGL
13:34:26.492 [JavaFX Application Thread] DEBUG PrimaryStageWindow   - Creating a JavaFX scene
13:34:26.541 [JavaFX Application Thread] DEBUG PrimaryStageWindow   - Target settings size: 480.0 x 800.0
13:34:26.541 [JavaFX Application Thread] DEBUG PrimaryStageWindow   - Scaled scene size:    480.0 x 800.0
13:34:26.542 [JavaFX Application Thread] DEBUG PrimaryStageWindow   - Scaled ratio: (1.0, 1.0)
13:34:26.543 [JavaFX Application Thread] DEBUG PrimaryStageWindow   - Set initial scene to FXGLStartupScene
13:34:26.550 [JavaFX Application Thread] DEBUG PrimaryStageWindow   - Opening main window
13:34:26.638 [JavaFX Application Thread] DEBUG PrimaryStageWindow   - Window border size: (16.0, 39.0)
13:34:26.639 [JavaFX Application Thread] DEBUG PrimaryStageWindow   - Scaled size: 480.0 x 800.0
13:34:26.639 [JavaFX Application Thread] DEBUG PrimaryStageWindow   - Scaled ratio: (1.0, 1.0)
13:34:26.639 [JavaFX Application Thread] DEBUG PrimaryStageWindow   - Scene size: 480.0 x 800.0
13:34:26.639 [JavaFX Application Thread] DEBUG PrimaryStageWindow   - Stage size: 496.0 x 839.0
13:34:26.645 [FXGL Background Thread 1 ] DEBUG Engine               - Initializing environment variables
13:34:26.682 [FXGL Background Thread 1 ] DEBUG FXGLAssetLoaderServi - User app class for loading assets: class sample.Main
13:34:26.682 [FXGL Background Thread 1 ] DEBUG GameApplicationServi - Applying CSS: fxgl_dark.css
13:34:26.683 [FXGL Background Thread 1 ] DEBUG FXGLAssetLoaderServi - Loading from file system: jar:file:/C:/Users/Koen/.m2/repository/com/github/almasb/fxgl/11.14/fxgl-11.14.jar!/fxglassets/ui/css/fxgl_dark.css
13:34:26.721 [FXGL Background Thread 1 ] DEBUG GameApplicationServi - Initializing application scenes
13:34:26.753 [FXGL Background Thread 1 ] DEBUG GameWorld            - Game world initialized
13:34:26.804 [FXGL Background Thread 1 ] DEBUG PhysicsWorld         - Physics world initialized: appHeight=800, physics.ppm=50,0
13:34:26.805 [FXGL Background Thread 1 ] DEBUG PhysicsWorld         - Using strategy: BRUTE_FORCE
13:34:26.808 [FXGL Background Thread 1 ] DEBUG GameScene            - Game scene initialized: 480x800
13:34:26.808 [FXGL Background Thread 1 ] DEBUG GameApplicationServi - Application scenes initialized
13:34:26.833 [FXGL Background Thread 1 ] DEBUG SystemBundleService  - Loading FXGL system data
13:34:26.836 [FXGL Background Thread 1 ] DEBUG FileSystemAccess     - Reading from: C:\Users\Koen\IdeaProjects\ipose-game\system\fxgl.bundle
13:34:26.842 [FXGL Background Thread 1 ] DEBUG SystemBundleService  - Bundle FXGL: {}
13:34:26.842 [FXGL Background Thread 1 ] DEBUG UpdaterService       - Checking for updates
13:34:26.873 [FXGL Background Thread 4 ] DEBUG FXGLApplication      - Loading fonts
13:34:26.873 [FXGL Background Thread 1 ] DEBUG FXGLApplication      - Loading default localization
13:34:26.874 [FXGL Background Thread 4 ] DEBUG FXGLAssetLoaderServi - Loading from file system: jar:file:/C:/Users/Koen/.m2/repository/com/github/almasb/fxgl/11.14/fxgl-11.14.jar!/fxglassets/ui/fonts/VarelaRound-Regular.ttf
13:34:26.874 [FXGL Background Thread 1 ] DEBUG FXGLAssetLoaderServi - Loading from file system: jar:file:/C:/Users/Koen/.m2/repository/com/github/almasb/fxgl/11.14/fxgl-11.14.jar!/fxglassets/languages/english.lang
13:34:26.888 [FXGL Background Thread 1 ] INFO  FXGLApplication      - FXGL initialization took: 0,243 sec
13:34:26.900 [JavaFX Application Thread] DEBUG Input                - Registered new binding: Left - A
13:34:26.901 [JavaFX Application Thread] DEBUG Input                - Registered new binding: Right - D
13:34:26.901 [JavaFX Application Thread] DEBUG Input                - Registered new binding: Up - W
13:34:26.902 [JavaFX Application Thread] DEBUG FXGLAssetLoaderServi - Loading from file system: jar:file:/C:/Users/Koen/.m2/repository/com/github/almasb/fxgl/11.14/fxgl-11.14.jar!/fxglassets/textures/fxgl_icon.png
13:34:26.954 [JavaFX Application Thread] DEBUG FXGLAssetLoaderServi - Loading from file system: jar:file:/C:/Users/Koen/.m2/repository/com/github/almasb/fxgl/11.14/fxgl-11.14.jar!/fxglassets/ui/cursors/fxgl_default.png
13:34:26.958 [JavaFX Application Thread] DEBUG Input                - Registered new binding: Screenshot - P
13:34:26.959 [JavaFX Application Thread] DEBUG Input                - Registered new binding: Dev Options - 1
13:34:26.959 [JavaFX Application Thread] DEBUG Input                - Registered new binding: Dev Console - 2
13:34:26.960 [JavaFX Application Thread] DEBUG Input                - Registered new binding: System info dump - CTRL+9
13:34:26.961 [JavaFX Application Thread] DEBUG Input                - Registered new binding: Restart - CTRL+R
13:34:26.962 [JavaFX Application Thread] DEBUG Input                - Registered new binding: Toggle Debug Camera - CTRL+C
13:34:26.965 [FXGL Background Thread 4 ] DEBUG FXGLAssetLoaderServi - Loading from file system: jar:file:/C:/Users/Koen/.m2/repository/com/github/almasb/fxgl/11.14/fxgl-11.14.jar!/fxglassets/ui/fonts/Abel-Regular.ttf
13:34:26.967 [JavaFX Application Thread] DEBUG LoopRunner           - Starting loop
13:34:26.970 [FXGL Background Thread 4 ] DEBUG FXGLAssetLoaderServi - Loading from file system: jar:file:/C:/Users/Koen/.m2/repository/com/github/almasb/fxgl/11.14/fxgl-11.14.jar!/fxglassets/ui/fonts/lucida_console.ttf
13:34:26.985 [JavaFX Application Thread] DEBUG LoopRunner           - Initializing JavaFX AnimationTimerLoop
13:34:26.986 [JavaFX Application Thread] DEBUG GameApplicationServi - Starting new game
13:34:26.987 [JavaFX Application Thread] DEBUG Input                - Clearing active input actions
13:34:26.990 [FXGL Background Thread 4 ] DEBUG FXGLAssetLoaderServi - Loading from file system: jar:file:/C:/Users/Koen/.m2/repository/com/github/almasb/fxgl/11.14/fxgl-11.14.jar!/fxglassets/ui/fonts/Courier-Prime.ttf
13:34:26.998 [JavaFX Application Thread] DEBUG GameApplicationServi - Removing overlay from FXGLStartupScene and adding to FXGLLoadingScene
13:34:27.002 [JavaFX Application Thread] DEBUG PrimaryStageWindow   - FXGLStartupScene -> FXGLLoadingScene
13:34:27.003 [JavaFX Application Thread] DEBUG GameApplicationServi - Clearing previous game
13:34:27.003 [JavaFX Application Thread] DEBUG GameScene            - Clearing game scene
13:34:27.003 [JavaFX Application Thread] DEBUG GameWorld            - Clearing game world
13:34:27.003 [JavaFX Application Thread] DEBUG PhysicsWorld         - Clearing physics world
13:34:27.005 [FXGL Background Thread 4 ] DEBUG FXGLApplication      - Initializing game
13:34:27.012 [FXGL Background Thread 4 ] DEBUG FXGLAssetLoaderServi - Loading from file system: file:/C:/Users/Koen/IdeaProjects/ipose-game/target/classes/assets/textures/Platform.png
13:34:27.117 [FXGL Background Thread 4 ] DEBUG FXGLAssetLoaderServi - Loading from file system: file:/C:/Users/Koen/IdeaProjects/ipose-game/target/classes/assets/textures/Doodler.png
13:34:27.127 [FXGL Background Thread 4 ] DEBUG FXGLAssetLoaderServi - Loading from file system: file:/C:/Users/Koen/IdeaProjects/ipose-game/target/classes/assets/textures/background.png
13:34:27.186 [FXGL Background Thread 4 ] INFO  FXGLApplication      - Game initialization took: 0,180 sec
13:34:27.223 [JavaFX Application Thread] DEBUG FXGLApplication      - Registering font factories with UI factory
13:34:27.233 [JavaFX Application Thread] DEBUG Input                - Clearing active input actions
13:34:27.245 [JavaFX Application Thread] DEBUG GameApplicationServi - Removing overlay from FXGLLoadingScene and adding to GameScene
13:34:27.249 [JavaFX Application Thread] DEBUG PrimaryStageWindow   - FXGLLoadingScene -> GameScene
13:34:29.872 [FXGL Background Thread 3 ] DEBUG Engine               - Logging environment variables
13:34:29.872 [FXGL Background Thread 3 ] DEBUG Engine               - achievements: []
13:34:29.872 [FXGL Background Thread 3 ] DEBUG Engine               - actualHeight: 800.0
13:34:29.872 [FXGL Background Thread 3 ] DEBUG Engine               - actualHeightProperty: ReadOnlyDoubleProperty [value: 800.0]
13:34:29.872 [FXGL Background Thread 3 ] DEBUG Engine               - actualWidth: 480.0
13:34:29.873 [FXGL Background Thread 3 ] DEBUG Engine               - actualWidthProperty: ReadOnlyDoubleProperty [value: 480.0]
13:34:29.873 [FXGL Background Thread 3 ] DEBUG Engine               - appIcon: fxgl_icon.png
13:34:29.873 [FXGL Background Thread 3 ] DEBUG Engine               - applicationMode: DEVELOPER
13:34:29.873 [FXGL Background Thread 3 ] DEBUG Engine               - cSSList: [fxgl_dark.css]
13:34:29.873 [FXGL Background Thread 3 ] DEBUG Engine               - collisionDetectionStrategy: BRUTE_FORCE
13:34:29.873 [FXGL Background Thread 3 ] DEBUG Engine               - configClass: Optional.empty
13:34:29.873 [FXGL Background Thread 3 ] DEBUG Engine               - credits: []
13:34:29.873 [FXGL Background Thread 3 ] DEBUG Engine               - devBBoxColorProperty: ObjectProperty [value: 0xff0000ff]
13:34:29.874 [FXGL Background Thread 3 ] DEBUG Engine               - devEnableDebugCameraProperty: BooleanProperty [value: false]
13:34:29.874 [FXGL Background Thread 3 ] DEBUG Engine               - devSensorColorProperty: ObjectProperty [value: 0xffff00ff]
13:34:29.874 [FXGL Background Thread 3 ] DEBUG Engine               - devShowBBoxProperty: BooleanProperty [value: false]
13:34:29.874 [FXGL Background Thread 3 ] DEBUG Engine               - devShowPositionProperty: BooleanProperty [value: false]
13:34:29.874 [FXGL Background Thread 3 ] DEBUG Engine               - enabledMenuItems: []
13:34:29.874 [FXGL Background Thread 3 ] DEBUG Engine               - engineServices: [class com.almasb.fxgl.app.services.FXGLAssetLoaderService, class com.almasb.fxgl.app.FXGLApplication$GameApplicationService, class com.almasb.fxgl.app.services.FXGLDialogService, class com.almasb.fxgl.app.services.IOTaskExecutorService, class com.almasb.fxgl.event.EventBusService, class com.almasb.fxgl.io.FileSystemService, class com.almasb.fxgl.localization.LocalizationService, class com.almasb.fxgl.app.services.SystemBundleService, class com.almasb.fxgl.profile.SaveLoadService, class com.almasb.fxgl.ui.FXGLUIFactoryServiceProvider, class com.almasb.fxgl.ui.FXGLDialogFactoryServiceProvider, class com.almasb.fxgl.audio.AudioPlayer, class com.almasb.fxgl.notification.impl.NotificationServiceProvider, class com.almasb.fxgl.achievement.AchievementService, class com.almasb.fxgl.cutscene.CutsceneService, class com.almasb.fxgl.minigames.MiniGameService, class com.almasb.fxgl.net.NetService, class com.almasb.fxgl.app.services.UpdaterService, class com.almasb.fxgl.dev.DevService]
13:34:29.874 [FXGL Background Thread 3 ] DEBUG Engine               - fontGame: Abel-Regular.ttf
13:34:29.874 [FXGL Background Thread 3 ] DEBUG Engine               - fontMono: lucida_console.ttf
13:34:29.874 [FXGL Background Thread 3 ] DEBUG Engine               - fontText: Courier-Prime.ttf
13:34:29.875 [FXGL Background Thread 3 ] DEBUG Engine               - fontUI: VarelaRound-Regular.ttf
13:34:29.875 [FXGL Background Thread 3 ] DEBUG Engine               - fullScreen: BooleanProperty [value: false]
13:34:29.875 [FXGL Background Thread 3 ] DEBUG Engine               - gameDifficulty: MEDIUM
13:34:29.875 [FXGL Background Thread 3 ] DEBUG Engine               - gameDifficultyProperty: ObjectProperty [value: MEDIUM]
13:34:29.875 [FXGL Background Thread 3 ] DEBUG Engine               - globalMusicVolume: 0.5
13:34:29.875 [FXGL Background Thread 3 ] DEBUG Engine               - globalMusicVolumeProperty: DoubleProperty [value: 0.5]
13:34:29.875 [FXGL Background Thread 3 ] DEBUG Engine               - globalSoundVolume: 0.5
13:34:29.875 [FXGL Background Thread 3 ] DEBUG Engine               - globalSoundVolumeProperty: DoubleProperty [value: 0.5]
13:34:29.875 [FXGL Background Thread 3 ] DEBUG Engine               - height: 800
13:34:29.875 [FXGL Background Thread 3 ] DEBUG Engine               - isAndroid: false
13:34:29.876 [FXGL Background Thread 3 ] DEBUG Engine               - isBrowser: false
13:34:29.876 [FXGL Background Thread 3 ] DEBUG Engine               - isClickFeedbackEnabled: false
13:34:29.876 [FXGL Background Thread 3 ] DEBUG Engine               - isCloseConfirmation: false
13:34:29.876 [FXGL Background Thread 3 ] DEBUG Engine               - isDesktop: true
13:34:29.876 [FXGL Background Thread 3 ] DEBUG Engine               - isDeveloperMenuEnabled: true
13:34:29.876 [FXGL Background Thread 3 ] DEBUG Engine               - isEntityPreloadEnabled: true
13:34:29.876 [FXGL Background Thread 3 ] DEBUG Engine               - isExperimental3D: false
13:34:29.876 [FXGL Background Thread 3 ] DEBUG Engine               - isExperimentalNative: false
13:34:29.876 [FXGL Background Thread 3 ] DEBUG Engine               - isExperimentalTiledLargeMap: false
13:34:29.876 [FXGL Background Thread 3 ] DEBUG Engine               - isFileSystemWriteAllowed: true
13:34:29.876 [FXGL Background Thread 3 ] DEBUG Engine               - isFullScreenAllowed: false
13:34:29.876 [FXGL Background Thread 3 ] DEBUG Engine               - isFullScreenFromStart: false
13:34:29.877 [FXGL Background Thread 3 ] DEBUG Engine               - isGameMenuEnabled: false
13:34:29.877 [FXGL Background Thread 3 ] DEBUG Engine               - isIOS: false
13:34:29.877 [FXGL Background Thread 3 ] DEBUG Engine               - isIntroEnabled: false
13:34:29.877 [FXGL Background Thread 3 ] DEBUG Engine               - isLinux: false
13:34:29.877 [FXGL Background Thread 3 ] DEBUG Engine               - isMac: false
13:34:29.877 [FXGL Background Thread 3 ] DEBUG Engine               - isMainMenuEnabled: false
13:34:29.877 [FXGL Background Thread 3 ] DEBUG Engine               - isManualResizeEnabled: false
13:34:29.877 [FXGL Background Thread 3 ] DEBUG Engine               - isMobile: false
13:34:29.877 [FXGL Background Thread 3 ] DEBUG Engine               - isPreserveResizeRatio: false
13:34:29.877 [FXGL Background Thread 3 ] DEBUG Engine               - isProfilingEnabled: false
13:34:29.877 [FXGL Background Thread 3 ] DEBUG Engine               - isScaleAffectedOnResize: true
13:34:29.877 [FXGL Background Thread 3 ] DEBUG Engine               - isSingleStep: false
13:34:29.878 [FXGL Background Thread 3 ] DEBUG Engine               - isUserProfileEnabled: false
13:34:29.878 [FXGL Background Thread 3 ] DEBUG Engine               - isWindows: true
13:34:29.878 [FXGL Background Thread 3 ] DEBUG Engine               - language: ObjectProperty [value: ENGLISH]
13:34:29.878 [FXGL Background Thread 3 ] DEBUG Engine               - menuKey: ESCAPE
13:34:29.878 [FXGL Background Thread 3 ] DEBUG Engine               - notificationViewClass: class com.almasb.fxgl.notification.view.XboxNotificationView
13:34:29.878 [FXGL Background Thread 3 ] DEBUG Engine               - pixelsPerMeter: 50.0
13:34:29.878 [FXGL Background Thread 3 ] DEBUG Engine               - platform: WINDOWS
13:34:29.878 [FXGL Background Thread 3 ] DEBUG Engine               - prefHeightProperty: ReadOnlyDoubleProperty [value: 800.0]
13:34:29.878 [FXGL Background Thread 3 ] DEBUG Engine               - prefWidthProperty: ReadOnlyDoubleProperty [value: 480.0]
13:34:29.878 [FXGL Background Thread 3 ] DEBUG Engine               - profileDir: profiles/
13:34:29.878 [FXGL Background Thread 3 ] DEBUG Engine               - profileName: StringProperty [value: DEFAULT]
13:34:29.878 [FXGL Background Thread 3 ] DEBUG Engine               - randomSeed: -1
13:34:29.878 [FXGL Background Thread 3 ] DEBUG Engine               - runtimeInfo: RuntimeInfo(platform=WINDOWS, version=11.14, build=01.03.2021 16.59)
13:34:29.879 [FXGL Background Thread 3 ] DEBUG Engine               - saveFileExt: sav
13:34:29.879 [FXGL Background Thread 3 ] DEBUG Engine               - scaledHeightProp$fxgl: DoubleProperty [bound, value: 800.0]
13:34:29.879 [FXGL Background Thread 3 ] DEBUG Engine               - scaledWidthProp$fxgl: DoubleProperty [bound, value: 480.0]
13:34:29.879 [FXGL Background Thread 3 ] DEBUG Engine               - sceneFactory: com.almasb.fxgl.app.scene.SceneFactory@3e30aa8f
13:34:29.879 [FXGL Background Thread 3 ] DEBUG Engine               - secondsIn24h: 60
13:34:29.879 [FXGL Background Thread 3 ] DEBUG Engine               - soundMenuBack: menu/back.wav
13:34:29.879 [FXGL Background Thread 3 ] DEBUG Engine               - soundMenuPress: menu/press.wav
13:34:29.879 [FXGL Background Thread 3 ] DEBUG Engine               - soundMenuSelect: menu/select.wav
13:34:29.879 [FXGL Background Thread 3 ] DEBUG Engine               - soundNotification: core/notification.wav
13:34:29.879 [FXGL Background Thread 3 ] DEBUG Engine               - stageStyle: DECORATED
13:34:29.879 [FXGL Background Thread 3 ] DEBUG Engine               - supportedLanguages: [ENGLISH, FRENCH, GERMAN, HUNGARIAN, RUSSIAN]
13:34:29.879 [FXGL Background Thread 3 ] DEBUG Engine               - ticksPerSecond: -1
13:34:29.879 [FXGL Background Thread 3 ] DEBUG Engine               - title: Doodle Jump
13:34:29.879 [FXGL Background Thread 3 ] DEBUG Engine               - urlGithub: https://github.com/AlmasB/FXGL
13:34:29.879 [FXGL Background Thread 3 ] DEBUG Engine               - urlLeaderboard: http://fxgl-top.herokuapp.com/
13:34:29.880 [FXGL Background Thread 3 ] DEBUG Engine               - urlPOM: https://raw.githubusercontent.com/AlmasB/FXGL/release/README.md
13:34:29.880 [FXGL Background Thread 3 ] DEBUG Engine               - userAppClass: class sample.Main
13:34:29.880 [FXGL Background Thread 3 ] DEBUG Engine               - version: 0.1
13:34:29.880 [FXGL Background Thread 3 ] DEBUG Engine               - versionCheckDays: 7
13:34:29.880 [FXGL Background Thread 3 ] DEBUG Engine               - width: 480
13:34:29.880 [FXGL Background Thread 3 ] DEBUG Engine               - Logging services
13:34:29.880 [FXGL Background Thread 3 ] DEBUG Engine               - class com.almasb.fxgl.app.services.FXGLAssetLoaderService
13:34:29.880 [FXGL Background Thread 3 ] DEBUG Engine               - class com.almasb.fxgl.app.FXGLApplication$GameApplicationService
13:34:29.880 [FXGL Background Thread 3 ] DEBUG Engine               - class com.almasb.fxgl.app.services.FXGLDialogService
13:34:29.880 [FXGL Background Thread 3 ] DEBUG Engine               - class com.almasb.fxgl.app.services.IOTaskExecutorService
13:34:29.880 [FXGL Background Thread 3 ] DEBUG Engine               - class com.almasb.fxgl.event.EventBusService
13:34:29.880 [FXGL Background Thread 3 ] DEBUG Engine               - class com.almasb.fxgl.io.FileSystemService
13:34:29.880 [FXGL Background Thread 3 ] DEBUG Engine               - class com.almasb.fxgl.localization.LocalizationService
13:34:29.880 [FXGL Background Thread 3 ] DEBUG Engine               - class com.almasb.fxgl.app.services.SystemBundleService
13:34:29.881 [FXGL Background Thread 3 ] DEBUG Engine               - class com.almasb.fxgl.profile.SaveLoadService
13:34:29.881 [FXGL Background Thread 3 ] DEBUG Engine               - class com.almasb.fxgl.ui.FXGLUIFactoryServiceProvider
13:34:29.881 [FXGL Background Thread 3 ] DEBUG Engine               - class com.almasb.fxgl.ui.FXGLDialogFactoryServiceProvider
13:34:29.881 [FXGL Background Thread 3 ] DEBUG Engine               - class com.almasb.fxgl.audio.AudioPlayer
13:34:29.881 [FXGL Background Thread 3 ] DEBUG Engine               - class com.almasb.fxgl.notification.impl.NotificationServiceProvider
13:34:29.881 [FXGL Background Thread 3 ] DEBUG Engine               - class com.almasb.fxgl.achievement.AchievementService
13:34:29.881 [FXGL Background Thread 3 ] DEBUG Engine               - class com.almasb.fxgl.cutscene.CutsceneService
13:34:29.881 [FXGL Background Thread 3 ] DEBUG Engine               - class com.almasb.fxgl.minigames.MiniGameService
13:34:29.881 [FXGL Background Thread 3 ] DEBUG Engine               - class com.almasb.fxgl.net.NetService
13:34:29.881 [FXGL Background Thread 3 ] DEBUG Engine               - class com.almasb.fxgl.app.services.UpdaterService
13:34:29.881 [FXGL Background Thread 3 ] DEBUG Engine               - class com.almasb.fxgl.dev.DevService
13:34:33.601 [JavaFX Application Thread] DEBUG FXGLApplication      - Exiting FXGL
13:34:33.601 [JavaFX Application Thread] DEBUG LoopRunner           - Stopping loop
13:34:33.602 [JavaFX Application Thread] DEBUG SystemBundleService  - Saving FXGL system data
13:34:33.603 [JavaFX Application Thread] DEBUG FileSystemAccess     - Writing to: C:\Users\Koen\IdeaProjects\ipose-game\system\fxgl.bundle
13:34:33.604 [JavaFX Application Thread] DEBUG Async                - Shutting down background threads
13:34:33.605 [JavaFX Application Thread] DEBUG PrimaryStageWindow   - Closing main window
13:34:33.618 [JavaFX Application Thread] DEBUG Logger               - Closing Logger
