10:45:25.689 [main                     ] DEBUG Logger               - Configured Logger
10:45:25.709 [main                     ] DEBUG GameApplication      - Logging settings
Title: Basic Game App
Version: 0.0
Width: 800
Height: 600
Fullscreen: false
Intro: false
Profiling: false
Single step:false
App Mode: DEVELOPER
Menu Key: ESCAPE
Stage Style: DECORATED
Scene Factory: class com.almasb.fxgl.app.scene.SceneFactory

10:45:26.232 [JavaFX Application Thread] DEBUG FXGLApplication      - Initializing FXGL
10:45:26.235 [JavaFX Application Thread] INFO  Engine               - FXGL-11.14 (01.03.2021 16.59) on WINDOWS (J:14.0.2 FX:15)
10:45:26.235 [JavaFX Application Thread] DEBUG Engine               - JRE Vendor Name: Oracle Corporation
10:45:26.235 [JavaFX Application Thread] DEBUG Engine               - Running on OS: Windows 10 version 10.0
10:45:26.236 [JavaFX Application Thread] DEBUG Engine               - Architecture: amd64
10:45:26.236 [JavaFX Application Thread] INFO  Engine               - Source code and latest versions at: https://github.com/AlmasB/FXGL
10:45:26.236 [JavaFX Application Thread] INFO  Engine               -              Join the FXGL chat at: https://gitter.im/AlmasB/FXGL
10:45:26.352 [JavaFX Application Thread] DEBUG PrimaryStageWindow   - Creating a JavaFX scene
10:45:26.402 [JavaFX Application Thread] DEBUG PrimaryStageWindow   - Target settings size: 800.0 x 600.0
10:45:26.402 [JavaFX Application Thread] DEBUG PrimaryStageWindow   - Scaled scene size:    800.0 x 600.0
10:45:26.402 [JavaFX Application Thread] DEBUG PrimaryStageWindow   - Scaled ratio: (1.0, 1.0)
10:45:26.404 [JavaFX Application Thread] DEBUG PrimaryStageWindow   - Set initial scene to FXGLStartupScene
10:45:26.411 [JavaFX Application Thread] DEBUG PrimaryStageWindow   - Opening main window
10:45:26.503 [JavaFX Application Thread] DEBUG PrimaryStageWindow   - Window border size: (16.0, 39.0)
10:45:26.503 [JavaFX Application Thread] DEBUG PrimaryStageWindow   - Scaled size: 800.0 x 600.0
10:45:26.503 [JavaFX Application Thread] DEBUG PrimaryStageWindow   - Scaled ratio: (1.0, 1.0)
10:45:26.504 [JavaFX Application Thread] DEBUG PrimaryStageWindow   - Scene size: 800.0 x 600.0
10:45:26.504 [JavaFX Application Thread] DEBUG PrimaryStageWindow   - Stage size: 816.0 x 639.0
10:45:26.511 [FXGL Background Thread 1 ] DEBUG Engine               - Initializing environment variables
10:45:26.552 [FXGL Background Thread 1 ] DEBUG FXGLAssetLoaderServi - User app class for loading assets: class sample.Main
10:45:26.552 [FXGL Background Thread 1 ] DEBUG GameApplicationServi - Applying CSS: fxgl_dark.css
10:45:26.553 [FXGL Background Thread 1 ] DEBUG FXGLAssetLoaderServi - Loading from file system: jar:file:/C:/Users/Koen/.m2/repository/com/github/almasb/fxgl/11.14/fxgl-11.14.jar!/fxglassets/ui/css/fxgl_dark.css
10:45:26.599 [FXGL Background Thread 1 ] DEBUG GameApplicationServi - Initializing application scenes
10:45:26.634 [FXGL Background Thread 1 ] DEBUG GameWorld            - Game world initialized
10:45:26.696 [FXGL Background Thread 1 ] DEBUG PhysicsWorld         - Physics world initialized: appHeight=600, physics.ppm=50,0
10:45:26.696 [FXGL Background Thread 1 ] DEBUG PhysicsWorld         - Using strategy: BRUTE_FORCE
10:45:26.699 [FXGL Background Thread 1 ] DEBUG GameScene            - Game scene initialized: 800x600
10:45:26.737 [FXGL Background Thread 1 ] DEBUG FXGLAssetLoaderServi - Loading from file system: jar:file:/C:/Users/Koen/.m2/repository/com/github/almasb/fxgl/11.14/fxgl-11.14.jar!/fxglassets/textures/particles/trace_horizontal.png
10:45:26.791 [FXGL Background Thread 1 ] DEBUG FXGL.DefaultMenu     - createMenuBodyGameMenu()
10:45:26.806 [FXGL Background Thread 1 ] DEBUG FXGL.DefaultMenu     - createOptionsMenu()
10:45:26.814 [FXGL Background Thread 1 ] DEBUG FXGLAssetLoaderServi - Loading from file system: jar:file:/C:/Users/Koen/.m2/repository/com/github/almasb/fxgl/11.14/fxgl-11.14.jar!/fxglassets/textures/particles/smoke.png
10:45:26.867 [FXGL Background Thread 1 ] DEBUG GameApplicationServi - Application scenes initialized
10:45:26.883 [FXGL Background Thread 1 ] DEBUG SystemBundleService  - Loading default FXGL system data
10:45:26.884 [FXGL Background Thread 1 ] DEBUG UpdaterService       - Checking for updates
10:45:26.889 [FXGL Background Thread 4 ] DEBUG FXGLApplication      - Loading fonts
10:45:26.889 [FXGL Background Thread 1 ] DEBUG FXGLApplication      - Loading default localization
10:45:26.890 [FXGL Background Thread 4 ] DEBUG FXGLAssetLoaderServi - Loading from file system: jar:file:/C:/Users/Koen/.m2/repository/com/github/almasb/fxgl/11.14/fxgl-11.14.jar!/fxglassets/ui/fonts/VarelaRound-Regular.ttf
10:45:26.890 [FXGL Background Thread 1 ] DEBUG FXGLAssetLoaderServi - Loading from file system: jar:file:/C:/Users/Koen/.m2/repository/com/github/almasb/fxgl/11.14/fxgl-11.14.jar!/fxglassets/languages/english.lang
10:45:26.906 [FXGL Background Thread 1 ] INFO  FXGLApplication      - FXGL initialization took: 0,395 sec
10:45:26.908 [JavaFX Application Thread] DEBUG FXGLAssetLoaderServi - Loading from file system: jar:file:/C:/Users/Koen/.m2/repository/com/github/almasb/fxgl/11.14/fxgl-11.14.jar!/fxglassets/textures/fxgl_icon.png
10:45:26.937 [JavaFX Application Thread] DEBUG FXGLAssetLoaderServi - Loading from file system: jar:file:/C:/Users/Koen/.m2/repository/com/github/almasb/fxgl/11.14/fxgl-11.14.jar!/fxglassets/ui/cursors/fxgl_default.png
10:45:26.951 [JavaFX Application Thread] DEBUG Input                - Registered new binding: Screenshot - P
10:45:26.951 [JavaFX Application Thread] DEBUG Input                - Registered new binding: System info dump - CTRL+9
10:45:26.952 [JavaFX Application Thread] DEBUG Input                - Registered new binding: Restart - CTRL+R
10:45:26.952 [JavaFX Application Thread] DEBUG Input                - Registered new binding: Toggle Debug Camera - CTRL+C
10:45:26.954 [JavaFX Application Thread] DEBUG LoopRunner           - Starting loop
10:45:26.955 [JavaFX Application Thread] DEBUG LoopRunner           - Initializing JavaFX AnimationTimerLoop
10:45:26.957 [JavaFX Application Thread] DEBUG GameApplicationServi - Starting new game
10:45:26.958 [JavaFX Application Thread] DEBUG Input                - Clearing active input actions
10:45:26.973 [JavaFX Application Thread] DEBUG GameApplicationServi - Removing overlay from FXGLStartupScene and adding to FXGLLoadingScene
10:45:26.973 [JavaFX Application Thread] DEBUG PrimaryStageWindow   - FXGLStartupScene -> FXGLLoadingScene
10:45:26.974 [JavaFX Application Thread] DEBUG GameApplicationServi - Clearing previous game
10:45:26.974 [JavaFX Application Thread] DEBUG GameScene            - Clearing game scene
10:45:26.974 [JavaFX Application Thread] DEBUG GameWorld            - Clearing game world
10:45:26.974 [JavaFX Application Thread] DEBUG PhysicsWorld         - Clearing physics world
10:45:26.976 [FXGL Background Thread 1 ] DEBUG FXGLApplication      - Initializing game
10:45:26.978 [FXGL Background Thread 1 ] INFO  FXGLApplication      - Game initialization took: 0,001 sec
10:45:26.984 [FXGL Background Thread 4 ] DEBUG FXGLAssetLoaderServi - Loading from file system: jar:file:/C:/Users/Koen/.m2/repository/com/github/almasb/fxgl/11.14/fxgl-11.14.jar!/fxglassets/ui/fonts/Abel-Regular.ttf
10:45:26.991 [FXGL Background Thread 4 ] DEBUG FXGLAssetLoaderServi - Loading from file system: jar:file:/C:/Users/Koen/.m2/repository/com/github/almasb/fxgl/11.14/fxgl-11.14.jar!/fxglassets/ui/fonts/lucida_console.ttf
10:45:26.999 [FXGL Background Thread 4 ] DEBUG FXGLAssetLoaderServi - Loading from file system: jar:file:/C:/Users/Koen/.m2/repository/com/github/almasb/fxgl/11.14/fxgl-11.14.jar!/fxglassets/ui/fonts/Courier-Prime.ttf
10:45:27.026 [JavaFX Application Thread] DEBUG Input                - Clearing active input actions
10:45:27.037 [JavaFX Application Thread] DEBUG GameApplicationServi - Removing overlay from FXGLLoadingScene and adding to GameScene
10:45:27.038 [JavaFX Application Thread] DEBUG PrimaryStageWindow   - FXGLLoadingScene -> GameScene
10:45:27.039 [JavaFX Application Thread] DEBUG FXGLApplication      - Registering font factories with UI factory
10:45:29.887 [FXGL Background Thread 3 ] DEBUG Engine               - Logging environment variables
10:45:29.887 [FXGL Background Thread 3 ] DEBUG Engine               - achievements: []
10:45:29.887 [FXGL Background Thread 3 ] DEBUG Engine               - actualHeight: 600.0
10:45:29.887 [FXGL Background Thread 3 ] DEBUG Engine               - actualHeightProperty: ReadOnlyDoubleProperty [value: 600.0]
10:45:29.887 [FXGL Background Thread 3 ] DEBUG Engine               - actualWidth: 800.0
10:45:29.888 [FXGL Background Thread 3 ] DEBUG Engine               - actualWidthProperty: ReadOnlyDoubleProperty [value: 800.0]
10:45:29.888 [FXGL Background Thread 3 ] DEBUG Engine               - appIcon: fxgl_icon.png
10:45:29.888 [FXGL Background Thread 3 ] DEBUG Engine               - applicationMode: DEVELOPER
10:45:29.888 [FXGL Background Thread 3 ] DEBUG Engine               - cSSList: [fxgl_dark.css]
10:45:29.888 [FXGL Background Thread 3 ] DEBUG Engine               - collisionDetectionStrategy: BRUTE_FORCE
10:45:29.888 [FXGL Background Thread 3 ] DEBUG Engine               - configClass: Optional.empty
10:45:29.888 [FXGL Background Thread 3 ] DEBUG Engine               - credits: []
10:45:29.888 [FXGL Background Thread 3 ] DEBUG Engine               - devBBoxColorProperty: ObjectProperty [value: 0xff0000ff]
10:45:29.888 [FXGL Background Thread 3 ] DEBUG Engine               - devEnableDebugCameraProperty: BooleanProperty [value: false]
10:45:29.888 [FXGL Background Thread 3 ] DEBUG Engine               - devSensorColorProperty: ObjectProperty [value: 0xffff00ff]
10:45:29.889 [FXGL Background Thread 3 ] DEBUG Engine               - devShowBBoxProperty: BooleanProperty [value: false]
10:45:29.889 [FXGL Background Thread 3 ] DEBUG Engine               - devShowPositionProperty: BooleanProperty [value: false]
10:45:29.889 [FXGL Background Thread 3 ] DEBUG Engine               - enabledMenuItems: []
10:45:29.889 [FXGL Background Thread 3 ] DEBUG Engine               - engineServices: [class com.almasb.fxgl.app.services.FXGLAssetLoaderService, class com.almasb.fxgl.app.FXGLApplication$GameApplicationService, class com.almasb.fxgl.app.services.FXGLDialogService, class com.almasb.fxgl.app.services.IOTaskExecutorService, class com.almasb.fxgl.event.EventBusService, class com.almasb.fxgl.io.FileSystemService, class com.almasb.fxgl.localization.LocalizationService, class com.almasb.fxgl.app.services.SystemBundleService, class com.almasb.fxgl.profile.SaveLoadService, class com.almasb.fxgl.ui.FXGLUIFactoryServiceProvider, class com.almasb.fxgl.ui.FXGLDialogFactoryServiceProvider, class com.almasb.fxgl.audio.AudioPlayer, class com.almasb.fxgl.notification.impl.NotificationServiceProvider, class com.almasb.fxgl.achievement.AchievementService, class com.almasb.fxgl.cutscene.CutsceneService, class com.almasb.fxgl.minigames.MiniGameService, class com.almasb.fxgl.net.NetService, class com.almasb.fxgl.app.services.UpdaterService, class com.almasb.fxgl.dev.DevService]
10:45:29.889 [FXGL Background Thread 3 ] DEBUG Engine               - fontGame: Abel-Regular.ttf
10:45:29.889 [FXGL Background Thread 3 ] DEBUG Engine               - fontMono: lucida_console.ttf
10:45:29.889 [FXGL Background Thread 3 ] DEBUG Engine               - fontText: Courier-Prime.ttf
10:45:29.889 [FXGL Background Thread 3 ] DEBUG Engine               - fontUI: VarelaRound-Regular.ttf
10:45:29.889 [FXGL Background Thread 3 ] DEBUG Engine               - fullScreen: BooleanProperty [value: false]
10:45:29.889 [FXGL Background Thread 3 ] DEBUG Engine               - gameDifficulty: MEDIUM
10:45:29.889 [FXGL Background Thread 3 ] DEBUG Engine               - gameDifficultyProperty: ObjectProperty [value: MEDIUM]
10:45:29.889 [FXGL Background Thread 3 ] DEBUG Engine               - globalMusicVolume: 0.5
10:45:29.890 [FXGL Background Thread 3 ] DEBUG Engine               - globalMusicVolumeProperty: DoubleProperty [value: 0.5]
10:45:29.890 [FXGL Background Thread 3 ] DEBUG Engine               - globalSoundVolume: 0.5
10:45:29.890 [FXGL Background Thread 3 ] DEBUG Engine               - globalSoundVolumeProperty: DoubleProperty [value: 0.5]
10:45:29.890 [FXGL Background Thread 3 ] DEBUG Engine               - height: 600
10:45:29.890 [FXGL Background Thread 3 ] DEBUG Engine               - isAndroid: false
10:45:29.890 [FXGL Background Thread 3 ] DEBUG Engine               - isBrowser: false
10:45:29.890 [FXGL Background Thread 3 ] DEBUG Engine               - isClickFeedbackEnabled: false
10:45:29.890 [FXGL Background Thread 3 ] DEBUG Engine               - isCloseConfirmation: false
10:45:29.890 [FXGL Background Thread 3 ] DEBUG Engine               - isDesktop: true
10:45:29.890 [FXGL Background Thread 3 ] DEBUG Engine               - isDeveloperMenuEnabled: false
10:45:29.890 [FXGL Background Thread 3 ] DEBUG Engine               - isEntityPreloadEnabled: true
10:45:29.890 [FXGL Background Thread 3 ] DEBUG Engine               - isExperimental3D: false
10:45:29.890 [FXGL Background Thread 3 ] DEBUG Engine               - isExperimentalNative: false
10:45:29.890 [FXGL Background Thread 3 ] DEBUG Engine               - isExperimentalTiledLargeMap: false
10:45:29.890 [FXGL Background Thread 3 ] DEBUG Engine               - isFileSystemWriteAllowed: true
10:45:29.891 [FXGL Background Thread 3 ] DEBUG Engine               - isFullScreenAllowed: false
10:45:29.891 [FXGL Background Thread 3 ] DEBUG Engine               - isFullScreenFromStart: false
10:45:29.891 [FXGL Background Thread 3 ] DEBUG Engine               - isGameMenuEnabled: true
10:45:29.891 [FXGL Background Thread 3 ] DEBUG Engine               - isIOS: false
10:45:29.891 [FXGL Background Thread 3 ] DEBUG Engine               - isIntroEnabled: false
10:45:29.891 [FXGL Background Thread 3 ] DEBUG Engine               - isLinux: false
10:45:29.891 [FXGL Background Thread 3 ] DEBUG Engine               - isMac: false
10:45:29.891 [FXGL Background Thread 3 ] DEBUG Engine               - isMainMenuEnabled: false
10:45:29.891 [FXGL Background Thread 3 ] DEBUG Engine               - isManualResizeEnabled: false
10:45:29.891 [FXGL Background Thread 3 ] DEBUG Engine               - isMobile: false
10:45:29.891 [FXGL Background Thread 3 ] DEBUG Engine               - isPreserveResizeRatio: false
10:45:29.891 [FXGL Background Thread 3 ] DEBUG Engine               - isProfilingEnabled: false
10:45:29.891 [FXGL Background Thread 3 ] DEBUG Engine               - isScaleAffectedOnResize: true
10:45:29.891 [FXGL Background Thread 3 ] DEBUG Engine               - isSingleStep: false
10:45:29.891 [FXGL Background Thread 3 ] DEBUG Engine               - isUserProfileEnabled: false
10:45:29.891 [FXGL Background Thread 3 ] DEBUG Engine               - isWindows: true
10:45:29.892 [FXGL Background Thread 3 ] DEBUG Engine               - language: ObjectProperty [value: ENGLISH]
10:45:29.892 [FXGL Background Thread 3 ] DEBUG Engine               - menuKey: ESCAPE
10:45:29.892 [FXGL Background Thread 3 ] DEBUG Engine               - notificationViewClass: class com.almasb.fxgl.notification.view.XboxNotificationView
10:45:29.892 [FXGL Background Thread 3 ] DEBUG Engine               - pixelsPerMeter: 50.0
10:45:29.892 [FXGL Background Thread 3 ] DEBUG Engine               - platform: WINDOWS
10:45:29.892 [FXGL Background Thread 3 ] DEBUG Engine               - prefHeightProperty: ReadOnlyDoubleProperty [value: 600.0]
10:45:29.892 [FXGL Background Thread 3 ] DEBUG Engine               - prefWidthProperty: ReadOnlyDoubleProperty [value: 800.0]
10:45:29.892 [FXGL Background Thread 3 ] DEBUG Engine               - profileDir: profiles/
10:45:29.892 [FXGL Background Thread 3 ] DEBUG Engine               - profileName: StringProperty [value: DEFAULT]
10:45:29.892 [FXGL Background Thread 3 ] DEBUG Engine               - randomSeed: -1
10:45:29.892 [FXGL Background Thread 3 ] DEBUG Engine               - runtimeInfo: RuntimeInfo(platform=WINDOWS, version=11.14, build=01.03.2021 16.59)
10:45:29.892 [FXGL Background Thread 3 ] DEBUG Engine               - saveFileExt: sav
10:45:29.892 [FXGL Background Thread 3 ] DEBUG Engine               - scaledHeightProp$fxgl: DoubleProperty [bound, value: 600.0]
10:45:29.893 [FXGL Background Thread 3 ] DEBUG Engine               - scaledWidthProp$fxgl: DoubleProperty [bound, value: 800.0]
10:45:29.893 [FXGL Background Thread 3 ] DEBUG Engine               - sceneFactory: com.almasb.fxgl.app.scene.SceneFactory@707f09f6
10:45:29.893 [FXGL Background Thread 3 ] DEBUG Engine               - secondsIn24h: 60
10:45:29.893 [FXGL Background Thread 3 ] DEBUG Engine               - soundMenuBack: menu/back.wav
10:45:29.893 [FXGL Background Thread 3 ] DEBUG Engine               - soundMenuPress: menu/press.wav
10:45:29.893 [FXGL Background Thread 3 ] DEBUG Engine               - soundMenuSelect: menu/select.wav
10:45:29.893 [FXGL Background Thread 3 ] DEBUG Engine               - soundNotification: core/notification.wav
10:45:29.893 [FXGL Background Thread 3 ] DEBUG Engine               - stageStyle: DECORATED
10:45:29.893 [FXGL Background Thread 3 ] DEBUG Engine               - supportedLanguages: [ENGLISH, FRENCH, GERMAN, HUNGARIAN, RUSSIAN]
10:45:29.893 [FXGL Background Thread 3 ] DEBUG Engine               - ticksPerSecond: -1
10:45:29.893 [FXGL Background Thread 3 ] DEBUG Engine               - title: Basic Game App
10:45:29.893 [FXGL Background Thread 3 ] DEBUG Engine               - urlGithub: https://github.com/AlmasB/FXGL
10:45:29.893 [FXGL Background Thread 3 ] DEBUG Engine               - urlLeaderboard: http://fxgl-top.herokuapp.com/
10:45:29.893 [FXGL Background Thread 3 ] DEBUG Engine               - urlPOM: https://raw.githubusercontent.com/AlmasB/FXGL/release/README.md
10:45:29.893 [FXGL Background Thread 3 ] DEBUG Engine               - userAppClass: class sample.Main
10:45:29.893 [FXGL Background Thread 3 ] DEBUG Engine               - version: 0.0
10:45:29.893 [FXGL Background Thread 3 ] DEBUG Engine               - versionCheckDays: 7
10:45:29.893 [FXGL Background Thread 3 ] DEBUG Engine               - width: 800
10:45:29.893 [FXGL Background Thread 3 ] DEBUG Engine               - Logging services
10:45:29.894 [FXGL Background Thread 3 ] DEBUG Engine               - class com.almasb.fxgl.app.services.FXGLAssetLoaderService
10:45:29.894 [FXGL Background Thread 3 ] DEBUG Engine               - class com.almasb.fxgl.app.FXGLApplication$GameApplicationService
10:45:29.894 [FXGL Background Thread 3 ] DEBUG Engine               - class com.almasb.fxgl.app.services.FXGLDialogService
10:45:29.894 [FXGL Background Thread 3 ] DEBUG Engine               - class com.almasb.fxgl.app.services.IOTaskExecutorService
10:45:29.894 [FXGL Background Thread 3 ] DEBUG Engine               - class com.almasb.fxgl.event.EventBusService
10:45:29.894 [FXGL Background Thread 3 ] DEBUG Engine               - class com.almasb.fxgl.io.FileSystemService
10:45:29.894 [FXGL Background Thread 3 ] DEBUG Engine               - class com.almasb.fxgl.localization.LocalizationService
10:45:29.894 [FXGL Background Thread 3 ] DEBUG Engine               - class com.almasb.fxgl.app.services.SystemBundleService
10:45:29.894 [FXGL Background Thread 3 ] DEBUG Engine               - class com.almasb.fxgl.profile.SaveLoadService
10:45:29.894 [FXGL Background Thread 3 ] DEBUG Engine               - class com.almasb.fxgl.ui.FXGLUIFactoryServiceProvider
10:45:29.894 [FXGL Background Thread 3 ] DEBUG Engine               - class com.almasb.fxgl.ui.FXGLDialogFactoryServiceProvider
10:45:29.894 [FXGL Background Thread 3 ] DEBUG Engine               - class com.almasb.fxgl.audio.AudioPlayer
10:45:29.894 [FXGL Background Thread 3 ] DEBUG Engine               - class com.almasb.fxgl.notification.impl.NotificationServiceProvider
10:45:29.894 [FXGL Background Thread 3 ] DEBUG Engine               - class com.almasb.fxgl.achievement.AchievementService
10:45:29.894 [FXGL Background Thread 3 ] DEBUG Engine               - class com.almasb.fxgl.cutscene.CutsceneService
10:45:29.894 [FXGL Background Thread 3 ] DEBUG Engine               - class com.almasb.fxgl.minigames.MiniGameService
10:45:29.894 [FXGL Background Thread 3 ] DEBUG Engine               - class com.almasb.fxgl.net.NetService
10:45:29.894 [FXGL Background Thread 3 ] DEBUG Engine               - class com.almasb.fxgl.app.services.UpdaterService
10:45:29.894 [FXGL Background Thread 3 ] DEBUG Engine               - class com.almasb.fxgl.dev.DevService
11:01:01.290 [JavaFX Application Thread] DEBUG FXGLApplication      - Exiting FXGL
11:01:01.290 [JavaFX Application Thread] DEBUG LoopRunner           - Stopping loop
11:01:01.290 [JavaFX Application Thread] DEBUG SystemBundleService  - Saving FXGL system data
11:01:01.292 [JavaFX Application Thread] DEBUG FileSystemAccess     - Writing to: C:\Users\Koen\IdeaProjects\ipose-game\system\fxgl.bundle
11:01:01.297 [JavaFX Application Thread] DEBUG Async                - Shutting down background threads
11:01:01.298 [JavaFX Application Thread] DEBUG PrimaryStageWindow   - Closing main window
11:01:01.324 [JavaFX Application Thread] DEBUG Logger               - Closing Logger
