20:24:44.272 [main                     ] DEBUG Logger               - Configured Logger
20:24:44.296 [main                     ] DEBUG GameApplication      - Logging settings
Title: Doodle Jump
Version: 0.1
Width: 480
Height: 800
Fullscreen: false
Intro: false
Profiling: false
Single step:false
App Mode: DEVELOPER
Menu Key: ESCAPE
Stage Style: DECORATED
Scene Factory: class com.almasb.fxgl.app.scene.SceneFactory

20:24:45.056 [JavaFX Application Thread] DEBUG FXGLApplication      - Initializing FXGL
20:24:45.059 [JavaFX Application Thread] INFO  Engine               - FXGL-11.14 (01.03.2021 16.59) on WINDOWS (J:14.0.2 FX:15)
20:24:45.060 [JavaFX Application Thread] DEBUG Engine               - JRE Vendor Name: Oracle Corporation
20:24:45.060 [JavaFX Application Thread] DEBUG Engine               - Running on OS: Windows 10 version 10.0
20:24:45.060 [JavaFX Application Thread] DEBUG Engine               - Architecture: amd64
20:24:45.061 [JavaFX Application Thread] INFO  Engine               - Source code and latest versions at: https://github.com/AlmasB/FXGL
20:24:45.061 [JavaFX Application Thread] INFO  Engine               -              Join the FXGL chat at: https://gitter.im/AlmasB/FXGL
20:24:45.217 [JavaFX Application Thread] DEBUG PrimaryStageWindow   - Creating a JavaFX scene
20:24:45.313 [JavaFX Application Thread] DEBUG PrimaryStageWindow   - Target settings size: 480.0 x 800.0
20:24:45.314 [JavaFX Application Thread] DEBUG PrimaryStageWindow   - Scaled scene size:    480.0 x 800.0
20:24:45.314 [JavaFX Application Thread] DEBUG PrimaryStageWindow   - Scaled ratio: (1.0, 1.0)
20:24:45.316 [JavaFX Application Thread] DEBUG PrimaryStageWindow   - Set initial scene to FXGLStartupScene
20:24:45.327 [JavaFX Application Thread] DEBUG PrimaryStageWindow   - Opening main window
20:24:45.484 [JavaFX Application Thread] DEBUG PrimaryStageWindow   - Window border size: (16.0, 39.0)
20:24:45.485 [JavaFX Application Thread] DEBUG PrimaryStageWindow   - Scaled size: 480.0 x 800.0
20:24:45.485 [JavaFX Application Thread] DEBUG PrimaryStageWindow   - Scaled ratio: (1.0, 1.0)
20:24:45.486 [JavaFX Application Thread] DEBUG PrimaryStageWindow   - Scene size: 480.0 x 800.0
20:24:45.486 [JavaFX Application Thread] DEBUG PrimaryStageWindow   - Stage size: 496.0 x 839.0
20:24:45.499 [FXGL Background Thread 1 ] DEBUG Engine               - Initializing environment variables
20:24:45.556 [FXGL Background Thread 1 ] DEBUG FXGLAssetLoaderServi - User app class for loading assets: class sample.Main
20:24:45.556 [FXGL Background Thread 1 ] DEBUG GameApplicationServi - Applying CSS: fxgl_dark.css
20:24:45.558 [FXGL Background Thread 1 ] DEBUG FXGLAssetLoaderServi - Loading from file system: jar:file:/C:/Users/Koen/.m2/repository/com/github/almasb/fxgl/11.14/fxgl-11.14.jar!/fxglassets/ui/css/fxgl_dark.css
20:24:45.641 [FXGL Background Thread 1 ] DEBUG GameApplicationServi - Initializing application scenes
20:24:45.735 [FXGL Background Thread 1 ] DEBUG GameWorld            - Game world initialized
20:24:45.840 [FXGL Background Thread 1 ] DEBUG PhysicsWorld         - Physics world initialized: appHeight=800, physics.ppm=50,0
20:24:45.841 [FXGL Background Thread 1 ] DEBUG PhysicsWorld         - Using strategy: BRUTE_FORCE
20:24:45.846 [FXGL Background Thread 1 ] DEBUG GameScene            - Game scene initialized: 480x800
20:24:45.847 [FXGL Background Thread 1 ] DEBUG GameApplicationServi - Application scenes initialized
20:24:45.889 [FXGL Background Thread 1 ] DEBUG SystemBundleService  - Loading FXGL system data
20:24:45.895 [FXGL Background Thread 1 ] DEBUG FileSystemAccess     - Reading from: C:\Users\Koen\IdeaProjects\ipose-game\system\fxgl.bundle
20:24:45.908 [FXGL Background Thread 1 ] DEBUG SystemBundleService  - Bundle FXGL: {}
20:24:45.908 [FXGL Background Thread 1 ] DEBUG UpdaterService       - Checking for updates
20:24:45.971 [FXGL Background Thread 4 ] DEBUG FXGLApplication      - Loading fonts
20:24:45.975 [FXGL Background Thread 4 ] DEBUG FXGLAssetLoaderServi - Loading from file system: jar:file:/C:/Users/Koen/.m2/repository/com/github/almasb/fxgl/11.14/fxgl-11.14.jar!/fxglassets/ui/fonts/VarelaRound-Regular.ttf
20:24:45.974 [FXGL Background Thread 1 ] DEBUG FXGLApplication      - Loading default localization
20:24:45.979 [FXGL Background Thread 1 ] DEBUG FXGLAssetLoaderServi - Loading from file system: jar:file:/C:/Users/Koen/.m2/repository/com/github/almasb/fxgl/11.14/fxgl-11.14.jar!/fxglassets/languages/english.lang
20:24:46.039 [FXGL Background Thread 1 ] INFO  FXGLApplication      - FXGL initialization took: 0,540 sec
20:24:46.059 [JavaFX Application Thread] DEBUG Input                - Registered new binding: action0 - D
20:24:46.060 [JavaFX Application Thread] DEBUG Input                - Registered new binding: action1 - A
20:24:46.061 [JavaFX Application Thread] DEBUG Input                - Registered new binding: action2 - W
20:24:46.061 [JavaFX Application Thread] DEBUG Input                - Registered new binding: action3 - S
20:24:46.062 [JavaFX Application Thread] DEBUG FXGLAssetLoaderServi - Loading from file system: jar:file:/C:/Users/Koen/.m2/repository/com/github/almasb/fxgl/11.14/fxgl-11.14.jar!/fxglassets/textures/fxgl_icon.png
20:24:46.174 [FXGL Background Thread 4 ] DEBUG FXGLAssetLoaderServi - Loading from file system: jar:file:/C:/Users/Koen/.m2/repository/com/github/almasb/fxgl/11.14/fxgl-11.14.jar!/fxglassets/ui/fonts/Abel-Regular.ttf
20:24:46.192 [FXGL Background Thread 4 ] DEBUG FXGLAssetLoaderServi - Loading from file system: jar:file:/C:/Users/Koen/.m2/repository/com/github/almasb/fxgl/11.14/fxgl-11.14.jar!/fxglassets/ui/fonts/lucida_console.ttf
20:24:46.204 [JavaFX Application Thread] DEBUG FXGLAssetLoaderServi - Loading from file system: jar:file:/C:/Users/Koen/.m2/repository/com/github/almasb/fxgl/11.14/fxgl-11.14.jar!/fxglassets/ui/cursors/fxgl_default.png
20:24:46.205 [FXGL Background Thread 4 ] DEBUG FXGLAssetLoaderServi - Loading from file system: jar:file:/C:/Users/Koen/.m2/repository/com/github/almasb/fxgl/11.14/fxgl-11.14.jar!/fxglassets/ui/fonts/Courier-Prime.ttf
20:24:46.214 [JavaFX Application Thread] DEBUG Input                - Registered new binding: Screenshot - P
20:24:46.215 [JavaFX Application Thread] DEBUG Input                - Registered new binding: Dev Options - 1
20:24:46.216 [JavaFX Application Thread] DEBUG Input                - Registered new binding: Dev Console - 2
20:24:46.218 [JavaFX Application Thread] DEBUG Input                - Registered new binding: System info dump - CTRL+9
20:24:46.220 [JavaFX Application Thread] DEBUG Input                - Registered new binding: Restart - CTRL+R
20:24:46.222 [JavaFX Application Thread] DEBUG Input                - Registered new binding: Toggle Debug Camera - CTRL+C
20:24:46.235 [JavaFX Application Thread] DEBUG LoopRunner           - Starting loop
20:24:46.271 [JavaFX Application Thread] DEBUG LoopRunner           - Initializing JavaFX AnimationTimerLoop
20:24:46.274 [JavaFX Application Thread] DEBUG GameApplicationServi - Starting new game
20:24:46.275 [JavaFX Application Thread] DEBUG Input                - Clearing active input actions
20:24:46.299 [JavaFX Application Thread] DEBUG GameApplicationServi - Removing overlay from FXGLStartupScene and adding to FXGLLoadingScene
20:24:46.304 [JavaFX Application Thread] DEBUG PrimaryStageWindow   - FXGLStartupScene -> FXGLLoadingScene
20:24:46.305 [JavaFX Application Thread] DEBUG GameApplicationServi - Clearing previous game
20:24:46.305 [JavaFX Application Thread] DEBUG GameScene            - Clearing game scene
20:24:46.305 [JavaFX Application Thread] DEBUG GameWorld            - Clearing game world
20:24:46.305 [JavaFX Application Thread] DEBUG PhysicsWorld         - Clearing physics world
20:24:46.307 [FXGL Background Thread 4 ] DEBUG FXGLApplication      - Initializing game
20:24:46.308 [JavaFX Application Thread] DEBUG FXGLApplication      - Registering font factories with UI factory
20:24:46.323 [FXGL Background Thread 4 ] DEBUG FXGLAssetLoaderServi - Loading from file system: file:/C:/Users/Koen/IdeaProjects/ipose-game/target/classes/assets/textures/Platform.png
20:24:46.355 [FXGL Background Thread 4 ] DEBUG FXGLAssetLoaderServi - Loading from file system: file:/C:/Users/Koen/IdeaProjects/ipose-game/target/classes/assets/textures/Doodler.png
20:24:46.690 [JavaFX Application Thread] DEBUG LoopRunner           - Stopping loop
20:24:46.691 [JavaFX Application Thread] FATAL FXGLApplication      - Uncaught Exception:
java.lang.RuntimeException: Initialization failed
	at com.almasb.fxgl.app.FXGLApplication$InitAppTask.failed(FXGLApplication.kt:376)
	at javafx.concurrent.Task.setState(Task.java:710)
	at javafx.concurrent.Task$TaskCallable.lambda$call$2(Task.java:1455)
	at com.sun.javafx.application.PlatformImpl.lambda$runLater$10(PlatformImpl.java:428)
	at java.base/java.security.AccessController.doPrivileged(AccessController.java:391)
	at com.sun.javafx.application.PlatformImpl.lambda$runLater$11(PlatformImpl.java:427)
	at com.sun.glass.ui.InvokeLaterDispatcher$Future.run(InvokeLaterDispatcher.java:96)
	at com.sun.glass.ui.win.WinApplication._runLoop(Native Method)
	at com.sun.glass.ui.win.WinApplication.lambda$runLoop$3(WinApplication.java:174)
	at java.base/java.lang.Thread.run(Thread.java:832)
Caused by: java.lang.IllegalStateException: Physics not initialized yet! Use setOnPhysicsInitialized() instead
	at com.almasb.fxgl.physics.PhysicsComponent.getBody(PhysicsComponent.java:87)
	at com.almasb.fxgl.physics.PhysicsComponent.setBodyLinearVelocity(PhysicsComponent.java:232)
	at sample.Main.initPhysics(Main.java:85)
	at com.almasb.fxgl.app.FXGLApplication$InitAppTask.call(FXGLApplication.kt:353)
	at com.almasb.fxgl.app.FXGLApplication$InitAppTask.call(FXGLApplication.kt:344)
	at javafx.concurrent.Task$TaskCallable.call(Task.java:1425)
	at java.base/java.util.concurrent.FutureTask.run(FutureTask.java:264)
	at java.base/java.util.concurrent.Executors$RunnableAdapter.call(Executors.java:515)
	at java.base/java.util.concurrent.FutureTask.run(FutureTask.java:264)
	at java.base/java.util.concurrent.ThreadPoolExecutor.runWorker(ThreadPoolExecutor.java:1130)
	at java.base/java.util.concurrent.ThreadPoolExecutor$Worker.run(ThreadPoolExecutor.java:630)
	... 1 more

20:24:46.692 [JavaFX Application Thread] FATAL FXGLApplication      - Application will now exit
20:24:46.699 [JavaFX Application Thread] DEBUG PrimaryStageWindow   - Push state: ErrorSubScene
20:24:46.700 [JavaFX Application Thread] DEBUG Input                - Clearing active input actions
20:24:46.701 [JavaFX Application Thread] DEBUG GameApplicationServi - Removing overlay from FXGLLoadingScene and adding to ErrorSubScene
20:24:46.705 [JavaFX Application Thread] DEBUG PrimaryStageWindow   - FXGLLoadingScene -> ErrorSubScene
20:24:48.969 [FXGL Background Thread 3 ] DEBUG Engine               - Logging environment variables
20:24:48.969 [FXGL Background Thread 3 ] DEBUG Engine               - achievements: []
20:24:48.969 [FXGL Background Thread 3 ] DEBUG Engine               - actualHeight: 800.0
20:24:48.970 [FXGL Background Thread 3 ] DEBUG Engine               - actualHeightProperty: ReadOnlyDoubleProperty [value: 800.0]
20:24:48.970 [FXGL Background Thread 3 ] DEBUG Engine               - actualWidth: 480.0
20:24:48.970 [FXGL Background Thread 3 ] DEBUG Engine               - actualWidthProperty: ReadOnlyDoubleProperty [value: 480.0]
20:24:48.970 [FXGL Background Thread 3 ] DEBUG Engine               - appIcon: fxgl_icon.png
20:24:48.970 [FXGL Background Thread 3 ] DEBUG Engine               - applicationMode: DEVELOPER
20:24:48.970 [FXGL Background Thread 3 ] DEBUG Engine               - cSSList: [fxgl_dark.css]
20:24:48.970 [FXGL Background Thread 3 ] DEBUG Engine               - collisionDetectionStrategy: BRUTE_FORCE
20:24:48.971 [FXGL Background Thread 3 ] DEBUG Engine               - configClass: Optional.empty
20:24:48.971 [FXGL Background Thread 3 ] DEBUG Engine               - credits: []
20:24:48.971 [FXGL Background Thread 3 ] DEBUG Engine               - devBBoxColorProperty: ObjectProperty [value: 0xff0000ff]
20:24:48.971 [FXGL Background Thread 3 ] DEBUG Engine               - devEnableDebugCameraProperty: BooleanProperty [value: false]
20:24:48.971 [FXGL Background Thread 3 ] DEBUG Engine               - devSensorColorProperty: ObjectProperty [value: 0xffff00ff]
20:24:48.971 [FXGL Background Thread 3 ] DEBUG Engine               - devShowBBoxProperty: BooleanProperty [value: false]
20:24:48.971 [FXGL Background Thread 3 ] DEBUG Engine               - devShowPositionProperty: BooleanProperty [value: false]
20:24:48.971 [FXGL Background Thread 3 ] DEBUG Engine               - enabledMenuItems: []
20:24:48.972 [FXGL Background Thread 3 ] DEBUG Engine               - engineServices: [class com.almasb.fxgl.app.services.FXGLAssetLoaderService, class com.almasb.fxgl.app.FXGLApplication$GameApplicationService, class com.almasb.fxgl.app.services.FXGLDialogService, class com.almasb.fxgl.app.services.IOTaskExecutorService, class com.almasb.fxgl.event.EventBusService, class com.almasb.fxgl.io.FileSystemService, class com.almasb.fxgl.localization.LocalizationService, class com.almasb.fxgl.app.services.SystemBundleService, class com.almasb.fxgl.profile.SaveLoadService, class com.almasb.fxgl.ui.FXGLUIFactoryServiceProvider, class com.almasb.fxgl.ui.FXGLDialogFactoryServiceProvider, class com.almasb.fxgl.audio.AudioPlayer, class com.almasb.fxgl.notification.impl.NotificationServiceProvider, class com.almasb.fxgl.achievement.AchievementService, class com.almasb.fxgl.cutscene.CutsceneService, class com.almasb.fxgl.minigames.MiniGameService, class com.almasb.fxgl.net.NetService, class com.almasb.fxgl.app.services.UpdaterService, class com.almasb.fxgl.dev.DevService]
20:24:48.972 [FXGL Background Thread 3 ] DEBUG Engine               - fontGame: Abel-Regular.ttf
20:24:48.972 [FXGL Background Thread 3 ] DEBUG Engine               - fontMono: lucida_console.ttf
20:24:48.972 [FXGL Background Thread 3 ] DEBUG Engine               - fontText: Courier-Prime.ttf
20:24:48.972 [FXGL Background Thread 3 ] DEBUG Engine               - fontUI: VarelaRound-Regular.ttf
20:24:48.972 [FXGL Background Thread 3 ] DEBUG Engine               - fullScreen: BooleanProperty [value: false]
20:24:48.972 [FXGL Background Thread 3 ] DEBUG Engine               - gameDifficulty: MEDIUM
20:24:48.972 [FXGL Background Thread 3 ] DEBUG Engine               - gameDifficultyProperty: ObjectProperty [value: MEDIUM]
20:24:48.972 [FXGL Background Thread 3 ] DEBUG Engine               - globalMusicVolume: 0.5
20:24:48.972 [FXGL Background Thread 3 ] DEBUG Engine               - globalMusicVolumeProperty: DoubleProperty [value: 0.5]
20:24:48.973 [FXGL Background Thread 3 ] DEBUG Engine               - globalSoundVolume: 0.5
20:24:48.973 [FXGL Background Thread 3 ] DEBUG Engine               - globalSoundVolumeProperty: DoubleProperty [value: 0.5]
20:24:48.973 [FXGL Background Thread 3 ] DEBUG Engine               - height: 800
20:24:48.973 [FXGL Background Thread 3 ] DEBUG Engine               - isAndroid: false
20:24:48.973 [FXGL Background Thread 3 ] DEBUG Engine               - isBrowser: false
20:24:48.973 [FXGL Background Thread 3 ] DEBUG Engine               - isClickFeedbackEnabled: false
20:24:48.973 [FXGL Background Thread 3 ] DEBUG Engine               - isCloseConfirmation: false
20:24:48.973 [FXGL Background Thread 3 ] DEBUG Engine               - isDesktop: true
20:24:48.973 [FXGL Background Thread 3 ] DEBUG Engine               - isDeveloperMenuEnabled: true
20:24:48.973 [FXGL Background Thread 3 ] DEBUG Engine               - isEntityPreloadEnabled: true
20:24:48.973 [FXGL Background Thread 3 ] DEBUG Engine               - isExperimental3D: false
20:24:48.973 [FXGL Background Thread 3 ] DEBUG Engine               - isExperimentalNative: false
20:24:48.973 [FXGL Background Thread 3 ] DEBUG Engine               - isExperimentalTiledLargeMap: false
20:24:48.974 [FXGL Background Thread 3 ] DEBUG Engine               - isFileSystemWriteAllowed: true
20:24:48.974 [FXGL Background Thread 3 ] DEBUG Engine               - isFullScreenAllowed: false
20:24:48.974 [FXGL Background Thread 3 ] DEBUG Engine               - isFullScreenFromStart: false
20:24:48.974 [FXGL Background Thread 3 ] DEBUG Engine               - isGameMenuEnabled: false
20:24:48.974 [FXGL Background Thread 3 ] DEBUG Engine               - isIOS: false
20:24:48.974 [FXGL Background Thread 3 ] DEBUG Engine               - isIntroEnabled: false
20:24:48.974 [FXGL Background Thread 3 ] DEBUG Engine               - isLinux: false
20:24:48.975 [FXGL Background Thread 3 ] DEBUG Engine               - isMac: false
20:24:48.975 [FXGL Background Thread 3 ] DEBUG Engine               - isMainMenuEnabled: false
20:24:48.975 [FXGL Background Thread 3 ] DEBUG Engine               - isManualResizeEnabled: false
20:24:48.975 [FXGL Background Thread 3 ] DEBUG Engine               - isMobile: false
20:24:48.975 [FXGL Background Thread 3 ] DEBUG Engine               - isPreserveResizeRatio: false
20:24:48.975 [FXGL Background Thread 3 ] DEBUG Engine               - isProfilingEnabled: false
20:24:48.975 [FXGL Background Thread 3 ] DEBUG Engine               - isScaleAffectedOnResize: true
20:24:48.975 [FXGL Background Thread 3 ] DEBUG Engine               - isSingleStep: false
20:24:48.975 [FXGL Background Thread 3 ] DEBUG Engine               - isUserProfileEnabled: false
20:24:48.975 [FXGL Background Thread 3 ] DEBUG Engine               - isWindows: true
20:24:48.975 [FXGL Background Thread 3 ] DEBUG Engine               - language: ObjectProperty [value: ENGLISH]
20:24:48.975 [FXGL Background Thread 3 ] DEBUG Engine               - menuKey: ESCAPE
20:24:48.976 [FXGL Background Thread 3 ] DEBUG Engine               - notificationViewClass: class com.almasb.fxgl.notification.view.XboxNotificationView
20:24:48.976 [FXGL Background Thread 3 ] DEBUG Engine               - pixelsPerMeter: 50.0
20:24:48.976 [FXGL Background Thread 3 ] DEBUG Engine               - platform: WINDOWS
20:24:48.976 [FXGL Background Thread 3 ] DEBUG Engine               - prefHeightProperty: ReadOnlyDoubleProperty [value: 800.0]
20:24:48.976 [FXGL Background Thread 3 ] DEBUG Engine               - prefWidthProperty: ReadOnlyDoubleProperty [value: 480.0]
20:24:48.976 [FXGL Background Thread 3 ] DEBUG Engine               - profileDir: profiles/
20:24:48.976 [FXGL Background Thread 3 ] DEBUG Engine               - profileName: StringProperty [value: DEFAULT]
20:24:48.976 [FXGL Background Thread 3 ] DEBUG Engine               - randomSeed: -1
20:24:48.976 [FXGL Background Thread 3 ] DEBUG Engine               - runtimeInfo: RuntimeInfo(platform=WINDOWS, version=11.14, build=01.03.2021 16.59)
20:24:48.977 [FXGL Background Thread 3 ] DEBUG Engine               - saveFileExt: sav
20:24:48.977 [FXGL Background Thread 3 ] DEBUG Engine               - scaledHeightProp$fxgl: DoubleProperty [bound, value: 800.0]
20:24:48.977 [FXGL Background Thread 3 ] DEBUG Engine               - scaledWidthProp$fxgl: DoubleProperty [bound, value: 480.0]
20:24:48.978 [FXGL Background Thread 3 ] DEBUG Engine               - sceneFactory: com.almasb.fxgl.app.scene.SceneFactory@414e6dfd
20:24:48.978 [FXGL Background Thread 3 ] DEBUG Engine               - secondsIn24h: 60
20:24:48.978 [FXGL Background Thread 3 ] DEBUG Engine               - soundMenuBack: menu/back.wav
20:24:48.978 [FXGL Background Thread 3 ] DEBUG Engine               - soundMenuPress: menu/press.wav
20:24:48.978 [FXGL Background Thread 3 ] DEBUG Engine               - soundMenuSelect: menu/select.wav
20:24:48.978 [FXGL Background Thread 3 ] DEBUG Engine               - soundNotification: core/notification.wav
20:24:48.978 [FXGL Background Thread 3 ] DEBUG Engine               - stageStyle: DECORATED
20:24:48.978 [FXGL Background Thread 3 ] DEBUG Engine               - supportedLanguages: [ENGLISH, FRENCH, GERMAN, HUNGARIAN, RUSSIAN]
20:24:48.978 [FXGL Background Thread 3 ] DEBUG Engine               - ticksPerSecond: -1
20:24:48.979 [FXGL Background Thread 3 ] DEBUG Engine               - title: Doodle Jump
20:24:48.979 [FXGL Background Thread 3 ] DEBUG Engine               - urlGithub: https://github.com/AlmasB/FXGL
20:24:48.979 [FXGL Background Thread 3 ] DEBUG Engine               - urlLeaderboard: http://fxgl-top.herokuapp.com/
20:24:48.979 [FXGL Background Thread 3 ] DEBUG Engine               - urlPOM: https://raw.githubusercontent.com/AlmasB/FXGL/release/README.md
20:24:48.979 [FXGL Background Thread 3 ] DEBUG Engine               - userAppClass: class sample.Main
20:24:48.979 [FXGL Background Thread 3 ] DEBUG Engine               - version: 0.1
20:24:48.979 [FXGL Background Thread 3 ] DEBUG Engine               - versionCheckDays: 7
20:24:48.979 [FXGL Background Thread 3 ] DEBUG Engine               - width: 480
20:24:48.979 [FXGL Background Thread 3 ] DEBUG Engine               - Logging services
20:24:48.979 [FXGL Background Thread 3 ] DEBUG Engine               - class com.almasb.fxgl.app.services.FXGLAssetLoaderService
20:24:48.979 [FXGL Background Thread 3 ] DEBUG Engine               - class com.almasb.fxgl.app.FXGLApplication$GameApplicationService
20:24:48.980 [FXGL Background Thread 3 ] DEBUG Engine               - class com.almasb.fxgl.app.services.FXGLDialogService
20:24:48.980 [FXGL Background Thread 3 ] DEBUG Engine               - class com.almasb.fxgl.app.services.IOTaskExecutorService
20:24:48.980 [FXGL Background Thread 3 ] DEBUG Engine               - class com.almasb.fxgl.event.EventBusService
20:24:48.980 [FXGL Background Thread 3 ] DEBUG Engine               - class com.almasb.fxgl.io.FileSystemService
20:24:48.980 [FXGL Background Thread 3 ] DEBUG Engine               - class com.almasb.fxgl.localization.LocalizationService
20:24:48.980 [FXGL Background Thread 3 ] DEBUG Engine               - class com.almasb.fxgl.app.services.SystemBundleService
20:24:48.980 [FXGL Background Thread 3 ] DEBUG Engine               - class com.almasb.fxgl.profile.SaveLoadService
20:24:48.980 [FXGL Background Thread 3 ] DEBUG Engine               - class com.almasb.fxgl.ui.FXGLUIFactoryServiceProvider
20:24:48.980 [FXGL Background Thread 3 ] DEBUG Engine               - class com.almasb.fxgl.ui.FXGLDialogFactoryServiceProvider
20:24:48.980 [FXGL Background Thread 3 ] DEBUG Engine               - class com.almasb.fxgl.audio.AudioPlayer
20:24:48.980 [FXGL Background Thread 3 ] DEBUG Engine               - class com.almasb.fxgl.notification.impl.NotificationServiceProvider
20:24:48.981 [FXGL Background Thread 3 ] DEBUG Engine               - class com.almasb.fxgl.achievement.AchievementService
20:24:48.981 [FXGL Background Thread 3 ] DEBUG Engine               - class com.almasb.fxgl.cutscene.CutsceneService
20:24:48.981 [FXGL Background Thread 3 ] DEBUG Engine               - class com.almasb.fxgl.minigames.MiniGameService
20:24:48.981 [FXGL Background Thread 3 ] DEBUG Engine               - class com.almasb.fxgl.net.NetService
20:24:48.981 [FXGL Background Thread 3 ] DEBUG Engine               - class com.almasb.fxgl.app.services.UpdaterService
20:24:48.981 [FXGL Background Thread 3 ] DEBUG Engine               - class com.almasb.fxgl.dev.DevService
20:25:01.246 [JavaFX Application Thread] DEBUG FXGLApplication      - Exiting FXGL
20:25:01.247 [JavaFX Application Thread] DEBUG Async                - Shutting down background threads
20:25:01.247 [JavaFX Application Thread] DEBUG PrimaryStageWindow   - Closing main window
20:25:01.264 [JavaFX Application Thread] DEBUG Logger               - Closing Logger
