14:22:47.058 [main                     ] DEBUG Logger               - Configured Logger
14:22:47.072 [main                     ] DEBUG GameApplication      - Logging settings
Title: Doodle Jump
Version: 1.0
Width: 480
Height: 800
Fullscreen: false
Intro: false
Profiling: false
Single step:false
App Mode: DEVELOPER
Menu Key: ESCAPE
Stage Style: DECORATED
Scene Factory: class com.almasb.fxgl.app.scene.SceneFactory

14:22:47.524 [JavaFX Application Thread] DEBUG FXGLApplication      - Initializing FXGL
14:22:47.528 [JavaFX Application Thread] INFO  Engine               - FXGL-11.14 (01.03.2021 16.59) on WINDOWS (J:14.0.2 FX:15)
14:22:47.528 [JavaFX Application Thread] DEBUG Engine               - JRE Vendor Name: Oracle Corporation
14:22:47.528 [JavaFX Application Thread] DEBUG Engine               - Running on OS: Windows 10 version 10.0
14:22:47.529 [JavaFX Application Thread] DEBUG Engine               - Architecture: amd64
14:22:47.529 [JavaFX Application Thread] INFO  Engine               - Source code and latest versions at: https://github.com/AlmasB/FXGL
14:22:47.529 [JavaFX Application Thread] INFO  Engine               -              Join the FXGL chat at: https://gitter.im/AlmasB/FXGL
14:22:47.646 [JavaFX Application Thread] DEBUG PrimaryStageWindow   - Creating a JavaFX scene
14:22:47.697 [JavaFX Application Thread] DEBUG PrimaryStageWindow   - Target settings size: 480.0 x 800.0
14:22:47.698 [JavaFX Application Thread] DEBUG PrimaryStageWindow   - Scaled scene size:    480.0 x 800.0
14:22:47.698 [JavaFX Application Thread] DEBUG PrimaryStageWindow   - Scaled ratio: (1.0, 1.0)
14:22:47.699 [JavaFX Application Thread] DEBUG PrimaryStageWindow   - Set initial scene to FXGLStartupScene
14:22:47.707 [JavaFX Application Thread] DEBUG PrimaryStageWindow   - Opening main window
14:22:47.811 [JavaFX Application Thread] DEBUG PrimaryStageWindow   - Window border size: (16.0, 39.0)
14:22:47.811 [JavaFX Application Thread] DEBUG PrimaryStageWindow   - Scaled size: 480.0 x 800.0
14:22:47.812 [JavaFX Application Thread] DEBUG PrimaryStageWindow   - Scaled ratio: (1.0, 1.0)
14:22:47.812 [JavaFX Application Thread] DEBUG PrimaryStageWindow   - Scene size: 480.0 x 800.0
14:22:47.812 [JavaFX Application Thread] DEBUG PrimaryStageWindow   - Stage size: 496.0 x 839.0
14:22:47.820 [FXGL Background Thread 1 ] DEBUG Engine               - Initializing environment variables
14:22:47.853 [FXGL Background Thread 1 ] DEBUG FXGLAssetLoaderServi - User app class for loading assets: class sample.Main
14:22:47.853 [FXGL Background Thread 1 ] DEBUG GameApplicationServi - Applying CSS: fxgl_dark.css
14:22:47.854 [FXGL Background Thread 1 ] DEBUG FXGLAssetLoaderServi - Loading from file system: jar:file:/C:/Users/Koen/.m2/repository/com/github/almasb/fxgl/11.14/fxgl-11.14.jar!/fxglassets/ui/css/fxgl_dark.css
14:22:47.892 [FXGL Background Thread 1 ] DEBUG GameApplicationServi - Initializing application scenes
14:22:47.933 [FXGL Background Thread 1 ] DEBUG GameWorld            - Game world initialized
14:22:47.994 [FXGL Background Thread 1 ] DEBUG PhysicsWorld         - Physics world initialized: appHeight=800, physics.ppm=50,0
14:22:47.994 [FXGL Background Thread 1 ] DEBUG PhysicsWorld         - Using strategy: BRUTE_FORCE
14:22:47.997 [FXGL Background Thread 1 ] DEBUG GameScene            - Game scene initialized: 480x800
14:22:47.998 [FXGL Background Thread 1 ] DEBUG GameApplicationServi - Application scenes initialized
14:22:48.018 [FXGL Background Thread 1 ] DEBUG SystemBundleService  - Loading FXGL system data
14:22:48.022 [FXGL Background Thread 1 ] DEBUG FileSystemAccess     - Reading from: C:\Users\Koen\IdeaProjects\ipose-game\system\fxgl.bundle
14:22:48.028 [FXGL Background Thread 1 ] DEBUG SystemBundleService  - Bundle FXGL: {}
14:22:48.028 [FXGL Background Thread 1 ] DEBUG UpdaterService       - Checking for updates
14:22:48.066 [FXGL Background Thread 4 ] DEBUG FXGLApplication      - Loading fonts
14:22:48.067 [FXGL Background Thread 1 ] DEBUG FXGLApplication      - Loading default localization
14:22:48.068 [FXGL Background Thread 1 ] DEBUG FXGLAssetLoaderServi - Loading from file system: jar:file:/C:/Users/Koen/.m2/repository/com/github/almasb/fxgl/11.14/fxgl-11.14.jar!/fxglassets/languages/english.lang
14:22:48.068 [FXGL Background Thread 4 ] DEBUG FXGLAssetLoaderServi - Loading from file system: jar:file:/C:/Users/Koen/.m2/repository/com/github/almasb/fxgl/11.14/fxgl-11.14.jar!/fxglassets/ui/fonts/VarelaRound-Regular.ttf
14:22:48.086 [FXGL Background Thread 1 ] INFO  FXGLApplication      - FXGL initialization took: 0,265 sec
14:22:48.098 [JavaFX Application Thread] DEBUG Input                - Registered new binding: Left - A
14:22:48.098 [JavaFX Application Thread] DEBUG Input                - Registered new binding: Right - D
14:22:48.098 [JavaFX Application Thread] DEBUG Input                - Registered new binding: Up - W
14:22:48.099 [JavaFX Application Thread] DEBUG FXGLAssetLoaderServi - Loading from file system: jar:file:/C:/Users/Koen/.m2/repository/com/github/almasb/fxgl/11.14/fxgl-11.14.jar!/fxglassets/textures/fxgl_icon.png
14:22:48.145 [FXGL Background Thread 4 ] DEBUG FXGLAssetLoaderServi - Loading from file system: jar:file:/C:/Users/Koen/.m2/repository/com/github/almasb/fxgl/11.14/fxgl-11.14.jar!/fxglassets/ui/fonts/Abel-Regular.ttf
14:22:48.153 [JavaFX Application Thread] DEBUG FXGLAssetLoaderServi - Loading from file system: jar:file:/C:/Users/Koen/.m2/repository/com/github/almasb/fxgl/11.14/fxgl-11.14.jar!/fxglassets/ui/cursors/fxgl_default.png
14:22:48.153 [FXGL Background Thread 4 ] DEBUG FXGLAssetLoaderServi - Loading from file system: jar:file:/C:/Users/Koen/.m2/repository/com/github/almasb/fxgl/11.14/fxgl-11.14.jar!/fxglassets/ui/fonts/lucida_console.ttf
14:22:48.157 [JavaFX Application Thread] DEBUG Input                - Registered new binding: Screenshot - P
14:22:48.157 [JavaFX Application Thread] DEBUG Input                - Registered new binding: Dev Options - 1
14:22:48.158 [JavaFX Application Thread] DEBUG Input                - Registered new binding: Dev Console - 2
14:22:48.159 [JavaFX Application Thread] DEBUG Input                - Registered new binding: System info dump - CTRL+9
14:22:48.160 [JavaFX Application Thread] DEBUG Input                - Registered new binding: Restart - CTRL+R
14:22:48.162 [JavaFX Application Thread] DEBUG Input                - Registered new binding: Toggle Debug Camera - CTRL+C
14:22:48.164 [FXGL Background Thread 4 ] DEBUG FXGLAssetLoaderServi - Loading from file system: jar:file:/C:/Users/Koen/.m2/repository/com/github/almasb/fxgl/11.14/fxgl-11.14.jar!/fxglassets/ui/fonts/Courier-Prime.ttf
14:22:48.167 [JavaFX Application Thread] DEBUG LoopRunner           - Starting loop
14:22:48.187 [JavaFX Application Thread] DEBUG LoopRunner           - Initializing JavaFX AnimationTimerLoop
14:22:48.189 [JavaFX Application Thread] DEBUG GameApplicationServi - Starting new game
14:22:48.190 [JavaFX Application Thread] DEBUG Input                - Clearing active input actions
14:22:48.206 [JavaFX Application Thread] DEBUG GameApplicationServi - Removing overlay from FXGLStartupScene and adding to FXGLLoadingScene
14:22:48.211 [JavaFX Application Thread] DEBUG PrimaryStageWindow   - FXGLStartupScene -> FXGLLoadingScene
14:22:48.211 [JavaFX Application Thread] DEBUG GameApplicationServi - Clearing previous game
14:22:48.212 [JavaFX Application Thread] DEBUG GameScene            - Clearing game scene
14:22:48.212 [JavaFX Application Thread] DEBUG GameWorld            - Clearing game world
14:22:48.212 [JavaFX Application Thread] DEBUG PhysicsWorld         - Clearing physics world
14:22:48.215 [FXGL Background Thread 4 ] DEBUG FXGLApplication      - Initializing game
14:22:48.215 [JavaFX Application Thread] DEBUG FXGLApplication      - Registering font factories with UI factory
14:22:48.223 [FXGL Background Thread 4 ] DEBUG FXGLAssetLoaderServi - Loading from file system: file:/C:/Users/Koen/IdeaProjects/ipose-game/target/classes/assets/textures/Platform.png
14:22:48.325 [FXGL Background Thread 4 ] DEBUG FXGLAssetLoaderServi - Loading from file system: file:/C:/Users/Koen/IdeaProjects/ipose-game/target/classes/assets/textures/Doodler.png
14:22:48.336 [FXGL Background Thread 4 ] DEBUG FXGLAssetLoaderServi - Loading from file system: file:/C:/Users/Koen/IdeaProjects/ipose-game/target/classes/assets/textures/background.png
14:22:48.385 [FXGL Background Thread 4 ] INFO  FXGLApplication      - Game initialization took: 0,170 sec
14:22:48.447 [JavaFX Application Thread] DEBUG Input                - Clearing active input actions
14:22:48.457 [JavaFX Application Thread] DEBUG GameApplicationServi - Removing overlay from FXGLLoadingScene and adding to GameScene
14:22:48.462 [JavaFX Application Thread] DEBUG PrimaryStageWindow   - FXGLLoadingScene -> GameScene
14:22:51.067 [FXGL Background Thread 3 ] DEBUG Engine               - Logging environment variables
14:22:51.067 [FXGL Background Thread 3 ] DEBUG Engine               - achievements: []
14:22:51.067 [FXGL Background Thread 3 ] DEBUG Engine               - actualHeight: 800.0
14:22:51.067 [FXGL Background Thread 3 ] DEBUG Engine               - actualHeightProperty: ReadOnlyDoubleProperty [value: 800.0]
14:22:51.067 [FXGL Background Thread 3 ] DEBUG Engine               - actualWidth: 480.0
14:22:51.067 [FXGL Background Thread 3 ] DEBUG Engine               - actualWidthProperty: ReadOnlyDoubleProperty [value: 480.0]
14:22:51.068 [FXGL Background Thread 3 ] DEBUG Engine               - appIcon: fxgl_icon.png
14:22:51.068 [FXGL Background Thread 3 ] DEBUG Engine               - applicationMode: DEVELOPER
14:22:51.068 [FXGL Background Thread 3 ] DEBUG Engine               - cSSList: [fxgl_dark.css]
14:22:51.068 [FXGL Background Thread 3 ] DEBUG Engine               - collisionDetectionStrategy: BRUTE_FORCE
14:22:51.068 [FXGL Background Thread 3 ] DEBUG Engine               - configClass: Optional.empty
14:22:51.068 [FXGL Background Thread 3 ] DEBUG Engine               - credits: []
14:22:51.068 [FXGL Background Thread 3 ] DEBUG Engine               - devBBoxColorProperty: ObjectProperty [value: 0xff0000ff]
14:22:51.068 [FXGL Background Thread 3 ] DEBUG Engine               - devEnableDebugCameraProperty: BooleanProperty [value: false]
14:22:51.069 [FXGL Background Thread 3 ] DEBUG Engine               - devSensorColorProperty: ObjectProperty [value: 0xffff00ff]
14:22:51.069 [FXGL Background Thread 3 ] DEBUG Engine               - devShowBBoxProperty: BooleanProperty [value: false]
14:22:51.069 [FXGL Background Thread 3 ] DEBUG Engine               - devShowPositionProperty: BooleanProperty [value: false]
14:22:51.069 [FXGL Background Thread 3 ] DEBUG Engine               - enabledMenuItems: []
14:22:51.069 [FXGL Background Thread 3 ] DEBUG Engine               - engineServices: [class com.almasb.fxgl.app.services.FXGLAssetLoaderService, class com.almasb.fxgl.app.FXGLApplication$GameApplicationService, class com.almasb.fxgl.app.services.FXGLDialogService, class com.almasb.fxgl.app.services.IOTaskExecutorService, class com.almasb.fxgl.event.EventBusService, class com.almasb.fxgl.io.FileSystemService, class com.almasb.fxgl.localization.LocalizationService, class com.almasb.fxgl.app.services.SystemBundleService, class com.almasb.fxgl.profile.SaveLoadService, class com.almasb.fxgl.ui.FXGLUIFactoryServiceProvider, class com.almasb.fxgl.ui.FXGLDialogFactoryServiceProvider, class com.almasb.fxgl.audio.AudioPlayer, class com.almasb.fxgl.notification.impl.NotificationServiceProvider, class com.almasb.fxgl.achievement.AchievementService, class com.almasb.fxgl.cutscene.CutsceneService, class com.almasb.fxgl.minigames.MiniGameService, class com.almasb.fxgl.net.NetService, class com.almasb.fxgl.app.services.UpdaterService, class com.almasb.fxgl.dev.DevService]
14:22:51.069 [FXGL Background Thread 3 ] DEBUG Engine               - fontGame: Abel-Regular.ttf
14:22:51.069 [FXGL Background Thread 3 ] DEBUG Engine               - fontMono: lucida_console.ttf
14:22:51.069 [FXGL Background Thread 3 ] DEBUG Engine               - fontText: Courier-Prime.ttf
14:22:51.069 [FXGL Background Thread 3 ] DEBUG Engine               - fontUI: VarelaRound-Regular.ttf
14:22:51.069 [FXGL Background Thread 3 ] DEBUG Engine               - fullScreen: BooleanProperty [value: false]
14:22:51.069 [FXGL Background Thread 3 ] DEBUG Engine               - gameDifficulty: MEDIUM
14:22:51.070 [FXGL Background Thread 3 ] DEBUG Engine               - gameDifficultyProperty: ObjectProperty [value: MEDIUM]
14:22:51.070 [FXGL Background Thread 3 ] DEBUG Engine               - globalMusicVolume: 0.5
14:22:51.070 [FXGL Background Thread 3 ] DEBUG Engine               - globalMusicVolumeProperty: DoubleProperty [value: 0.5]
14:22:51.073 [FXGL Background Thread 3 ] DEBUG Engine               - globalSoundVolume: 0.5
14:22:51.073 [FXGL Background Thread 3 ] DEBUG Engine               - globalSoundVolumeProperty: DoubleProperty [value: 0.5]
14:22:51.073 [FXGL Background Thread 3 ] DEBUG Engine               - height: 800
14:22:51.073 [FXGL Background Thread 3 ] DEBUG Engine               - isAndroid: false
14:22:51.074 [FXGL Background Thread 3 ] DEBUG Engine               - isBrowser: false
14:22:51.074 [FXGL Background Thread 3 ] DEBUG Engine               - isClickFeedbackEnabled: false
14:22:51.074 [FXGL Background Thread 3 ] DEBUG Engine               - isCloseConfirmation: false
14:22:51.074 [FXGL Background Thread 3 ] DEBUG Engine               - isDesktop: true
14:22:51.074 [FXGL Background Thread 3 ] DEBUG Engine               - isDeveloperMenuEnabled: true
14:22:51.074 [FXGL Background Thread 3 ] DEBUG Engine               - isEntityPreloadEnabled: true
14:22:51.074 [FXGL Background Thread 3 ] DEBUG Engine               - isExperimental3D: false
14:22:51.074 [FXGL Background Thread 3 ] DEBUG Engine               - isExperimentalNative: false
14:22:51.074 [FXGL Background Thread 3 ] DEBUG Engine               - isExperimentalTiledLargeMap: false
14:22:51.074 [FXGL Background Thread 3 ] DEBUG Engine               - isFileSystemWriteAllowed: true
14:22:51.074 [FXGL Background Thread 3 ] DEBUG Engine               - isFullScreenAllowed: false
14:22:51.074 [FXGL Background Thread 3 ] DEBUG Engine               - isFullScreenFromStart: false
14:22:51.074 [FXGL Background Thread 3 ] DEBUG Engine               - isGameMenuEnabled: false
14:22:51.074 [FXGL Background Thread 3 ] DEBUG Engine               - isIOS: false
14:22:51.074 [FXGL Background Thread 3 ] DEBUG Engine               - isIntroEnabled: false
14:22:51.075 [FXGL Background Thread 3 ] DEBUG Engine               - isLinux: false
14:22:51.075 [FXGL Background Thread 3 ] DEBUG Engine               - isMac: false
14:22:51.075 [FXGL Background Thread 3 ] DEBUG Engine               - isMainMenuEnabled: false
14:22:51.075 [FXGL Background Thread 3 ] DEBUG Engine               - isManualResizeEnabled: false
14:22:51.075 [FXGL Background Thread 3 ] DEBUG Engine               - isMobile: false
14:22:51.075 [FXGL Background Thread 3 ] DEBUG Engine               - isPreserveResizeRatio: false
14:22:51.075 [FXGL Background Thread 3 ] DEBUG Engine               - isProfilingEnabled: false
14:22:51.075 [FXGL Background Thread 3 ] DEBUG Engine               - isScaleAffectedOnResize: true
14:22:51.075 [FXGL Background Thread 3 ] DEBUG Engine               - isSingleStep: false
14:22:51.075 [FXGL Background Thread 3 ] DEBUG Engine               - isUserProfileEnabled: false
14:22:51.076 [FXGL Background Thread 3 ] DEBUG Engine               - isWindows: true
14:22:51.076 [FXGL Background Thread 3 ] DEBUG Engine               - language: ObjectProperty [value: ENGLISH]
14:22:51.076 [FXGL Background Thread 3 ] DEBUG Engine               - menuKey: ESCAPE
14:22:51.076 [FXGL Background Thread 3 ] DEBUG Engine               - notificationViewClass: class com.almasb.fxgl.notification.view.XboxNotificationView
14:22:51.076 [FXGL Background Thread 3 ] DEBUG Engine               - pixelsPerMeter: 50.0
14:22:51.076 [FXGL Background Thread 3 ] DEBUG Engine               - platform: WINDOWS
14:22:51.076 [FXGL Background Thread 3 ] DEBUG Engine               - prefHeightProperty: ReadOnlyDoubleProperty [value: 800.0]
14:22:51.076 [FXGL Background Thread 3 ] DEBUG Engine               - prefWidthProperty: ReadOnlyDoubleProperty [value: 480.0]
14:22:51.077 [FXGL Background Thread 3 ] DEBUG Engine               - profileDir: profiles/
14:22:51.077 [FXGL Background Thread 3 ] DEBUG Engine               - profileName: StringProperty [value: DEFAULT]
14:22:51.077 [FXGL Background Thread 3 ] DEBUG Engine               - randomSeed: -1
14:22:51.077 [FXGL Background Thread 3 ] DEBUG Engine               - runtimeInfo: RuntimeInfo(platform=WINDOWS, version=11.14, build=01.03.2021 16.59)
14:22:51.077 [FXGL Background Thread 3 ] DEBUG Engine               - saveFileExt: sav
14:22:51.077 [FXGL Background Thread 3 ] DEBUG Engine               - scaledHeightProp$fxgl: DoubleProperty [bound, value: 800.0]
14:22:51.077 [FXGL Background Thread 3 ] DEBUG Engine               - scaledWidthProp$fxgl: DoubleProperty [bound, value: 480.0]
14:22:51.077 [FXGL Background Thread 3 ] DEBUG Engine               - sceneFactory: com.almasb.fxgl.app.scene.SceneFactory@620190c2
14:22:51.077 [FXGL Background Thread 3 ] DEBUG Engine               - secondsIn24h: 60
14:22:51.077 [FXGL Background Thread 3 ] DEBUG Engine               - soundMenuBack: menu/back.wav
14:22:51.078 [FXGL Background Thread 3 ] DEBUG Engine               - soundMenuPress: menu/press.wav
14:22:51.078 [FXGL Background Thread 3 ] DEBUG Engine               - soundMenuSelect: menu/select.wav
14:22:51.078 [FXGL Background Thread 3 ] DEBUG Engine               - soundNotification: core/notification.wav
14:22:51.078 [FXGL Background Thread 3 ] DEBUG Engine               - stageStyle: DECORATED
14:22:51.078 [FXGL Background Thread 3 ] DEBUG Engine               - supportedLanguages: [ENGLISH, FRENCH, GERMAN, HUNGARIAN, RUSSIAN]
14:22:51.078 [FXGL Background Thread 3 ] DEBUG Engine               - ticksPerSecond: -1
14:22:51.078 [FXGL Background Thread 3 ] DEBUG Engine               - title: Doodle Jump
14:22:51.078 [FXGL Background Thread 3 ] DEBUG Engine               - urlGithub: https://github.com/AlmasB/FXGL
14:22:51.078 [FXGL Background Thread 3 ] DEBUG Engine               - urlLeaderboard: http://fxgl-top.herokuapp.com/
14:22:51.078 [FXGL Background Thread 3 ] DEBUG Engine               - urlPOM: https://raw.githubusercontent.com/AlmasB/FXGL/release/README.md
14:22:51.078 [FXGL Background Thread 3 ] DEBUG Engine               - userAppClass: class sample.Main
14:22:51.078 [FXGL Background Thread 3 ] DEBUG Engine               - version: 1.0
14:22:51.078 [FXGL Background Thread 3 ] DEBUG Engine               - versionCheckDays: 7
14:22:51.079 [FXGL Background Thread 3 ] DEBUG Engine               - width: 480
14:22:51.079 [FXGL Background Thread 3 ] DEBUG Engine               - Logging services
14:22:51.079 [FXGL Background Thread 3 ] DEBUG Engine               - class com.almasb.fxgl.app.services.FXGLAssetLoaderService
14:22:51.079 [FXGL Background Thread 3 ] DEBUG Engine               - class com.almasb.fxgl.app.FXGLApplication$GameApplicationService
14:22:51.079 [FXGL Background Thread 3 ] DEBUG Engine               - class com.almasb.fxgl.app.services.FXGLDialogService
14:22:51.079 [FXGL Background Thread 3 ] DEBUG Engine               - class com.almasb.fxgl.app.services.IOTaskExecutorService
14:22:51.079 [FXGL Background Thread 3 ] DEBUG Engine               - class com.almasb.fxgl.event.EventBusService
14:22:51.079 [FXGL Background Thread 3 ] DEBUG Engine               - class com.almasb.fxgl.io.FileSystemService
14:22:51.079 [FXGL Background Thread 3 ] DEBUG Engine               - class com.almasb.fxgl.localization.LocalizationService
14:22:51.079 [FXGL Background Thread 3 ] DEBUG Engine               - class com.almasb.fxgl.app.services.SystemBundleService
14:22:51.079 [FXGL Background Thread 3 ] DEBUG Engine               - class com.almasb.fxgl.profile.SaveLoadService
14:22:51.079 [FXGL Background Thread 3 ] DEBUG Engine               - class com.almasb.fxgl.ui.FXGLUIFactoryServiceProvider
14:22:51.079 [FXGL Background Thread 3 ] DEBUG Engine               - class com.almasb.fxgl.ui.FXGLDialogFactoryServiceProvider
14:22:51.080 [FXGL Background Thread 3 ] DEBUG Engine               - class com.almasb.fxgl.audio.AudioPlayer
14:22:51.080 [FXGL Background Thread 3 ] DEBUG Engine               - class com.almasb.fxgl.notification.impl.NotificationServiceProvider
14:22:51.080 [FXGL Background Thread 3 ] DEBUG Engine               - class com.almasb.fxgl.achievement.AchievementService
14:22:51.080 [FXGL Background Thread 3 ] DEBUG Engine               - class com.almasb.fxgl.cutscene.CutsceneService
14:22:51.080 [FXGL Background Thread 3 ] DEBUG Engine               - class com.almasb.fxgl.minigames.MiniGameService
14:22:51.080 [FXGL Background Thread 3 ] DEBUG Engine               - class com.almasb.fxgl.net.NetService
14:22:51.080 [FXGL Background Thread 3 ] DEBUG Engine               - class com.almasb.fxgl.app.services.UpdaterService
14:22:51.080 [FXGL Background Thread 3 ] DEBUG Engine               - class com.almasb.fxgl.dev.DevService
14:22:54.806 [JavaFX Application Thread] DEBUG FXGLApplication      - Exiting FXGL
14:22:54.806 [JavaFX Application Thread] DEBUG LoopRunner           - Stopping loop
14:22:54.806 [JavaFX Application Thread] DEBUG SystemBundleService  - Saving FXGL system data
14:22:54.808 [JavaFX Application Thread] DEBUG FileSystemAccess     - Writing to: C:\Users\Koen\IdeaProjects\ipose-game\system\fxgl.bundle
14:22:54.809 [JavaFX Application Thread] DEBUG Async                - Shutting down background threads
14:22:54.809 [JavaFX Application Thread] DEBUG PrimaryStageWindow   - Closing main window
14:22:54.823 [JavaFX Application Thread] DEBUG Logger               - Closing Logger
