20:05:21.026 [main                     ] DEBUG Logger               - Configured Logger
20:05:21.047 [main                     ] DEBUG GameApplication      - Logging settings
Title: Doodle Jump
Version: 0.1
Width: 480
Height: 800
Fullscreen: false
Intro: false
Profiling: false
Single step:false
App Mode: DEVELOPER
Menu Key: ESCAPE
Stage Style: DECORATED
Scene Factory: class com.almasb.fxgl.app.scene.SceneFactory

20:05:21.616 [JavaFX Application Thread] DEBUG FXGLApplication      - Initializing FXGL
20:05:21.619 [JavaFX Application Thread] INFO  Engine               - FXGL-11.14 (01.03.2021 16.59) on WINDOWS (J:14.0.2 FX:15)
20:05:21.619 [JavaFX Application Thread] DEBUG Engine               - JRE Vendor Name: Oracle Corporation
20:05:21.620 [JavaFX Application Thread] DEBUG Engine               - Running on OS: Windows 10 version 10.0
20:05:21.620 [JavaFX Application Thread] DEBUG Engine               - Architecture: amd64
20:05:21.620 [JavaFX Application Thread] INFO  Engine               - Source code and latest versions at: https://github.com/AlmasB/FXGL
20:05:21.620 [JavaFX Application Thread] INFO  Engine               -              Join the FXGL chat at: https://gitter.im/AlmasB/FXGL
20:05:21.759 [JavaFX Application Thread] DEBUG PrimaryStageWindow   - Creating a JavaFX scene
20:05:21.817 [JavaFX Application Thread] DEBUG PrimaryStageWindow   - Target settings size: 480.0 x 800.0
20:05:21.818 [JavaFX Application Thread] DEBUG PrimaryStageWindow   - Scaled scene size:    480.0 x 800.0
20:05:21.818 [JavaFX Application Thread] DEBUG PrimaryStageWindow   - Scaled ratio: (1.0, 1.0)
20:05:21.820 [JavaFX Application Thread] DEBUG PrimaryStageWindow   - Set initial scene to FXGLStartupScene
20:05:21.828 [JavaFX Application Thread] DEBUG PrimaryStageWindow   - Opening main window
20:05:21.940 [JavaFX Application Thread] DEBUG PrimaryStageWindow   - Window border size: (16.0, 39.0)
20:05:21.941 [JavaFX Application Thread] DEBUG PrimaryStageWindow   - Scaled size: 480.0 x 800.0
20:05:21.941 [JavaFX Application Thread] DEBUG PrimaryStageWindow   - Scaled ratio: (1.0, 1.0)
20:05:21.941 [JavaFX Application Thread] DEBUG PrimaryStageWindow   - Scene size: 480.0 x 800.0
20:05:21.941 [JavaFX Application Thread] DEBUG PrimaryStageWindow   - Stage size: 496.0 x 839.0
20:05:21.949 [FXGL Background Thread 1 ] DEBUG Engine               - Initializing environment variables
20:05:21.995 [FXGL Background Thread 1 ] DEBUG FXGLAssetLoaderServi - User app class for loading assets: class sample.Main
20:05:21.996 [FXGL Background Thread 1 ] DEBUG GameApplicationServi - Applying CSS: fxgl_dark.css
20:05:21.997 [FXGL Background Thread 1 ] DEBUG FXGLAssetLoaderServi - Loading from file system: jar:file:/C:/Users/Koen/.m2/repository/com/github/almasb/fxgl/11.14/fxgl-11.14.jar!/fxglassets/ui/css/fxgl_dark.css
20:05:22.041 [FXGL Background Thread 1 ] DEBUG GameApplicationServi - Initializing application scenes
20:05:22.083 [FXGL Background Thread 1 ] DEBUG GameWorld            - Game world initialized
20:05:22.146 [FXGL Background Thread 1 ] DEBUG PhysicsWorld         - Physics world initialized: appHeight=800, physics.ppm=50,0
20:05:22.147 [FXGL Background Thread 1 ] DEBUG PhysicsWorld         - Using strategy: BRUTE_FORCE
20:05:22.150 [FXGL Background Thread 1 ] DEBUG GameScene            - Game scene initialized: 480x800
20:05:22.151 [FXGL Background Thread 1 ] DEBUG GameApplicationServi - Application scenes initialized
20:05:22.183 [FXGL Background Thread 1 ] DEBUG SystemBundleService  - Loading FXGL system data
20:05:22.190 [FXGL Background Thread 1 ] DEBUG FileSystemAccess     - Reading from: C:\Users\Koen\IdeaProjects\ipose-game\system\fxgl.bundle
20:05:22.200 [FXGL Background Thread 1 ] DEBUG SystemBundleService  - Bundle FXGL: {}
20:05:22.200 [FXGL Background Thread 1 ] DEBUG UpdaterService       - Checking for updates
20:05:22.253 [FXGL Background Thread 4 ] DEBUG FXGLApplication      - Loading fonts
20:05:22.254 [FXGL Background Thread 1 ] DEBUG FXGLApplication      - Loading default localization
20:05:22.255 [FXGL Background Thread 4 ] DEBUG FXGLAssetLoaderServi - Loading from file system: jar:file:/C:/Users/Koen/.m2/repository/com/github/almasb/fxgl/11.14/fxgl-11.14.jar!/fxglassets/ui/fonts/VarelaRound-Regular.ttf
20:05:22.255 [FXGL Background Thread 1 ] DEBUG FXGLAssetLoaderServi - Loading from file system: jar:file:/C:/Users/Koen/.m2/repository/com/github/almasb/fxgl/11.14/fxgl-11.14.jar!/fxglassets/languages/english.lang
20:05:22.276 [FXGL Background Thread 1 ] INFO  FXGLApplication      - FXGL initialization took: 0,326 sec
20:05:22.288 [JavaFX Application Thread] DEBUG Input                - Registered new binding: action0 - D
20:05:22.289 [JavaFX Application Thread] DEBUG Input                - Registered new binding: action1 - A
20:05:22.289 [JavaFX Application Thread] DEBUG Input                - Registered new binding: action2 - W
20:05:22.290 [JavaFX Application Thread] DEBUG Input                - Registered new binding: action3 - S
20:05:22.291 [JavaFX Application Thread] DEBUG FXGLAssetLoaderServi - Loading from file system: jar:file:/C:/Users/Koen/.m2/repository/com/github/almasb/fxgl/11.14/fxgl-11.14.jar!/fxglassets/textures/fxgl_icon.png
20:05:22.359 [JavaFX Application Thread] DEBUG FXGLAssetLoaderServi - Loading from file system: jar:file:/C:/Users/Koen/.m2/repository/com/github/almasb/fxgl/11.14/fxgl-11.14.jar!/fxglassets/ui/cursors/fxgl_default.png
20:05:22.360 [FXGL Background Thread 4 ] DEBUG FXGLAssetLoaderServi - Loading from file system: jar:file:/C:/Users/Koen/.m2/repository/com/github/almasb/fxgl/11.14/fxgl-11.14.jar!/fxglassets/ui/fonts/Abel-Regular.ttf
20:05:22.365 [JavaFX Application Thread] DEBUG Input                - Registered new binding: Screenshot - P
20:05:22.366 [JavaFX Application Thread] DEBUG Input                - Registered new binding: Dev Options - 1
20:05:22.367 [JavaFX Application Thread] DEBUG Input                - Registered new binding: Dev Console - 2
20:05:22.368 [JavaFX Application Thread] DEBUG Input                - Registered new binding: System info dump - CTRL+9
20:05:22.369 [FXGL Background Thread 4 ] DEBUG FXGLAssetLoaderServi - Loading from file system: jar:file:/C:/Users/Koen/.m2/repository/com/github/almasb/fxgl/11.14/fxgl-11.14.jar!/fxglassets/ui/fonts/lucida_console.ttf
20:05:22.370 [JavaFX Application Thread] DEBUG Input                - Registered new binding: Restart - CTRL+R
20:05:22.371 [JavaFX Application Thread] DEBUG Input                - Registered new binding: Toggle Debug Camera - CTRL+C
20:05:22.377 [JavaFX Application Thread] DEBUG LoopRunner           - Starting loop
20:05:22.378 [FXGL Background Thread 4 ] DEBUG FXGLAssetLoaderServi - Loading from file system: jar:file:/C:/Users/Koen/.m2/repository/com/github/almasb/fxgl/11.14/fxgl-11.14.jar!/fxglassets/ui/fonts/Courier-Prime.ttf
20:05:22.393 [JavaFX Application Thread] DEBUG LoopRunner           - Initializing JavaFX AnimationTimerLoop
20:05:22.396 [JavaFX Application Thread] DEBUG GameApplicationServi - Starting new game
20:05:22.397 [JavaFX Application Thread] DEBUG Input                - Clearing active input actions
20:05:22.414 [JavaFX Application Thread] DEBUG GameApplicationServi - Removing overlay from FXGLStartupScene and adding to FXGLLoadingScene
20:05:22.418 [JavaFX Application Thread] DEBUG PrimaryStageWindow   - FXGLStartupScene -> FXGLLoadingScene
20:05:22.419 [JavaFX Application Thread] DEBUG GameApplicationServi - Clearing previous game
20:05:22.419 [JavaFX Application Thread] DEBUG GameScene            - Clearing game scene
20:05:22.419 [JavaFX Application Thread] DEBUG GameWorld            - Clearing game world
20:05:22.420 [JavaFX Application Thread] DEBUG PhysicsWorld         - Clearing physics world
20:05:22.422 [FXGL Background Thread 4 ] DEBUG FXGLApplication      - Initializing game
20:05:22.429 [JavaFX Application Thread] DEBUG FXGLApplication      - Registering font factories with UI factory
20:05:22.431 [FXGL Background Thread 4 ] DEBUG FXGLAssetLoaderServi - Loading from file system: file:/C:/Users/Koen/IdeaProjects/ipose-game/target/classes/assets/textures/Platform.png
20:05:22.461 [FXGL Background Thread 4 ] DEBUG FXGLAssetLoaderServi - Loading from file system: file:/C:/Users/Koen/IdeaProjects/ipose-game/target/classes/assets/textures/Doodler.png
20:05:22.471 [FXGL Background Thread 4 ] DEBUG FXGLAssetLoaderServi - Loading from file system: file:/C:/Users/Koen/IdeaProjects/ipose-game/target/classes/assets/textures/background.png
20:05:22.531 [FXGL Background Thread 4 ] INFO  FXGLApplication      - Game initialization took: 0,108 sec
20:05:22.727 [JavaFX Application Thread] DEBUG Input                - Clearing active input actions
20:05:22.735 [JavaFX Application Thread] DEBUG GameApplicationServi - Removing overlay from FXGLLoadingScene and adding to GameScene
20:05:22.740 [JavaFX Application Thread] DEBUG PrimaryStageWindow   - FXGLLoadingScene -> GameScene
20:05:25.251 [FXGL Background Thread 3 ] DEBUG Engine               - Logging environment variables
20:05:25.251 [FXGL Background Thread 3 ] DEBUG Engine               - achievements: []
20:05:25.252 [FXGL Background Thread 3 ] DEBUG Engine               - actualHeight: 800.0
20:05:25.252 [FXGL Background Thread 3 ] DEBUG Engine               - actualHeightProperty: ReadOnlyDoubleProperty [value: 800.0]
20:05:25.252 [FXGL Background Thread 3 ] DEBUG Engine               - actualWidth: 480.0
20:05:25.252 [FXGL Background Thread 3 ] DEBUG Engine               - actualWidthProperty: ReadOnlyDoubleProperty [value: 480.0]
20:05:25.252 [FXGL Background Thread 3 ] DEBUG Engine               - appIcon: fxgl_icon.png
20:05:25.253 [FXGL Background Thread 3 ] DEBUG Engine               - applicationMode: DEVELOPER
20:05:25.253 [FXGL Background Thread 3 ] DEBUG Engine               - cSSList: [fxgl_dark.css]
20:05:25.253 [FXGL Background Thread 3 ] DEBUG Engine               - collisionDetectionStrategy: BRUTE_FORCE
20:05:25.253 [FXGL Background Thread 3 ] DEBUG Engine               - configClass: Optional.empty
20:05:25.253 [FXGL Background Thread 3 ] DEBUG Engine               - credits: []
20:05:25.253 [FXGL Background Thread 3 ] DEBUG Engine               - devBBoxColorProperty: ObjectProperty [value: 0xff0000ff]
20:05:25.254 [FXGL Background Thread 3 ] DEBUG Engine               - devEnableDebugCameraProperty: BooleanProperty [value: false]
20:05:25.254 [FXGL Background Thread 3 ] DEBUG Engine               - devSensorColorProperty: ObjectProperty [value: 0xffff00ff]
20:05:25.254 [FXGL Background Thread 3 ] DEBUG Engine               - devShowBBoxProperty: BooleanProperty [value: false]
20:05:25.254 [FXGL Background Thread 3 ] DEBUG Engine               - devShowPositionProperty: BooleanProperty [value: false]
20:05:25.254 [FXGL Background Thread 3 ] DEBUG Engine               - enabledMenuItems: []
20:05:25.254 [FXGL Background Thread 3 ] DEBUG Engine               - engineServices: [class com.almasb.fxgl.app.services.FXGLAssetLoaderService, class com.almasb.fxgl.app.FXGLApplication$GameApplicationService, class com.almasb.fxgl.app.services.FXGLDialogService, class com.almasb.fxgl.app.services.IOTaskExecutorService, class com.almasb.fxgl.event.EventBusService, class com.almasb.fxgl.io.FileSystemService, class com.almasb.fxgl.localization.LocalizationService, class com.almasb.fxgl.app.services.SystemBundleService, class com.almasb.fxgl.profile.SaveLoadService, class com.almasb.fxgl.ui.FXGLUIFactoryServiceProvider, class com.almasb.fxgl.ui.FXGLDialogFactoryServiceProvider, class com.almasb.fxgl.audio.AudioPlayer, class com.almasb.fxgl.notification.impl.NotificationServiceProvider, class com.almasb.fxgl.achievement.AchievementService, class com.almasb.fxgl.cutscene.CutsceneService, class com.almasb.fxgl.minigames.MiniGameService, class com.almasb.fxgl.net.NetService, class com.almasb.fxgl.app.services.UpdaterService, class com.almasb.fxgl.dev.DevService]
20:05:25.254 [FXGL Background Thread 3 ] DEBUG Engine               - fontGame: Abel-Regular.ttf
20:05:25.254 [FXGL Background Thread 3 ] DEBUG Engine               - fontMono: lucida_console.ttf
20:05:25.254 [FXGL Background Thread 3 ] DEBUG Engine               - fontText: Courier-Prime.ttf
20:05:25.254 [FXGL Background Thread 3 ] DEBUG Engine               - fontUI: VarelaRound-Regular.ttf
20:05:25.254 [FXGL Background Thread 3 ] DEBUG Engine               - fullScreen: BooleanProperty [value: false]
20:05:25.255 [FXGL Background Thread 3 ] DEBUG Engine               - gameDifficulty: MEDIUM
20:05:25.255 [FXGL Background Thread 3 ] DEBUG Engine               - gameDifficultyProperty: ObjectProperty [value: MEDIUM]
20:05:25.255 [FXGL Background Thread 3 ] DEBUG Engine               - globalMusicVolume: 0.5
20:05:25.255 [FXGL Background Thread 3 ] DEBUG Engine               - globalMusicVolumeProperty: DoubleProperty [value: 0.5]
20:05:25.255 [FXGL Background Thread 3 ] DEBUG Engine               - globalSoundVolume: 0.5
20:05:25.255 [FXGL Background Thread 3 ] DEBUG Engine               - globalSoundVolumeProperty: DoubleProperty [value: 0.5]
20:05:25.255 [FXGL Background Thread 3 ] DEBUG Engine               - height: 800
20:05:25.255 [FXGL Background Thread 3 ] DEBUG Engine               - isAndroid: false
20:05:25.255 [FXGL Background Thread 3 ] DEBUG Engine               - isBrowser: false
20:05:25.255 [FXGL Background Thread 3 ] DEBUG Engine               - isClickFeedbackEnabled: false
20:05:25.255 [FXGL Background Thread 3 ] DEBUG Engine               - isCloseConfirmation: false
20:05:25.255 [FXGL Background Thread 3 ] DEBUG Engine               - isDesktop: true
20:05:25.256 [FXGL Background Thread 3 ] DEBUG Engine               - isDeveloperMenuEnabled: true
20:05:25.256 [FXGL Background Thread 3 ] DEBUG Engine               - isEntityPreloadEnabled: true
20:05:25.256 [FXGL Background Thread 3 ] DEBUG Engine               - isExperimental3D: false
20:05:25.256 [FXGL Background Thread 3 ] DEBUG Engine               - isExperimentalNative: false
20:05:25.256 [FXGL Background Thread 3 ] DEBUG Engine               - isExperimentalTiledLargeMap: false
20:05:25.256 [FXGL Background Thread 3 ] DEBUG Engine               - isFileSystemWriteAllowed: true
20:05:25.256 [FXGL Background Thread 3 ] DEBUG Engine               - isFullScreenAllowed: false
20:05:25.256 [FXGL Background Thread 3 ] DEBUG Engine               - isFullScreenFromStart: false
20:05:25.256 [FXGL Background Thread 3 ] DEBUG Engine               - isGameMenuEnabled: false
20:05:25.256 [FXGL Background Thread 3 ] DEBUG Engine               - isIOS: false
20:05:25.256 [FXGL Background Thread 3 ] DEBUG Engine               - isIntroEnabled: false
20:05:25.257 [FXGL Background Thread 3 ] DEBUG Engine               - isLinux: false
20:05:25.257 [FXGL Background Thread 3 ] DEBUG Engine               - isMac: false
20:05:25.257 [FXGL Background Thread 3 ] DEBUG Engine               - isMainMenuEnabled: false
20:05:25.257 [FXGL Background Thread 3 ] DEBUG Engine               - isManualResizeEnabled: false
20:05:25.257 [FXGL Background Thread 3 ] DEBUG Engine               - isMobile: false
20:05:25.257 [FXGL Background Thread 3 ] DEBUG Engine               - isPreserveResizeRatio: false
20:05:25.257 [FXGL Background Thread 3 ] DEBUG Engine               - isProfilingEnabled: false
20:05:25.257 [FXGL Background Thread 3 ] DEBUG Engine               - isScaleAffectedOnResize: true
20:05:25.258 [FXGL Background Thread 3 ] DEBUG Engine               - isSingleStep: false
20:05:25.258 [FXGL Background Thread 3 ] DEBUG Engine               - isUserProfileEnabled: false
20:05:25.258 [FXGL Background Thread 3 ] DEBUG Engine               - isWindows: true
20:05:25.258 [FXGL Background Thread 3 ] DEBUG Engine               - language: ObjectProperty [value: ENGLISH]
20:05:25.258 [FXGL Background Thread 3 ] DEBUG Engine               - menuKey: ESCAPE
20:05:25.258 [FXGL Background Thread 3 ] DEBUG Engine               - notificationViewClass: class com.almasb.fxgl.notification.view.XboxNotificationView
20:05:25.258 [FXGL Background Thread 3 ] DEBUG Engine               - pixelsPerMeter: 50.0
20:05:25.258 [FXGL Background Thread 3 ] DEBUG Engine               - platform: WINDOWS
20:05:25.259 [FXGL Background Thread 3 ] DEBUG Engine               - prefHeightProperty: ReadOnlyDoubleProperty [value: 800.0]
20:05:25.259 [FXGL Background Thread 3 ] DEBUG Engine               - prefWidthProperty: ReadOnlyDoubleProperty [value: 480.0]
20:05:25.259 [FXGL Background Thread 3 ] DEBUG Engine               - profileDir: profiles/
20:05:25.259 [FXGL Background Thread 3 ] DEBUG Engine               - profileName: StringProperty [value: DEFAULT]
20:05:25.259 [FXGL Background Thread 3 ] DEBUG Engine               - randomSeed: -1
20:05:25.259 [FXGL Background Thread 3 ] DEBUG Engine               - runtimeInfo: RuntimeInfo(platform=WINDOWS, version=11.14, build=01.03.2021 16.59)
20:05:25.259 [FXGL Background Thread 3 ] DEBUG Engine               - saveFileExt: sav
20:05:25.259 [FXGL Background Thread 3 ] DEBUG Engine               - scaledHeightProp$fxgl: DoubleProperty [bound, value: 800.0]
20:05:25.259 [FXGL Background Thread 3 ] DEBUG Engine               - scaledWidthProp$fxgl: DoubleProperty [bound, value: 480.0]
20:05:25.259 [FXGL Background Thread 3 ] DEBUG Engine               - sceneFactory: com.almasb.fxgl.app.scene.SceneFactory@7a4ff5d1
20:05:25.259 [FXGL Background Thread 3 ] DEBUG Engine               - secondsIn24h: 60
20:05:25.260 [FXGL Background Thread 3 ] DEBUG Engine               - soundMenuBack: menu/back.wav
20:05:25.260 [FXGL Background Thread 3 ] DEBUG Engine               - soundMenuPress: menu/press.wav
20:05:25.260 [FXGL Background Thread 3 ] DEBUG Engine               - soundMenuSelect: menu/select.wav
20:05:25.260 [FXGL Background Thread 3 ] DEBUG Engine               - soundNotification: core/notification.wav
20:05:25.260 [FXGL Background Thread 3 ] DEBUG Engine               - stageStyle: DECORATED
20:05:25.260 [FXGL Background Thread 3 ] DEBUG Engine               - supportedLanguages: [ENGLISH, FRENCH, GERMAN, HUNGARIAN, RUSSIAN]
20:05:25.260 [FXGL Background Thread 3 ] DEBUG Engine               - ticksPerSecond: -1
20:05:25.260 [FXGL Background Thread 3 ] DEBUG Engine               - title: Doodle Jump
20:05:25.260 [FXGL Background Thread 3 ] DEBUG Engine               - urlGithub: https://github.com/AlmasB/FXGL
20:05:25.260 [FXGL Background Thread 3 ] DEBUG Engine               - urlLeaderboard: http://fxgl-top.herokuapp.com/
20:05:25.260 [FXGL Background Thread 3 ] DEBUG Engine               - urlPOM: https://raw.githubusercontent.com/AlmasB/FXGL/release/README.md
20:05:25.261 [FXGL Background Thread 3 ] DEBUG Engine               - userAppClass: class sample.Main
20:05:25.261 [FXGL Background Thread 3 ] DEBUG Engine               - version: 0.1
20:05:25.261 [FXGL Background Thread 3 ] DEBUG Engine               - versionCheckDays: 7
20:05:25.261 [FXGL Background Thread 3 ] DEBUG Engine               - width: 480
20:05:25.261 [FXGL Background Thread 3 ] DEBUG Engine               - Logging services
20:05:25.261 [FXGL Background Thread 3 ] DEBUG Engine               - class com.almasb.fxgl.app.services.FXGLAssetLoaderService
20:05:25.261 [FXGL Background Thread 3 ] DEBUG Engine               - class com.almasb.fxgl.app.FXGLApplication$GameApplicationService
20:05:25.261 [FXGL Background Thread 3 ] DEBUG Engine               - class com.almasb.fxgl.app.services.FXGLDialogService
20:05:25.262 [FXGL Background Thread 3 ] DEBUG Engine               - class com.almasb.fxgl.app.services.IOTaskExecutorService
20:05:25.262 [FXGL Background Thread 3 ] DEBUG Engine               - class com.almasb.fxgl.event.EventBusService
20:05:25.262 [FXGL Background Thread 3 ] DEBUG Engine               - class com.almasb.fxgl.io.FileSystemService
20:05:25.262 [FXGL Background Thread 3 ] DEBUG Engine               - class com.almasb.fxgl.localization.LocalizationService
20:05:25.262 [FXGL Background Thread 3 ] DEBUG Engine               - class com.almasb.fxgl.app.services.SystemBundleService
20:05:25.262 [FXGL Background Thread 3 ] DEBUG Engine               - class com.almasb.fxgl.profile.SaveLoadService
20:05:25.262 [FXGL Background Thread 3 ] DEBUG Engine               - class com.almasb.fxgl.ui.FXGLUIFactoryServiceProvider
20:05:25.262 [FXGL Background Thread 3 ] DEBUG Engine               - class com.almasb.fxgl.ui.FXGLDialogFactoryServiceProvider
20:05:25.262 [FXGL Background Thread 3 ] DEBUG Engine               - class com.almasb.fxgl.audio.AudioPlayer
20:05:25.262 [FXGL Background Thread 3 ] DEBUG Engine               - class com.almasb.fxgl.notification.impl.NotificationServiceProvider
20:05:25.262 [FXGL Background Thread 3 ] DEBUG Engine               - class com.almasb.fxgl.achievement.AchievementService
20:05:25.262 [FXGL Background Thread 3 ] DEBUG Engine               - class com.almasb.fxgl.cutscene.CutsceneService
20:05:25.262 [FXGL Background Thread 3 ] DEBUG Engine               - class com.almasb.fxgl.minigames.MiniGameService
20:05:25.262 [FXGL Background Thread 3 ] DEBUG Engine               - class com.almasb.fxgl.net.NetService
20:05:25.262 [FXGL Background Thread 3 ] DEBUG Engine               - class com.almasb.fxgl.app.services.UpdaterService
20:05:25.263 [FXGL Background Thread 3 ] DEBUG Engine               - class com.almasb.fxgl.dev.DevService
20:05:41.636 [JavaFX Application Thread] DEBUG FXGLAssetLoaderServi - Loading from file system: file:/C:/Users/Koen/IdeaProjects/ipose-game/target/classes/assets/sounds/jump.wav
20:09:49.146 [JavaFX Application Thread] DEBUG FXGLApplication      - Exiting FXGL
20:09:49.147 [JavaFX Application Thread] DEBUG LoopRunner           - Stopping loop
20:09:49.147 [JavaFX Application Thread] DEBUG SystemBundleService  - Saving FXGL system data
20:09:49.149 [JavaFX Application Thread] DEBUG FileSystemAccess     - Writing to: C:\Users\Koen\IdeaProjects\ipose-game\system\fxgl.bundle
20:09:49.151 [JavaFX Application Thread] DEBUG Async                - Shutting down background threads
20:09:49.151 [JavaFX Application Thread] DEBUG PrimaryStageWindow   - Closing main window
20:09:49.180 [JavaFX Application Thread] DEBUG Logger               - Closing Logger
