13:30:23.845 [main                     ] DEBUG Logger               - Configured Logger
13:30:23.860 [main                     ] DEBUG GameApplication      - Logging settings
Title: Doodle Jump
Version: 0.1
Width: 480
Height: 800
Fullscreen: false
Intro: false
Profiling: false
Single step:false
App Mode: DEVELOPER
Menu Key: ESCAPE
Stage Style: DECORATED
Scene Factory: class com.almasb.fxgl.app.scene.SceneFactory

13:30:24.270 [JavaFX Application Thread] DEBUG FXGLApplication      - Initializing FXGL
13:30:24.274 [JavaFX Application Thread] INFO  Engine               - FXGL-11.14 (01.03.2021 16.59) on WINDOWS (J:14.0.2 FX:15)
13:30:24.274 [JavaFX Application Thread] DEBUG Engine               - JRE Vendor Name: Oracle Corporation
13:30:24.274 [JavaFX Application Thread] DEBUG Engine               - Running on OS: Windows 10 version 10.0
13:30:24.275 [JavaFX Application Thread] DEBUG Engine               - Architecture: amd64
13:30:24.275 [JavaFX Application Thread] INFO  Engine               - Source code and latest versions at: https://github.com/AlmasB/FXGL
13:30:24.275 [JavaFX Application Thread] INFO  Engine               -              Join the FXGL chat at: https://gitter.im/AlmasB/FXGL
13:30:24.387 [JavaFX Application Thread] DEBUG PrimaryStageWindow   - Creating a JavaFX scene
13:30:24.437 [JavaFX Application Thread] DEBUG PrimaryStageWindow   - Target settings size: 480.0 x 800.0
13:30:24.437 [JavaFX Application Thread] DEBUG PrimaryStageWindow   - Scaled scene size:    480.0 x 800.0
13:30:24.437 [JavaFX Application Thread] DEBUG PrimaryStageWindow   - Scaled ratio: (1.0, 1.0)
13:30:24.438 [JavaFX Application Thread] DEBUG PrimaryStageWindow   - Set initial scene to FXGLStartupScene
13:30:24.446 [JavaFX Application Thread] DEBUG PrimaryStageWindow   - Opening main window
13:30:24.539 [JavaFX Application Thread] DEBUG PrimaryStageWindow   - Window border size: (16.0, 39.0)
13:30:24.539 [JavaFX Application Thread] DEBUG PrimaryStageWindow   - Scaled size: 480.0 x 800.0
13:30:24.539 [JavaFX Application Thread] DEBUG PrimaryStageWindow   - Scaled ratio: (1.0, 1.0)
13:30:24.539 [JavaFX Application Thread] DEBUG PrimaryStageWindow   - Scene size: 480.0 x 800.0
13:30:24.540 [JavaFX Application Thread] DEBUG PrimaryStageWindow   - Stage size: 496.0 x 839.0
13:30:24.547 [FXGL Background Thread 1 ] DEBUG Engine               - Initializing environment variables
13:30:24.580 [FXGL Background Thread 1 ] DEBUG FXGLAssetLoaderServi - User app class for loading assets: class sample.Main
13:30:24.581 [FXGL Background Thread 1 ] DEBUG GameApplicationServi - Applying CSS: fxgl_dark.css
13:30:24.582 [FXGL Background Thread 1 ] DEBUG FXGLAssetLoaderServi - Loading from file system: jar:file:/C:/Users/Koen/.m2/repository/com/github/almasb/fxgl/11.14/fxgl-11.14.jar!/fxglassets/ui/css/fxgl_dark.css
13:30:24.625 [FXGL Background Thread 1 ] DEBUG GameApplicationServi - Initializing application scenes
13:30:24.657 [FXGL Background Thread 1 ] DEBUG GameWorld            - Game world initialized
13:30:24.711 [FXGL Background Thread 1 ] DEBUG PhysicsWorld         - Physics world initialized: appHeight=800, physics.ppm=50,0
13:30:24.711 [FXGL Background Thread 1 ] DEBUG PhysicsWorld         - Using strategy: BRUTE_FORCE
13:30:24.714 [FXGL Background Thread 1 ] DEBUG GameScene            - Game scene initialized: 480x800
13:30:24.714 [FXGL Background Thread 1 ] DEBUG GameApplicationServi - Application scenes initialized
13:30:24.740 [FXGL Background Thread 1 ] DEBUG SystemBundleService  - Loading FXGL system data
13:30:24.743 [FXGL Background Thread 1 ] DEBUG FileSystemAccess     - Reading from: C:\Users\Koen\IdeaProjects\ipose-game\system\fxgl.bundle
13:30:24.750 [FXGL Background Thread 1 ] DEBUG SystemBundleService  - Bundle FXGL: {}
13:30:24.751 [FXGL Background Thread 1 ] DEBUG UpdaterService       - Checking for updates
13:30:24.781 [FXGL Background Thread 4 ] DEBUG FXGLApplication      - Loading fonts
13:30:24.781 [FXGL Background Thread 1 ] DEBUG FXGLApplication      - Loading default localization
13:30:24.782 [FXGL Background Thread 1 ] DEBUG FXGLAssetLoaderServi - Loading from file system: jar:file:/C:/Users/Koen/.m2/repository/com/github/almasb/fxgl/11.14/fxgl-11.14.jar!/fxglassets/languages/english.lang
13:30:24.782 [FXGL Background Thread 4 ] DEBUG FXGLAssetLoaderServi - Loading from file system: jar:file:/C:/Users/Koen/.m2/repository/com/github/almasb/fxgl/11.14/fxgl-11.14.jar!/fxglassets/ui/fonts/VarelaRound-Regular.ttf
13:30:24.796 [FXGL Background Thread 1 ] INFO  FXGLApplication      - FXGL initialization took: 0,249 sec
13:30:24.806 [JavaFX Application Thread] DEBUG Input                - Registered new binding: Left - A
13:30:24.806 [JavaFX Application Thread] DEBUG Input                - Registered new binding: Right - D
13:30:24.806 [JavaFX Application Thread] DEBUG Input                - Registered new binding: Up - W
13:30:24.807 [JavaFX Application Thread] DEBUG FXGLAssetLoaderServi - Loading from file system: jar:file:/C:/Users/Koen/.m2/repository/com/github/almasb/fxgl/11.14/fxgl-11.14.jar!/fxglassets/textures/fxgl_icon.png
13:30:24.859 [FXGL Background Thread 4 ] DEBUG FXGLAssetLoaderServi - Loading from file system: jar:file:/C:/Users/Koen/.m2/repository/com/github/almasb/fxgl/11.14/fxgl-11.14.jar!/fxglassets/ui/fonts/Abel-Regular.ttf
13:30:24.862 [JavaFX Application Thread] DEBUG FXGLAssetLoaderServi - Loading from file system: jar:file:/C:/Users/Koen/.m2/repository/com/github/almasb/fxgl/11.14/fxgl-11.14.jar!/fxglassets/ui/cursors/fxgl_default.png
13:30:24.864 [FXGL Background Thread 4 ] DEBUG FXGLAssetLoaderServi - Loading from file system: jar:file:/C:/Users/Koen/.m2/repository/com/github/almasb/fxgl/11.14/fxgl-11.14.jar!/fxglassets/ui/fonts/lucida_console.ttf
13:30:24.866 [JavaFX Application Thread] DEBUG Input                - Registered new binding: Screenshot - P
13:30:24.866 [JavaFX Application Thread] DEBUG Input                - Registered new binding: Dev Options - 1
13:30:24.867 [JavaFX Application Thread] DEBUG Input                - Registered new binding: Dev Console - 2
13:30:24.868 [JavaFX Application Thread] DEBUG Input                - Registered new binding: System info dump - CTRL+9
13:30:24.868 [JavaFX Application Thread] DEBUG Input                - Registered new binding: Restart - CTRL+R
13:30:24.869 [JavaFX Application Thread] DEBUG Input                - Registered new binding: Toggle Debug Camera - CTRL+C
13:30:24.871 [FXGL Background Thread 4 ] DEBUG FXGLAssetLoaderServi - Loading from file system: jar:file:/C:/Users/Koen/.m2/repository/com/github/almasb/fxgl/11.14/fxgl-11.14.jar!/fxglassets/ui/fonts/Courier-Prime.ttf
13:30:24.872 [JavaFX Application Thread] DEBUG LoopRunner           - Starting loop
13:30:24.887 [JavaFX Application Thread] DEBUG LoopRunner           - Initializing JavaFX AnimationTimerLoop
13:30:24.888 [JavaFX Application Thread] DEBUG GameApplicationServi - Starting new game
13:30:24.889 [JavaFX Application Thread] DEBUG Input                - Clearing active input actions
13:30:24.900 [JavaFX Application Thread] DEBUG GameApplicationServi - Removing overlay from FXGLStartupScene and adding to FXGLLoadingScene
13:30:24.904 [JavaFX Application Thread] DEBUG PrimaryStageWindow   - FXGLStartupScene -> FXGLLoadingScene
13:30:24.904 [JavaFX Application Thread] DEBUG GameApplicationServi - Clearing previous game
13:30:24.904 [JavaFX Application Thread] DEBUG GameScene            - Clearing game scene
13:30:24.904 [JavaFX Application Thread] DEBUG GameWorld            - Clearing game world
13:30:24.904 [JavaFX Application Thread] DEBUG PhysicsWorld         - Clearing physics world
13:30:24.906 [JavaFX Application Thread] DEBUG FXGLApplication      - Registering font factories with UI factory
13:30:24.906 [FXGL Background Thread 4 ] DEBUG FXGLApplication      - Initializing game
13:30:24.912 [FXGL Background Thread 4 ] DEBUG FXGLAssetLoaderServi - Loading from file system: file:/C:/Users/Koen/IdeaProjects/ipose-game/target/classes/assets/textures/Platform.png
13:30:25.014 [FXGL Background Thread 4 ] DEBUG FXGLAssetLoaderServi - Loading from file system: file:/C:/Users/Koen/IdeaProjects/ipose-game/target/classes/assets/textures/Doodler.png
13:30:25.024 [FXGL Background Thread 4 ] DEBUG FXGLAssetLoaderServi - Loading from file system: file:/C:/Users/Koen/IdeaProjects/ipose-game/target/classes/assets/textures/background.png
13:30:25.069 [FXGL Background Thread 4 ] INFO  FXGLApplication      - Game initialization took: 0,163 sec
13:30:25.115 [JavaFX Application Thread] DEBUG Input                - Clearing active input actions
13:30:25.127 [JavaFX Application Thread] DEBUG GameApplicationServi - Removing overlay from FXGLLoadingScene and adding to GameScene
13:30:25.131 [JavaFX Application Thread] DEBUG PrimaryStageWindow   - FXGLLoadingScene -> GameScene
13:30:27.780 [FXGL Background Thread 3 ] DEBUG Engine               - Logging environment variables
13:30:27.780 [FXGL Background Thread 3 ] DEBUG Engine               - achievements: []
13:30:27.780 [FXGL Background Thread 3 ] DEBUG Engine               - actualHeight: 800.0
13:30:27.780 [FXGL Background Thread 3 ] DEBUG Engine               - actualHeightProperty: ReadOnlyDoubleProperty [value: 800.0]
13:30:27.781 [FXGL Background Thread 3 ] DEBUG Engine               - actualWidth: 480.0
13:30:27.781 [FXGL Background Thread 3 ] DEBUG Engine               - actualWidthProperty: ReadOnlyDoubleProperty [value: 480.0]
13:30:27.781 [FXGL Background Thread 3 ] DEBUG Engine               - appIcon: fxgl_icon.png
13:30:27.781 [FXGL Background Thread 3 ] DEBUG Engine               - applicationMode: DEVELOPER
13:30:27.781 [FXGL Background Thread 3 ] DEBUG Engine               - cSSList: [fxgl_dark.css]
13:30:27.781 [FXGL Background Thread 3 ] DEBUG Engine               - collisionDetectionStrategy: BRUTE_FORCE
13:30:27.781 [FXGL Background Thread 3 ] DEBUG Engine               - configClass: Optional.empty
13:30:27.781 [FXGL Background Thread 3 ] DEBUG Engine               - credits: []
13:30:27.782 [FXGL Background Thread 3 ] DEBUG Engine               - devBBoxColorProperty: ObjectProperty [value: 0xff0000ff]
13:30:27.782 [FXGL Background Thread 3 ] DEBUG Engine               - devEnableDebugCameraProperty: BooleanProperty [value: false]
13:30:27.782 [FXGL Background Thread 3 ] DEBUG Engine               - devSensorColorProperty: ObjectProperty [value: 0xffff00ff]
13:30:27.782 [FXGL Background Thread 3 ] DEBUG Engine               - devShowBBoxProperty: BooleanProperty [value: false]
13:30:27.782 [FXGL Background Thread 3 ] DEBUG Engine               - devShowPositionProperty: BooleanProperty [value: false]
13:30:27.782 [FXGL Background Thread 3 ] DEBUG Engine               - enabledMenuItems: []
13:30:27.782 [FXGL Background Thread 3 ] DEBUG Engine               - engineServices: [class com.almasb.fxgl.app.services.FXGLAssetLoaderService, class com.almasb.fxgl.app.FXGLApplication$GameApplicationService, class com.almasb.fxgl.app.services.FXGLDialogService, class com.almasb.fxgl.app.services.IOTaskExecutorService, class com.almasb.fxgl.event.EventBusService, class com.almasb.fxgl.io.FileSystemService, class com.almasb.fxgl.localization.LocalizationService, class com.almasb.fxgl.app.services.SystemBundleService, class com.almasb.fxgl.profile.SaveLoadService, class com.almasb.fxgl.ui.FXGLUIFactoryServiceProvider, class com.almasb.fxgl.ui.FXGLDialogFactoryServiceProvider, class com.almasb.fxgl.audio.AudioPlayer, class com.almasb.fxgl.notification.impl.NotificationServiceProvider, class com.almasb.fxgl.achievement.AchievementService, class com.almasb.fxgl.cutscene.CutsceneService, class com.almasb.fxgl.minigames.MiniGameService, class com.almasb.fxgl.net.NetService, class com.almasb.fxgl.app.services.UpdaterService, class com.almasb.fxgl.dev.DevService]
13:30:27.782 [FXGL Background Thread 3 ] DEBUG Engine               - fontGame: Abel-Regular.ttf
13:30:27.782 [FXGL Background Thread 3 ] DEBUG Engine               - fontMono: lucida_console.ttf
13:30:27.782 [FXGL Background Thread 3 ] DEBUG Engine               - fontText: Courier-Prime.ttf
13:30:27.782 [FXGL Background Thread 3 ] DEBUG Engine               - fontUI: VarelaRound-Regular.ttf
13:30:27.783 [FXGL Background Thread 3 ] DEBUG Engine               - fullScreen: BooleanProperty [value: false]
13:30:27.783 [FXGL Background Thread 3 ] DEBUG Engine               - gameDifficulty: MEDIUM
13:30:27.783 [FXGL Background Thread 3 ] DEBUG Engine               - gameDifficultyProperty: ObjectProperty [value: MEDIUM]
13:30:27.783 [FXGL Background Thread 3 ] DEBUG Engine               - globalMusicVolume: 0.5
13:30:27.783 [FXGL Background Thread 3 ] DEBUG Engine               - globalMusicVolumeProperty: DoubleProperty [value: 0.5]
13:30:27.783 [FXGL Background Thread 3 ] DEBUG Engine               - globalSoundVolume: 0.5
13:30:27.783 [FXGL Background Thread 3 ] DEBUG Engine               - globalSoundVolumeProperty: DoubleProperty [value: 0.5]
13:30:27.783 [FXGL Background Thread 3 ] DEBUG Engine               - height: 800
13:30:27.783 [FXGL Background Thread 3 ] DEBUG Engine               - isAndroid: false
13:30:27.783 [FXGL Background Thread 3 ] DEBUG Engine               - isBrowser: false
13:30:27.783 [FXGL Background Thread 3 ] DEBUG Engine               - isClickFeedbackEnabled: false
13:30:27.783 [FXGL Background Thread 3 ] DEBUG Engine               - isCloseConfirmation: false
13:30:27.783 [FXGL Background Thread 3 ] DEBUG Engine               - isDesktop: true
13:30:27.784 [FXGL Background Thread 3 ] DEBUG Engine               - isDeveloperMenuEnabled: true
13:30:27.784 [FXGL Background Thread 3 ] DEBUG Engine               - isEntityPreloadEnabled: true
13:30:27.784 [FXGL Background Thread 3 ] DEBUG Engine               - isExperimental3D: false
13:30:27.784 [FXGL Background Thread 3 ] DEBUG Engine               - isExperimentalNative: false
13:30:27.784 [FXGL Background Thread 3 ] DEBUG Engine               - isExperimentalTiledLargeMap: false
13:30:27.784 [FXGL Background Thread 3 ] DEBUG Engine               - isFileSystemWriteAllowed: true
13:30:27.784 [FXGL Background Thread 3 ] DEBUG Engine               - isFullScreenAllowed: false
13:30:27.784 [FXGL Background Thread 3 ] DEBUG Engine               - isFullScreenFromStart: false
13:30:27.784 [FXGL Background Thread 3 ] DEBUG Engine               - isGameMenuEnabled: false
13:30:27.784 [FXGL Background Thread 3 ] DEBUG Engine               - isIOS: false
13:30:27.784 [FXGL Background Thread 3 ] DEBUG Engine               - isIntroEnabled: false
13:30:27.784 [FXGL Background Thread 3 ] DEBUG Engine               - isLinux: false
13:30:27.784 [FXGL Background Thread 3 ] DEBUG Engine               - isMac: false
13:30:27.784 [FXGL Background Thread 3 ] DEBUG Engine               - isMainMenuEnabled: false
13:30:27.785 [FXGL Background Thread 3 ] DEBUG Engine               - isManualResizeEnabled: false
13:30:27.785 [FXGL Background Thread 3 ] DEBUG Engine               - isMobile: false
13:30:27.785 [FXGL Background Thread 3 ] DEBUG Engine               - isPreserveResizeRatio: false
13:30:27.785 [FXGL Background Thread 3 ] DEBUG Engine               - isProfilingEnabled: false
13:30:27.785 [FXGL Background Thread 3 ] DEBUG Engine               - isScaleAffectedOnResize: true
13:30:27.785 [FXGL Background Thread 3 ] DEBUG Engine               - isSingleStep: false
13:30:27.785 [FXGL Background Thread 3 ] DEBUG Engine               - isUserProfileEnabled: false
13:30:27.785 [FXGL Background Thread 3 ] DEBUG Engine               - isWindows: true
13:30:27.785 [FXGL Background Thread 3 ] DEBUG Engine               - language: ObjectProperty [value: ENGLISH]
13:30:27.785 [FXGL Background Thread 3 ] DEBUG Engine               - menuKey: ESCAPE
13:30:27.785 [FXGL Background Thread 3 ] DEBUG Engine               - notificationViewClass: class com.almasb.fxgl.notification.view.XboxNotificationView
13:30:27.785 [FXGL Background Thread 3 ] DEBUG Engine               - pixelsPerMeter: 50.0
13:30:27.785 [FXGL Background Thread 3 ] DEBUG Engine               - platform: WINDOWS
13:30:27.786 [FXGL Background Thread 3 ] DEBUG Engine               - prefHeightProperty: ReadOnlyDoubleProperty [value: 800.0]
13:30:27.786 [FXGL Background Thread 3 ] DEBUG Engine               - prefWidthProperty: ReadOnlyDoubleProperty [value: 480.0]
13:30:27.786 [FXGL Background Thread 3 ] DEBUG Engine               - profileDir: profiles/
13:30:27.786 [FXGL Background Thread 3 ] DEBUG Engine               - profileName: StringProperty [value: DEFAULT]
13:30:27.786 [FXGL Background Thread 3 ] DEBUG Engine               - randomSeed: -1
13:30:27.786 [FXGL Background Thread 3 ] DEBUG Engine               - runtimeInfo: RuntimeInfo(platform=WINDOWS, version=11.14, build=01.03.2021 16.59)
13:30:27.786 [FXGL Background Thread 3 ] DEBUG Engine               - saveFileExt: sav
13:30:27.786 [FXGL Background Thread 3 ] DEBUG Engine               - scaledHeightProp$fxgl: DoubleProperty [bound, value: 800.0]
13:30:27.786 [FXGL Background Thread 3 ] DEBUG Engine               - scaledWidthProp$fxgl: DoubleProperty [bound, value: 480.0]
13:30:27.786 [FXGL Background Thread 3 ] DEBUG Engine               - sceneFactory: com.almasb.fxgl.app.scene.SceneFactory@1941fa51
13:30:27.786 [FXGL Background Thread 3 ] DEBUG Engine               - secondsIn24h: 60
13:30:27.786 [FXGL Background Thread 3 ] DEBUG Engine               - soundMenuBack: menu/back.wav
13:30:27.786 [FXGL Background Thread 3 ] DEBUG Engine               - soundMenuPress: menu/press.wav
13:30:27.786 [FXGL Background Thread 3 ] DEBUG Engine               - soundMenuSelect: menu/select.wav
13:30:27.787 [FXGL Background Thread 3 ] DEBUG Engine               - soundNotification: core/notification.wav
13:30:27.787 [FXGL Background Thread 3 ] DEBUG Engine               - stageStyle: DECORATED
13:30:27.787 [FXGL Background Thread 3 ] DEBUG Engine               - supportedLanguages: [ENGLISH, FRENCH, GERMAN, HUNGARIAN, RUSSIAN]
13:30:27.787 [FXGL Background Thread 3 ] DEBUG Engine               - ticksPerSecond: -1
13:30:27.787 [FXGL Background Thread 3 ] DEBUG Engine               - title: Doodle Jump
13:30:27.787 [FXGL Background Thread 3 ] DEBUG Engine               - urlGithub: https://github.com/AlmasB/FXGL
13:30:27.787 [FXGL Background Thread 3 ] DEBUG Engine               - urlLeaderboard: http://fxgl-top.herokuapp.com/
13:30:27.787 [FXGL Background Thread 3 ] DEBUG Engine               - urlPOM: https://raw.githubusercontent.com/AlmasB/FXGL/release/README.md
13:30:27.787 [FXGL Background Thread 3 ] DEBUG Engine               - userAppClass: class sample.Main
13:30:27.787 [FXGL Background Thread 3 ] DEBUG Engine               - version: 0.1
13:30:27.787 [FXGL Background Thread 3 ] DEBUG Engine               - versionCheckDays: 7
13:30:27.787 [FXGL Background Thread 3 ] DEBUG Engine               - width: 480
13:30:27.787 [FXGL Background Thread 3 ] DEBUG Engine               - Logging services
13:30:27.787 [FXGL Background Thread 3 ] DEBUG Engine               - class com.almasb.fxgl.app.services.FXGLAssetLoaderService
13:30:27.788 [FXGL Background Thread 3 ] DEBUG Engine               - class com.almasb.fxgl.app.FXGLApplication$GameApplicationService
13:30:27.788 [FXGL Background Thread 3 ] DEBUG Engine               - class com.almasb.fxgl.app.services.FXGLDialogService
13:30:27.788 [FXGL Background Thread 3 ] DEBUG Engine               - class com.almasb.fxgl.app.services.IOTaskExecutorService
13:30:27.788 [FXGL Background Thread 3 ] DEBUG Engine               - class com.almasb.fxgl.event.EventBusService
13:30:27.788 [FXGL Background Thread 3 ] DEBUG Engine               - class com.almasb.fxgl.io.FileSystemService
13:30:27.788 [FXGL Background Thread 3 ] DEBUG Engine               - class com.almasb.fxgl.localization.LocalizationService
13:30:27.788 [FXGL Background Thread 3 ] DEBUG Engine               - class com.almasb.fxgl.app.services.SystemBundleService
13:30:27.788 [FXGL Background Thread 3 ] DEBUG Engine               - class com.almasb.fxgl.profile.SaveLoadService
13:30:27.789 [FXGL Background Thread 3 ] DEBUG Engine               - class com.almasb.fxgl.ui.FXGLUIFactoryServiceProvider
13:30:27.789 [FXGL Background Thread 3 ] DEBUG Engine               - class com.almasb.fxgl.ui.FXGLDialogFactoryServiceProvider
13:30:27.789 [FXGL Background Thread 3 ] DEBUG Engine               - class com.almasb.fxgl.audio.AudioPlayer
13:30:27.789 [FXGL Background Thread 3 ] DEBUG Engine               - class com.almasb.fxgl.notification.impl.NotificationServiceProvider
13:30:27.789 [FXGL Background Thread 3 ] DEBUG Engine               - class com.almasb.fxgl.achievement.AchievementService
13:30:27.789 [FXGL Background Thread 3 ] DEBUG Engine               - class com.almasb.fxgl.cutscene.CutsceneService
13:30:27.789 [FXGL Background Thread 3 ] DEBUG Engine               - class com.almasb.fxgl.minigames.MiniGameService
13:30:27.789 [FXGL Background Thread 3 ] DEBUG Engine               - class com.almasb.fxgl.net.NetService
13:30:27.789 [FXGL Background Thread 3 ] DEBUG Engine               - class com.almasb.fxgl.app.services.UpdaterService
13:30:27.789 [FXGL Background Thread 3 ] DEBUG Engine               - class com.almasb.fxgl.dev.DevService
13:30:33.780 [JavaFX Application Thread] DEBUG FXGLApplication      - Exiting FXGL
13:30:33.780 [JavaFX Application Thread] DEBUG LoopRunner           - Stopping loop
13:30:33.780 [JavaFX Application Thread] DEBUG SystemBundleService  - Saving FXGL system data
13:30:33.782 [JavaFX Application Thread] DEBUG FileSystemAccess     - Writing to: C:\Users\Koen\IdeaProjects\ipose-game\system\fxgl.bundle
13:30:33.783 [JavaFX Application Thread] DEBUG Async                - Shutting down background threads
13:30:33.783 [JavaFX Application Thread] DEBUG PrimaryStageWindow   - Closing main window
13:30:33.796 [JavaFX Application Thread] DEBUG Logger               - Closing Logger
