19:57:10.256 [main                     ] DEBUG Logger               - Configured Logger
19:57:10.280 [main                     ] DEBUG GameApplication      - Logging settings
Title: Doodle Jump
Version: 0.1
Width: 480
Height: 800
Fullscreen: false
Intro: false
Profiling: false
Single step:false
App Mode: DEVELOPER
Menu Key: ESCAPE
Stage Style: DECORATED
Scene Factory: class com.almasb.fxgl.app.scene.SceneFactory

19:57:10.913 [JavaFX Application Thread] DEBUG FXGLApplication      - Initializing FXGL
19:57:10.917 [JavaFX Application Thread] INFO  Engine               - FXGL-11.14 (01.03.2021 16.59) on WINDOWS (J:14.0.2 FX:15)
19:57:10.918 [JavaFX Application Thread] DEBUG Engine               - JRE Vendor Name: Oracle Corporation
19:57:10.918 [JavaFX Application Thread] DEBUG Engine               - Running on OS: Windows 10 version 10.0
19:57:10.918 [JavaFX Application Thread] DEBUG Engine               - Architecture: amd64
19:57:10.918 [JavaFX Application Thread] INFO  Engine               - Source code and latest versions at: https://github.com/AlmasB/FXGL
19:57:10.918 [JavaFX Application Thread] INFO  Engine               -              Join the FXGL chat at: https://gitter.im/AlmasB/FXGL
19:57:11.075 [JavaFX Application Thread] DEBUG PrimaryStageWindow   - Creating a JavaFX scene
19:57:11.143 [JavaFX Application Thread] DEBUG PrimaryStageWindow   - Target settings size: 480.0 x 800.0
19:57:11.143 [JavaFX Application Thread] DEBUG PrimaryStageWindow   - Scaled scene size:    480.0 x 800.0
19:57:11.143 [JavaFX Application Thread] DEBUG PrimaryStageWindow   - Scaled ratio: (1.0, 1.0)
19:57:11.144 [JavaFX Application Thread] DEBUG PrimaryStageWindow   - Set initial scene to FXGLStartupScene
19:57:11.153 [JavaFX Application Thread] DEBUG PrimaryStageWindow   - Opening main window
19:57:11.269 [JavaFX Application Thread] DEBUG PrimaryStageWindow   - Window border size: (16.0, 39.0)
19:57:11.269 [JavaFX Application Thread] DEBUG PrimaryStageWindow   - Scaled size: 480.0 x 800.0
19:57:11.269 [JavaFX Application Thread] DEBUG PrimaryStageWindow   - Scaled ratio: (1.0, 1.0)
19:57:11.270 [JavaFX Application Thread] DEBUG PrimaryStageWindow   - Scene size: 480.0 x 800.0
19:57:11.270 [JavaFX Application Thread] DEBUG PrimaryStageWindow   - Stage size: 496.0 x 839.0
19:57:11.280 [FXGL Background Thread 1 ] DEBUG Engine               - Initializing environment variables
19:57:11.338 [FXGL Background Thread 1 ] DEBUG FXGLAssetLoaderServi - User app class for loading assets: class sample.Main
19:57:11.339 [FXGL Background Thread 1 ] DEBUG GameApplicationServi - Applying CSS: fxgl_dark.css
19:57:11.341 [FXGL Background Thread 1 ] DEBUG FXGLAssetLoaderServi - Loading from file system: jar:file:/C:/Users/Koen/.m2/repository/com/github/almasb/fxgl/11.14/fxgl-11.14.jar!/fxglassets/ui/css/fxgl_dark.css
19:57:11.392 [FXGL Background Thread 1 ] DEBUG GameApplicationServi - Initializing application scenes
19:57:11.440 [FXGL Background Thread 1 ] DEBUG GameWorld            - Game world initialized
19:57:11.513 [FXGL Background Thread 1 ] DEBUG PhysicsWorld         - Physics world initialized: appHeight=800, physics.ppm=50,0
19:57:11.513 [FXGL Background Thread 1 ] DEBUG PhysicsWorld         - Using strategy: BRUTE_FORCE
19:57:11.516 [FXGL Background Thread 1 ] DEBUG GameScene            - Game scene initialized: 480x800
19:57:11.517 [FXGL Background Thread 1 ] DEBUG GameApplicationServi - Application scenes initialized
19:57:11.545 [FXGL Background Thread 1 ] DEBUG SystemBundleService  - Loading FXGL system data
19:57:11.550 [FXGL Background Thread 1 ] DEBUG FileSystemAccess     - Reading from: C:\Users\Koen\IdeaProjects\ipose-game\system\fxgl.bundle
19:57:11.561 [FXGL Background Thread 1 ] DEBUG SystemBundleService  - Bundle FXGL: {}
19:57:11.562 [FXGL Background Thread 1 ] DEBUG UpdaterService       - Checking for updates
19:57:11.575 [FXGL Background Thread 4 ] DEBUG FXGLApplication      - Loading fonts
19:57:11.577 [FXGL Background Thread 1 ] DEBUG FXGLApplication      - Loading default localization
19:57:11.578 [FXGL Background Thread 4 ] DEBUG FXGLAssetLoaderServi - Loading from file system: jar:file:/C:/Users/Koen/.m2/repository/com/github/almasb/fxgl/11.14/fxgl-11.14.jar!/fxglassets/ui/fonts/VarelaRound-Regular.ttf
19:57:11.578 [FXGL Background Thread 1 ] DEBUG FXGLAssetLoaderServi - Loading from file system: jar:file:/C:/Users/Koen/.m2/repository/com/github/almasb/fxgl/11.14/fxgl-11.14.jar!/fxglassets/languages/english.lang
19:57:11.598 [FXGL Background Thread 1 ] INFO  FXGLApplication      - FXGL initialization took: 0,319 sec
19:57:11.615 [JavaFX Application Thread] DEBUG Input                - Registered new binding: action0 - D
19:57:11.616 [JavaFX Application Thread] DEBUG Input                - Registered new binding: action1 - A
19:57:11.616 [JavaFX Application Thread] DEBUG Input                - Registered new binding: action2 - W
19:57:11.617 [JavaFX Application Thread] DEBUG FXGLAssetLoaderServi - Loading from file system: jar:file:/C:/Users/Koen/.m2/repository/com/github/almasb/fxgl/11.14/fxgl-11.14.jar!/fxglassets/textures/fxgl_icon.png
19:57:11.684 [FXGL Background Thread 4 ] DEBUG FXGLAssetLoaderServi - Loading from file system: jar:file:/C:/Users/Koen/.m2/repository/com/github/almasb/fxgl/11.14/fxgl-11.14.jar!/fxglassets/ui/fonts/Abel-Regular.ttf
19:57:11.690 [JavaFX Application Thread] DEBUG FXGLAssetLoaderServi - Loading from file system: jar:file:/C:/Users/Koen/.m2/repository/com/github/almasb/fxgl/11.14/fxgl-11.14.jar!/fxglassets/ui/cursors/fxgl_default.png
19:57:11.693 [FXGL Background Thread 4 ] DEBUG FXGLAssetLoaderServi - Loading from file system: jar:file:/C:/Users/Koen/.m2/repository/com/github/almasb/fxgl/11.14/fxgl-11.14.jar!/fxglassets/ui/fonts/lucida_console.ttf
19:57:11.694 [JavaFX Application Thread] DEBUG Input                - Registered new binding: Screenshot - P
19:57:11.695 [JavaFX Application Thread] DEBUG Input                - Registered new binding: System info dump - CTRL+9
19:57:11.696 [JavaFX Application Thread] DEBUG Input                - Registered new binding: Restart - CTRL+R
19:57:11.698 [JavaFX Application Thread] DEBUG Input                - Registered new binding: Toggle Debug Camera - CTRL+C
19:57:11.702 [FXGL Background Thread 4 ] DEBUG FXGLAssetLoaderServi - Loading from file system: jar:file:/C:/Users/Koen/.m2/repository/com/github/almasb/fxgl/11.14/fxgl-11.14.jar!/fxglassets/ui/fonts/Courier-Prime.ttf
19:57:11.702 [JavaFX Application Thread] DEBUG LoopRunner           - Starting loop
19:57:11.704 [JavaFX Application Thread] DEBUG LoopRunner           - Initializing JavaFX AnimationTimerLoop
19:57:11.706 [JavaFX Application Thread] DEBUG GameApplicationServi - Starting new game
19:57:11.708 [JavaFX Application Thread] DEBUG Input                - Clearing active input actions
19:57:11.735 [JavaFX Application Thread] DEBUG GameApplicationServi - Removing overlay from FXGLStartupScene and adding to FXGLLoadingScene
19:57:11.736 [JavaFX Application Thread] DEBUG PrimaryStageWindow   - FXGLStartupScene -> FXGLLoadingScene
19:57:11.736 [JavaFX Application Thread] DEBUG GameApplicationServi - Clearing previous game
19:57:11.736 [JavaFX Application Thread] DEBUG GameScene            - Clearing game scene
19:57:11.736 [JavaFX Application Thread] DEBUG GameWorld            - Clearing game world
19:57:11.737 [JavaFX Application Thread] DEBUG PhysicsWorld         - Clearing physics world
19:57:11.740 [FXGL Background Thread 4 ] DEBUG FXGLApplication      - Initializing game
19:57:11.754 [FXGL Background Thread 4 ] DEBUG FXGLAssetLoaderServi - Loading from file system: file:/C:/Users/Koen/IdeaProjects/ipose-game/target/classes/assets/textures/Doodler.png
19:57:11.779 [FXGL Background Thread 4 ] DEBUG FXGLAssetLoaderServi - Loading from file system: file:/C:/Users/Koen/IdeaProjects/ipose-game/target/classes/assets/textures/Platform.png
19:57:11.785 [FXGL Background Thread 4 ] DEBUG FXGLAssetLoaderServi - Loading from file system: file:/C:/Users/Koen/IdeaProjects/ipose-game/target/classes/assets/textures/background.png
19:57:11.799 [JavaFX Application Thread] DEBUG FXGLApplication      - Registering font factories with UI factory
19:57:11.861 [FXGL Background Thread 4 ] INFO  FXGLApplication      - Game initialization took: 0,121 sec
19:57:11.911 [JavaFX Application Thread] DEBUG Input                - Clearing active input actions
19:57:11.924 [JavaFX Application Thread] DEBUG GameApplicationServi - Removing overlay from FXGLLoadingScene and adding to GameScene
19:57:11.924 [JavaFX Application Thread] DEBUG PrimaryStageWindow   - FXGLLoadingScene -> GameScene
19:57:12.529 [JavaFX Application Thread] DEBUG FXGLAssetLoaderServi - Loading from file system: file:/C:/Users/Koen/IdeaProjects/ipose-game/target/classes/assets/sounds/jump.wav
19:57:14.574 [FXGL Background Thread 3 ] DEBUG Engine               - Logging environment variables
19:57:14.574 [FXGL Background Thread 3 ] DEBUG Engine               - achievements: []
19:57:14.574 [FXGL Background Thread 3 ] DEBUG Engine               - actualHeight: 800.0
19:57:14.575 [FXGL Background Thread 3 ] DEBUG Engine               - actualHeightProperty: ReadOnlyDoubleProperty [value: 800.0]
19:57:14.575 [FXGL Background Thread 3 ] DEBUG Engine               - actualWidth: 480.0
19:57:14.575 [FXGL Background Thread 3 ] DEBUG Engine               - actualWidthProperty: ReadOnlyDoubleProperty [value: 480.0]
19:57:14.575 [FXGL Background Thread 3 ] DEBUG Engine               - appIcon: fxgl_icon.png
19:57:14.575 [FXGL Background Thread 3 ] DEBUG Engine               - applicationMode: DEVELOPER
19:57:14.575 [FXGL Background Thread 3 ] DEBUG Engine               - cSSList: [fxgl_dark.css]
19:57:14.575 [FXGL Background Thread 3 ] DEBUG Engine               - collisionDetectionStrategy: BRUTE_FORCE
19:57:14.575 [FXGL Background Thread 3 ] DEBUG Engine               - configClass: Optional.empty
19:57:14.575 [FXGL Background Thread 3 ] DEBUG Engine               - credits: []
19:57:14.576 [FXGL Background Thread 3 ] DEBUG Engine               - devBBoxColorProperty: ObjectProperty [value: 0xff0000ff]
19:57:14.576 [FXGL Background Thread 3 ] DEBUG Engine               - devEnableDebugCameraProperty: BooleanProperty [value: false]
19:57:14.576 [FXGL Background Thread 3 ] DEBUG Engine               - devSensorColorProperty: ObjectProperty [value: 0xffff00ff]
19:57:14.576 [FXGL Background Thread 3 ] DEBUG Engine               - devShowBBoxProperty: BooleanProperty [value: false]
19:57:14.576 [FXGL Background Thread 3 ] DEBUG Engine               - devShowPositionProperty: BooleanProperty [value: false]
19:57:14.576 [FXGL Background Thread 3 ] DEBUG Engine               - enabledMenuItems: []
19:57:14.576 [FXGL Background Thread 3 ] DEBUG Engine               - engineServices: [class com.almasb.fxgl.app.services.FXGLAssetLoaderService, class com.almasb.fxgl.app.FXGLApplication$GameApplicationService, class com.almasb.fxgl.app.services.FXGLDialogService, class com.almasb.fxgl.app.services.IOTaskExecutorService, class com.almasb.fxgl.event.EventBusService, class com.almasb.fxgl.io.FileSystemService, class com.almasb.fxgl.localization.LocalizationService, class com.almasb.fxgl.app.services.SystemBundleService, class com.almasb.fxgl.profile.SaveLoadService, class com.almasb.fxgl.ui.FXGLUIFactoryServiceProvider, class com.almasb.fxgl.ui.FXGLDialogFactoryServiceProvider, class com.almasb.fxgl.audio.AudioPlayer, class com.almasb.fxgl.notification.impl.NotificationServiceProvider, class com.almasb.fxgl.achievement.AchievementService, class com.almasb.fxgl.cutscene.CutsceneService, class com.almasb.fxgl.minigames.MiniGameService, class com.almasb.fxgl.net.NetService, class com.almasb.fxgl.app.services.UpdaterService, class com.almasb.fxgl.dev.DevService]
19:57:14.576 [FXGL Background Thread 3 ] DEBUG Engine               - fontGame: Abel-Regular.ttf
19:57:14.576 [FXGL Background Thread 3 ] DEBUG Engine               - fontMono: lucida_console.ttf
19:57:14.576 [FXGL Background Thread 3 ] DEBUG Engine               - fontText: Courier-Prime.ttf
19:57:14.576 [FXGL Background Thread 3 ] DEBUG Engine               - fontUI: VarelaRound-Regular.ttf
19:57:14.576 [FXGL Background Thread 3 ] DEBUG Engine               - fullScreen: BooleanProperty [value: false]
19:57:14.577 [FXGL Background Thread 3 ] DEBUG Engine               - gameDifficulty: MEDIUM
19:57:14.577 [FXGL Background Thread 3 ] DEBUG Engine               - gameDifficultyProperty: ObjectProperty [value: MEDIUM]
19:57:14.577 [FXGL Background Thread 3 ] DEBUG Engine               - globalMusicVolume: 0.5
19:57:14.577 [FXGL Background Thread 3 ] DEBUG Engine               - globalMusicVolumeProperty: DoubleProperty [value: 0.5]
19:57:14.577 [FXGL Background Thread 3 ] DEBUG Engine               - globalSoundVolume: 0.5
19:57:14.577 [FXGL Background Thread 3 ] DEBUG Engine               - globalSoundVolumeProperty: DoubleProperty [value: 0.5]
19:57:14.577 [FXGL Background Thread 3 ] DEBUG Engine               - height: 800
19:57:14.577 [FXGL Background Thread 3 ] DEBUG Engine               - isAndroid: false
19:57:14.577 [FXGL Background Thread 3 ] DEBUG Engine               - isBrowser: false
19:57:14.577 [FXGL Background Thread 3 ] DEBUG Engine               - isClickFeedbackEnabled: false
19:57:14.577 [FXGL Background Thread 3 ] DEBUG Engine               - isCloseConfirmation: false
19:57:14.577 [FXGL Background Thread 3 ] DEBUG Engine               - isDesktop: true
19:57:14.577 [FXGL Background Thread 3 ] DEBUG Engine               - isDeveloperMenuEnabled: false
19:57:14.577 [FXGL Background Thread 3 ] DEBUG Engine               - isEntityPreloadEnabled: true
19:57:14.577 [FXGL Background Thread 3 ] DEBUG Engine               - isExperimental3D: false
19:57:14.578 [FXGL Background Thread 3 ] DEBUG Engine               - isExperimentalNative: false
19:57:14.578 [FXGL Background Thread 3 ] DEBUG Engine               - isExperimentalTiledLargeMap: false
19:57:14.578 [FXGL Background Thread 3 ] DEBUG Engine               - isFileSystemWriteAllowed: true
19:57:14.578 [FXGL Background Thread 3 ] DEBUG Engine               - isFullScreenAllowed: false
19:57:14.578 [FXGL Background Thread 3 ] DEBUG Engine               - isFullScreenFromStart: false
19:57:14.578 [FXGL Background Thread 3 ] DEBUG Engine               - isGameMenuEnabled: false
19:57:14.578 [FXGL Background Thread 3 ] DEBUG Engine               - isIOS: false
19:57:14.578 [FXGL Background Thread 3 ] DEBUG Engine               - isIntroEnabled: false
19:57:14.578 [FXGL Background Thread 3 ] DEBUG Engine               - isLinux: false
19:57:14.578 [FXGL Background Thread 3 ] DEBUG Engine               - isMac: false
19:57:14.579 [FXGL Background Thread 3 ] DEBUG Engine               - isMainMenuEnabled: false
19:57:14.579 [FXGL Background Thread 3 ] DEBUG Engine               - isManualResizeEnabled: false
19:57:14.579 [FXGL Background Thread 3 ] DEBUG Engine               - isMobile: false
19:57:14.579 [FXGL Background Thread 3 ] DEBUG Engine               - isPreserveResizeRatio: false
19:57:14.579 [FXGL Background Thread 3 ] DEBUG Engine               - isProfilingEnabled: false
19:57:14.579 [FXGL Background Thread 3 ] DEBUG Engine               - isScaleAffectedOnResize: true
19:57:14.579 [FXGL Background Thread 3 ] DEBUG Engine               - isSingleStep: false
19:57:14.579 [FXGL Background Thread 3 ] DEBUG Engine               - isUserProfileEnabled: false
19:57:14.579 [FXGL Background Thread 3 ] DEBUG Engine               - isWindows: true
19:57:14.580 [FXGL Background Thread 3 ] DEBUG Engine               - language: ObjectProperty [value: ENGLISH]
19:57:14.580 [FXGL Background Thread 3 ] DEBUG Engine               - menuKey: ESCAPE
19:57:14.580 [FXGL Background Thread 3 ] DEBUG Engine               - notificationViewClass: class com.almasb.fxgl.notification.view.XboxNotificationView
19:57:14.580 [FXGL Background Thread 3 ] DEBUG Engine               - pixelsPerMeter: 50.0
19:57:14.580 [FXGL Background Thread 3 ] DEBUG Engine               - platform: WINDOWS
19:57:14.580 [FXGL Background Thread 3 ] DEBUG Engine               - prefHeightProperty: ReadOnlyDoubleProperty [value: 800.0]
19:57:14.580 [FXGL Background Thread 3 ] DEBUG Engine               - prefWidthProperty: ReadOnlyDoubleProperty [value: 480.0]
19:57:14.580 [FXGL Background Thread 3 ] DEBUG Engine               - profileDir: profiles/
19:57:14.580 [FXGL Background Thread 3 ] DEBUG Engine               - profileName: StringProperty [value: DEFAULT]
19:57:14.580 [FXGL Background Thread 3 ] DEBUG Engine               - randomSeed: -1
19:57:14.580 [FXGL Background Thread 3 ] DEBUG Engine               - runtimeInfo: RuntimeInfo(platform=WINDOWS, version=11.14, build=01.03.2021 16.59)
19:57:14.580 [FXGL Background Thread 3 ] DEBUG Engine               - saveFileExt: sav
19:57:14.580 [FXGL Background Thread 3 ] DEBUG Engine               - scaledHeightProp$fxgl: DoubleProperty [bound, value: 800.0]
19:57:14.580 [FXGL Background Thread 3 ] DEBUG Engine               - scaledWidthProp$fxgl: DoubleProperty [bound, value: 480.0]
19:57:14.580 [FXGL Background Thread 3 ] DEBUG Engine               - sceneFactory: com.almasb.fxgl.app.scene.SceneFactory@5b444d61
19:57:14.580 [FXGL Background Thread 3 ] DEBUG Engine               - secondsIn24h: 60
19:57:14.581 [FXGL Background Thread 3 ] DEBUG Engine               - soundMenuBack: menu/back.wav
19:57:14.581 [FXGL Background Thread 3 ] DEBUG Engine               - soundMenuPress: menu/press.wav
19:57:14.581 [FXGL Background Thread 3 ] DEBUG Engine               - soundMenuSelect: menu/select.wav
19:57:14.581 [FXGL Background Thread 3 ] DEBUG Engine               - soundNotification: core/notification.wav
19:57:14.581 [FXGL Background Thread 3 ] DEBUG Engine               - stageStyle: DECORATED
19:57:14.581 [FXGL Background Thread 3 ] DEBUG Engine               - supportedLanguages: [ENGLISH, FRENCH, GERMAN, HUNGARIAN, RUSSIAN]
19:57:14.581 [FXGL Background Thread 3 ] DEBUG Engine               - ticksPerSecond: -1
19:57:14.581 [FXGL Background Thread 3 ] DEBUG Engine               - title: Doodle Jump
19:57:14.581 [FXGL Background Thread 3 ] DEBUG Engine               - urlGithub: https://github.com/AlmasB/FXGL
19:57:14.581 [FXGL Background Thread 3 ] DEBUG Engine               - urlLeaderboard: http://fxgl-top.herokuapp.com/
19:57:14.581 [FXGL Background Thread 3 ] DEBUG Engine               - urlPOM: https://raw.githubusercontent.com/AlmasB/FXGL/release/README.md
19:57:14.581 [FXGL Background Thread 3 ] DEBUG Engine               - userAppClass: class sample.Main
19:57:14.581 [FXGL Background Thread 3 ] DEBUG Engine               - version: 0.1
19:57:14.581 [FXGL Background Thread 3 ] DEBUG Engine               - versionCheckDays: 7
19:57:14.581 [FXGL Background Thread 3 ] DEBUG Engine               - width: 480
19:57:14.582 [FXGL Background Thread 3 ] DEBUG Engine               - Logging services
19:57:14.582 [FXGL Background Thread 3 ] DEBUG Engine               - class com.almasb.fxgl.app.services.FXGLAssetLoaderService
19:57:14.582 [FXGL Background Thread 3 ] DEBUG Engine               - class com.almasb.fxgl.app.FXGLApplication$GameApplicationService
19:57:14.582 [FXGL Background Thread 3 ] DEBUG Engine               - class com.almasb.fxgl.app.services.FXGLDialogService
19:57:14.582 [FXGL Background Thread 3 ] DEBUG Engine               - class com.almasb.fxgl.app.services.IOTaskExecutorService
19:57:14.582 [FXGL Background Thread 3 ] DEBUG Engine               - class com.almasb.fxgl.event.EventBusService
19:57:14.582 [FXGL Background Thread 3 ] DEBUG Engine               - class com.almasb.fxgl.io.FileSystemService
19:57:14.582 [FXGL Background Thread 3 ] DEBUG Engine               - class com.almasb.fxgl.localization.LocalizationService
19:57:14.582 [FXGL Background Thread 3 ] DEBUG Engine               - class com.almasb.fxgl.app.services.SystemBundleService
19:57:14.582 [FXGL Background Thread 3 ] DEBUG Engine               - class com.almasb.fxgl.profile.SaveLoadService
19:57:14.582 [FXGL Background Thread 3 ] DEBUG Engine               - class com.almasb.fxgl.ui.FXGLUIFactoryServiceProvider
19:57:14.582 [FXGL Background Thread 3 ] DEBUG Engine               - class com.almasb.fxgl.ui.FXGLDialogFactoryServiceProvider
19:57:14.582 [FXGL Background Thread 3 ] DEBUG Engine               - class com.almasb.fxgl.audio.AudioPlayer
19:57:14.582 [FXGL Background Thread 3 ] DEBUG Engine               - class com.almasb.fxgl.notification.impl.NotificationServiceProvider
19:57:14.582 [FXGL Background Thread 3 ] DEBUG Engine               - class com.almasb.fxgl.achievement.AchievementService
19:57:14.582 [FXGL Background Thread 3 ] DEBUG Engine               - class com.almasb.fxgl.cutscene.CutsceneService
19:57:14.582 [FXGL Background Thread 3 ] DEBUG Engine               - class com.almasb.fxgl.minigames.MiniGameService
19:57:14.582 [FXGL Background Thread 3 ] DEBUG Engine               - class com.almasb.fxgl.net.NetService
19:57:14.583 [FXGL Background Thread 3 ] DEBUG Engine               - class com.almasb.fxgl.app.services.UpdaterService
19:57:14.583 [FXGL Background Thread 3 ] DEBUG Engine               - class com.almasb.fxgl.dev.DevService
19:57:22.665 [JavaFX Application Thread] DEBUG FXGLApplication      - Exiting FXGL
19:57:22.665 [JavaFX Application Thread] DEBUG LoopRunner           - Stopping loop
19:57:22.665 [JavaFX Application Thread] DEBUG SystemBundleService  - Saving FXGL system data
19:57:22.667 [JavaFX Application Thread] DEBUG FileSystemAccess     - Writing to: C:\Users\Koen\IdeaProjects\ipose-game\system\fxgl.bundle
19:57:22.669 [JavaFX Application Thread] DEBUG Async                - Shutting down background threads
19:57:22.669 [JavaFX Application Thread] DEBUG PrimaryStageWindow   - Closing main window
19:57:22.688 [JavaFX Application Thread] DEBUG Logger               - Closing Logger
