20:02:52.003 [main                     ] DEBUG Logger               - Configured Logger
20:02:52.030 [main                     ] DEBUG GameApplication      - Logging settings
Title: Doodle Jump
Version: 0.1
Width: 480
Height: 800
Fullscreen: false
Intro: false
Profiling: false
Single step:false
App Mode: DEVELOPER
Menu Key: ESCAPE
Stage Style: DECORATED
Scene Factory: class com.almasb.fxgl.app.scene.SceneFactory

20:02:52.739 [JavaFX Application Thread] DEBUG FXGLApplication      - Initializing FXGL
20:02:52.744 [JavaFX Application Thread] INFO  Engine               - FXGL-11.14 (01.03.2021 16.59) on WINDOWS (J:14.0.2 FX:15)
20:02:52.744 [JavaFX Application Thread] DEBUG Engine               - JRE Vendor Name: Oracle Corporation
20:02:52.745 [JavaFX Application Thread] DEBUG Engine               - Running on OS: Windows 10 version 10.0
20:02:52.745 [JavaFX Application Thread] DEBUG Engine               - Architecture: amd64
20:02:52.745 [JavaFX Application Thread] INFO  Engine               - Source code and latest versions at: https://github.com/AlmasB/FXGL
20:02:52.745 [JavaFX Application Thread] INFO  Engine               -              Join the FXGL chat at: https://gitter.im/AlmasB/FXGL
20:02:52.894 [JavaFX Application Thread] DEBUG PrimaryStageWindow   - Creating a JavaFX scene
20:02:52.960 [JavaFX Application Thread] DEBUG PrimaryStageWindow   - Target settings size: 480.0 x 800.0
20:02:52.960 [JavaFX Application Thread] DEBUG PrimaryStageWindow   - Scaled scene size:    480.0 x 800.0
20:02:52.960 [JavaFX Application Thread] DEBUG PrimaryStageWindow   - Scaled ratio: (1.0, 1.0)
20:02:52.962 [JavaFX Application Thread] DEBUG PrimaryStageWindow   - Set initial scene to FXGLStartupScene
20:02:52.971 [JavaFX Application Thread] DEBUG PrimaryStageWindow   - Opening main window
20:02:53.100 [JavaFX Application Thread] DEBUG PrimaryStageWindow   - Window border size: (16.0, 39.0)
20:02:53.101 [JavaFX Application Thread] DEBUG PrimaryStageWindow   - Scaled size: 480.0 x 800.0
20:02:53.101 [JavaFX Application Thread] DEBUG PrimaryStageWindow   - Scaled ratio: (1.0, 1.0)
20:02:53.101 [JavaFX Application Thread] DEBUG PrimaryStageWindow   - Scene size: 480.0 x 800.0
20:02:53.101 [JavaFX Application Thread] DEBUG PrimaryStageWindow   - Stage size: 496.0 x 839.0
20:02:53.110 [FXGL Background Thread 1 ] DEBUG Engine               - Initializing environment variables
20:02:53.164 [FXGL Background Thread 1 ] DEBUG FXGLAssetLoaderServi - User app class for loading assets: class sample.Main
20:02:53.165 [FXGL Background Thread 1 ] DEBUG GameApplicationServi - Applying CSS: fxgl_dark.css
20:02:53.167 [FXGL Background Thread 1 ] DEBUG FXGLAssetLoaderServi - Loading from file system: jar:file:/C:/Users/Koen/.m2/repository/com/github/almasb/fxgl/11.14/fxgl-11.14.jar!/fxglassets/ui/css/fxgl_dark.css
20:02:53.228 [FXGL Background Thread 1 ] DEBUG GameApplicationServi - Initializing application scenes
20:02:53.282 [FXGL Background Thread 1 ] DEBUG GameWorld            - Game world initialized
20:02:53.365 [FXGL Background Thread 1 ] DEBUG PhysicsWorld         - Physics world initialized: appHeight=800, physics.ppm=50,0
20:02:53.366 [FXGL Background Thread 1 ] DEBUG PhysicsWorld         - Using strategy: BRUTE_FORCE
20:02:53.369 [FXGL Background Thread 1 ] DEBUG GameScene            - Game scene initialized: 480x800
20:02:53.370 [FXGL Background Thread 1 ] DEBUG GameApplicationServi - Application scenes initialized
20:02:53.402 [FXGL Background Thread 1 ] DEBUG SystemBundleService  - Loading FXGL system data
20:02:53.410 [FXGL Background Thread 1 ] DEBUG FileSystemAccess     - Reading from: C:\Users\Koen\IdeaProjects\ipose-game\system\fxgl.bundle
20:02:53.426 [FXGL Background Thread 1 ] DEBUG SystemBundleService  - Bundle FXGL: {}
20:02:53.427 [FXGL Background Thread 1 ] DEBUG UpdaterService       - Checking for updates
20:02:53.480 [FXGL Background Thread 4 ] DEBUG FXGLApplication      - Loading fonts
20:02:53.482 [FXGL Background Thread 1 ] DEBUG FXGLApplication      - Loading default localization
20:02:53.482 [FXGL Background Thread 4 ] DEBUG FXGLAssetLoaderServi - Loading from file system: jar:file:/C:/Users/Koen/.m2/repository/com/github/almasb/fxgl/11.14/fxgl-11.14.jar!/fxglassets/ui/fonts/VarelaRound-Regular.ttf
20:02:53.483 [FXGL Background Thread 1 ] DEBUG FXGLAssetLoaderServi - Loading from file system: jar:file:/C:/Users/Koen/.m2/repository/com/github/almasb/fxgl/11.14/fxgl-11.14.jar!/fxglassets/languages/english.lang
20:02:53.512 [FXGL Background Thread 1 ] INFO  FXGLApplication      - FXGL initialization took: 0,401 sec
20:02:53.527 [JavaFX Application Thread] DEBUG Input                - Registered new binding: action0 - D
20:02:53.528 [JavaFX Application Thread] DEBUG Input                - Registered new binding: action1 - A
20:02:53.529 [JavaFX Application Thread] DEBUG Input                - Registered new binding: action2 - W
20:02:53.529 [JavaFX Application Thread] DEBUG Input                - Registered new binding: action3 - S
20:02:53.531 [JavaFX Application Thread] DEBUG FXGLAssetLoaderServi - Loading from file system: jar:file:/C:/Users/Koen/.m2/repository/com/github/almasb/fxgl/11.14/fxgl-11.14.jar!/fxglassets/textures/fxgl_icon.png
20:02:53.595 [FXGL Background Thread 4 ] DEBUG FXGLAssetLoaderServi - Loading from file system: jar:file:/C:/Users/Koen/.m2/repository/com/github/almasb/fxgl/11.14/fxgl-11.14.jar!/fxglassets/ui/fonts/Abel-Regular.ttf
20:02:53.597 [JavaFX Application Thread] DEBUG FXGLAssetLoaderServi - Loading from file system: jar:file:/C:/Users/Koen/.m2/repository/com/github/almasb/fxgl/11.14/fxgl-11.14.jar!/fxglassets/ui/cursors/fxgl_default.png
20:02:53.602 [JavaFX Application Thread] DEBUG Input                - Registered new binding: Screenshot - P
20:02:53.603 [JavaFX Application Thread] DEBUG Input                - Registered new binding: Dev Options - 1
20:02:53.604 [FXGL Background Thread 4 ] DEBUG FXGLAssetLoaderServi - Loading from file system: jar:file:/C:/Users/Koen/.m2/repository/com/github/almasb/fxgl/11.14/fxgl-11.14.jar!/fxglassets/ui/fonts/lucida_console.ttf
20:02:53.604 [JavaFX Application Thread] DEBUG Input                - Registered new binding: Dev Console - 2
20:02:53.606 [JavaFX Application Thread] DEBUG Input                - Registered new binding: System info dump - CTRL+9
20:02:53.607 [JavaFX Application Thread] DEBUG Input                - Registered new binding: Restart - CTRL+R
20:02:53.611 [JavaFX Application Thread] DEBUG Input                - Registered new binding: Toggle Debug Camera - CTRL+C
20:02:53.619 [FXGL Background Thread 4 ] DEBUG FXGLAssetLoaderServi - Loading from file system: jar:file:/C:/Users/Koen/.m2/repository/com/github/almasb/fxgl/11.14/fxgl-11.14.jar!/fxglassets/ui/fonts/Courier-Prime.ttf
20:02:53.620 [FXGL Background Thread 4 ] WARN  FXGLAssetLoaderServi - Failed to load jar:file:/C:/Users/Koen/.m2/repository/com/github/almasb/fxgl/11.14/fxgl-11.14.jar!/fxglassets/ui/fonts/Courier-Prime.ttf Error: java.util.ConcurrentModificationException
20:02:53.621 [JavaFX Application Thread] DEBUG LoopRunner           - Starting loop
20:02:53.646 [JavaFX Application Thread] DEBUG LoopRunner           - Initializing JavaFX AnimationTimerLoop
20:02:53.647 [JavaFX Application Thread] DEBUG GameApplicationServi - Starting new game
20:02:53.649 [JavaFX Application Thread] DEBUG Input                - Clearing active input actions
20:02:53.665 [JavaFX Application Thread] DEBUG GameApplicationServi - Removing overlay from FXGLStartupScene and adding to FXGLLoadingScene
20:02:53.671 [JavaFX Application Thread] DEBUG PrimaryStageWindow   - FXGLStartupScene -> FXGLLoadingScene
20:02:53.671 [JavaFX Application Thread] DEBUG GameApplicationServi - Clearing previous game
20:02:53.671 [JavaFX Application Thread] DEBUG GameScene            - Clearing game scene
20:02:53.671 [JavaFX Application Thread] DEBUG GameWorld            - Clearing game world
20:02:53.672 [JavaFX Application Thread] DEBUG PhysicsWorld         - Clearing physics world
20:02:53.674 [FXGL Background Thread 4 ] DEBUG FXGLApplication      - Initializing game
20:02:53.680 [JavaFX Application Thread] DEBUG FXGLApplication      - Registering font factories with UI factory
20:02:53.684 [FXGL Background Thread 4 ] DEBUG FXGLAssetLoaderServi - Loading from file system: file:/C:/Users/Koen/IdeaProjects/ipose-game/target/classes/assets/textures/Platform.png
20:02:53.727 [FXGL Background Thread 4 ] DEBUG FXGLAssetLoaderServi - Loading from file system: file:/C:/Users/Koen/IdeaProjects/ipose-game/target/classes/assets/textures/Doodler.png
20:02:53.743 [FXGL Background Thread 4 ] DEBUG FXGLAssetLoaderServi - Loading from file system: file:/C:/Users/Koen/IdeaProjects/ipose-game/target/classes/assets/textures/background.png
20:02:53.835 [FXGL Background Thread 4 ] INFO  FXGLApplication      - Game initialization took: 0,161 sec
20:02:54.036 [JavaFX Application Thread] DEBUG Input                - Clearing active input actions
20:02:54.047 [JavaFX Application Thread] DEBUG GameApplicationServi - Removing overlay from FXGLLoadingScene and adding to GameScene
20:02:54.054 [JavaFX Application Thread] DEBUG PrimaryStageWindow   - FXGLLoadingScene -> GameScene
20:02:54.433 [JavaFX Application Thread] DEBUG FXGLAssetLoaderServi - Loading from file system: file:/C:/Users/Koen/IdeaProjects/ipose-game/target/classes/assets/sounds/jump.wav
20:02:56.478 [FXGL Background Thread 3 ] DEBUG Engine               - Logging environment variables
20:02:56.479 [FXGL Background Thread 3 ] DEBUG Engine               - achievements: []
20:02:56.480 [FXGL Background Thread 3 ] DEBUG Engine               - actualHeight: 800.0
20:02:56.480 [FXGL Background Thread 3 ] DEBUG Engine               - actualHeightProperty: ReadOnlyDoubleProperty [value: 800.0]
20:02:56.480 [FXGL Background Thread 3 ] DEBUG Engine               - actualWidth: 480.0
20:02:56.480 [FXGL Background Thread 3 ] DEBUG Engine               - actualWidthProperty: ReadOnlyDoubleProperty [value: 480.0]
20:02:56.481 [FXGL Background Thread 3 ] DEBUG Engine               - appIcon: fxgl_icon.png
20:02:56.481 [FXGL Background Thread 3 ] DEBUG Engine               - applicationMode: DEVELOPER
20:02:56.481 [FXGL Background Thread 3 ] DEBUG Engine               - cSSList: [fxgl_dark.css]
20:02:56.481 [FXGL Background Thread 3 ] DEBUG Engine               - collisionDetectionStrategy: BRUTE_FORCE
20:02:56.481 [FXGL Background Thread 3 ] DEBUG Engine               - configClass: Optional.empty
20:02:56.481 [FXGL Background Thread 3 ] DEBUG Engine               - credits: []
20:02:56.481 [FXGL Background Thread 3 ] DEBUG Engine               - devBBoxColorProperty: ObjectProperty [value: 0xff0000ff]
20:02:56.481 [FXGL Background Thread 3 ] DEBUG Engine               - devEnableDebugCameraProperty: BooleanProperty [value: false]
20:02:56.482 [FXGL Background Thread 3 ] DEBUG Engine               - devSensorColorProperty: ObjectProperty [value: 0xffff00ff]
20:02:56.482 [FXGL Background Thread 3 ] DEBUG Engine               - devShowBBoxProperty: BooleanProperty [value: false]
20:02:56.482 [FXGL Background Thread 3 ] DEBUG Engine               - devShowPositionProperty: BooleanProperty [value: false]
20:02:56.482 [FXGL Background Thread 3 ] DEBUG Engine               - enabledMenuItems: []
20:02:56.482 [FXGL Background Thread 3 ] DEBUG Engine               - engineServices: [class com.almasb.fxgl.app.services.FXGLAssetLoaderService, class com.almasb.fxgl.app.FXGLApplication$GameApplicationService, class com.almasb.fxgl.app.services.FXGLDialogService, class com.almasb.fxgl.app.services.IOTaskExecutorService, class com.almasb.fxgl.event.EventBusService, class com.almasb.fxgl.io.FileSystemService, class com.almasb.fxgl.localization.LocalizationService, class com.almasb.fxgl.app.services.SystemBundleService, class com.almasb.fxgl.profile.SaveLoadService, class com.almasb.fxgl.ui.FXGLUIFactoryServiceProvider, class com.almasb.fxgl.ui.FXGLDialogFactoryServiceProvider, class com.almasb.fxgl.audio.AudioPlayer, class com.almasb.fxgl.notification.impl.NotificationServiceProvider, class com.almasb.fxgl.achievement.AchievementService, class com.almasb.fxgl.cutscene.CutsceneService, class com.almasb.fxgl.minigames.MiniGameService, class com.almasb.fxgl.net.NetService, class com.almasb.fxgl.app.services.UpdaterService, class com.almasb.fxgl.dev.DevService]
20:02:56.482 [FXGL Background Thread 3 ] DEBUG Engine               - fontGame: Abel-Regular.ttf
20:02:56.482 [FXGL Background Thread 3 ] DEBUG Engine               - fontMono: lucida_console.ttf
20:02:56.482 [FXGL Background Thread 3 ] DEBUG Engine               - fontText: Courier-Prime.ttf
20:02:56.483 [FXGL Background Thread 3 ] DEBUG Engine               - fontUI: VarelaRound-Regular.ttf
20:02:56.483 [FXGL Background Thread 3 ] DEBUG Engine               - fullScreen: BooleanProperty [value: false]
20:02:56.483 [FXGL Background Thread 3 ] DEBUG Engine               - gameDifficulty: MEDIUM
20:02:56.483 [FXGL Background Thread 3 ] DEBUG Engine               - gameDifficultyProperty: ObjectProperty [value: MEDIUM]
20:02:56.483 [FXGL Background Thread 3 ] DEBUG Engine               - globalMusicVolume: 0.5
20:02:56.483 [FXGL Background Thread 3 ] DEBUG Engine               - globalMusicVolumeProperty: DoubleProperty [value: 0.5]
20:02:56.483 [FXGL Background Thread 3 ] DEBUG Engine               - globalSoundVolume: 0.5
20:02:56.483 [FXGL Background Thread 3 ] DEBUG Engine               - globalSoundVolumeProperty: DoubleProperty [value: 0.5]
20:02:56.483 [FXGL Background Thread 3 ] DEBUG Engine               - height: 800
20:02:56.484 [FXGL Background Thread 3 ] DEBUG Engine               - isAndroid: false
20:02:56.484 [FXGL Background Thread 3 ] DEBUG Engine               - isBrowser: false
20:02:56.484 [FXGL Background Thread 3 ] DEBUG Engine               - isClickFeedbackEnabled: false
20:02:56.484 [FXGL Background Thread 3 ] DEBUG Engine               - isCloseConfirmation: false
20:02:56.484 [FXGL Background Thread 3 ] DEBUG Engine               - isDesktop: true
20:02:56.484 [FXGL Background Thread 3 ] DEBUG Engine               - isDeveloperMenuEnabled: true
20:02:56.484 [FXGL Background Thread 3 ] DEBUG Engine               - isEntityPreloadEnabled: true
20:02:56.484 [FXGL Background Thread 3 ] DEBUG Engine               - isExperimental3D: false
20:02:56.484 [FXGL Background Thread 3 ] DEBUG Engine               - isExperimentalNative: false
20:02:56.484 [FXGL Background Thread 3 ] DEBUG Engine               - isExperimentalTiledLargeMap: false
20:02:56.485 [FXGL Background Thread 3 ] DEBUG Engine               - isFileSystemWriteAllowed: true
20:02:56.485 [FXGL Background Thread 3 ] DEBUG Engine               - isFullScreenAllowed: false
20:02:56.485 [FXGL Background Thread 3 ] DEBUG Engine               - isFullScreenFromStart: false
20:02:56.485 [FXGL Background Thread 3 ] DEBUG Engine               - isGameMenuEnabled: false
20:02:56.485 [FXGL Background Thread 3 ] DEBUG Engine               - isIOS: false
20:02:56.485 [FXGL Background Thread 3 ] DEBUG Engine               - isIntroEnabled: false
20:02:56.485 [FXGL Background Thread 3 ] DEBUG Engine               - isLinux: false
20:02:56.485 [FXGL Background Thread 3 ] DEBUG Engine               - isMac: false
20:02:56.486 [FXGL Background Thread 3 ] DEBUG Engine               - isMainMenuEnabled: false
20:02:56.486 [FXGL Background Thread 3 ] DEBUG Engine               - isManualResizeEnabled: false
20:02:56.486 [FXGL Background Thread 3 ] DEBUG Engine               - isMobile: false
20:02:56.486 [FXGL Background Thread 3 ] DEBUG Engine               - isPreserveResizeRatio: false
20:02:56.487 [FXGL Background Thread 3 ] DEBUG Engine               - isProfilingEnabled: false
20:02:56.487 [FXGL Background Thread 3 ] DEBUG Engine               - isScaleAffectedOnResize: true
20:02:56.487 [FXGL Background Thread 3 ] DEBUG Engine               - isSingleStep: false
20:02:56.487 [FXGL Background Thread 3 ] DEBUG Engine               - isUserProfileEnabled: false
20:02:56.487 [FXGL Background Thread 3 ] DEBUG Engine               - isWindows: true
20:02:56.487 [FXGL Background Thread 3 ] DEBUG Engine               - language: ObjectProperty [value: ENGLISH]
20:02:56.487 [FXGL Background Thread 3 ] DEBUG Engine               - menuKey: ESCAPE
20:02:56.487 [FXGL Background Thread 3 ] DEBUG Engine               - notificationViewClass: class com.almasb.fxgl.notification.view.XboxNotificationView
20:02:56.487 [FXGL Background Thread 3 ] DEBUG Engine               - pixelsPerMeter: 50.0
20:02:56.488 [FXGL Background Thread 3 ] DEBUG Engine               - platform: WINDOWS
20:02:56.488 [FXGL Background Thread 3 ] DEBUG Engine               - prefHeightProperty: ReadOnlyDoubleProperty [value: 800.0]
20:02:56.488 [FXGL Background Thread 3 ] DEBUG Engine               - prefWidthProperty: ReadOnlyDoubleProperty [value: 480.0]
20:02:56.488 [FXGL Background Thread 3 ] DEBUG Engine               - profileDir: profiles/
20:02:56.488 [FXGL Background Thread 3 ] DEBUG Engine               - profileName: StringProperty [value: DEFAULT]
20:02:56.488 [FXGL Background Thread 3 ] DEBUG Engine               - randomSeed: -1
20:02:56.488 [FXGL Background Thread 3 ] DEBUG Engine               - runtimeInfo: RuntimeInfo(platform=WINDOWS, version=11.14, build=01.03.2021 16.59)
20:02:56.488 [FXGL Background Thread 3 ] DEBUG Engine               - saveFileExt: sav
20:02:56.488 [FXGL Background Thread 3 ] DEBUG Engine               - scaledHeightProp$fxgl: DoubleProperty [bound, value: 800.0]
20:02:56.488 [FXGL Background Thread 3 ] DEBUG Engine               - scaledWidthProp$fxgl: DoubleProperty [bound, value: 480.0]
20:02:56.489 [FXGL Background Thread 3 ] DEBUG Engine               - sceneFactory: com.almasb.fxgl.app.scene.SceneFactory@19d2e9e1
20:02:56.489 [FXGL Background Thread 3 ] DEBUG Engine               - secondsIn24h: 60
20:02:56.489 [FXGL Background Thread 3 ] DEBUG Engine               - soundMenuBack: menu/back.wav
20:02:56.489 [FXGL Background Thread 3 ] DEBUG Engine               - soundMenuPress: menu/press.wav
20:02:56.489 [FXGL Background Thread 3 ] DEBUG Engine               - soundMenuSelect: menu/select.wav
20:02:56.489 [FXGL Background Thread 3 ] DEBUG Engine               - soundNotification: core/notification.wav
20:02:56.489 [FXGL Background Thread 3 ] DEBUG Engine               - stageStyle: DECORATED
20:02:56.489 [FXGL Background Thread 3 ] DEBUG Engine               - supportedLanguages: [ENGLISH, FRENCH, GERMAN, HUNGARIAN, RUSSIAN]
20:02:56.489 [FXGL Background Thread 3 ] DEBUG Engine               - ticksPerSecond: -1
20:02:56.490 [FXGL Background Thread 3 ] DEBUG Engine               - title: Doodle Jump
20:02:56.490 [FXGL Background Thread 3 ] DEBUG Engine               - urlGithub: https://github.com/AlmasB/FXGL
20:02:56.490 [FXGL Background Thread 3 ] DEBUG Engine               - urlLeaderboard: http://fxgl-top.herokuapp.com/
20:02:56.490 [FXGL Background Thread 3 ] DEBUG Engine               - urlPOM: https://raw.githubusercontent.com/AlmasB/FXGL/release/README.md
20:02:56.490 [FXGL Background Thread 3 ] DEBUG Engine               - userAppClass: class sample.Main
20:02:56.490 [FXGL Background Thread 3 ] DEBUG Engine               - version: 0.1
20:02:56.490 [FXGL Background Thread 3 ] DEBUG Engine               - versionCheckDays: 7
20:02:56.490 [FXGL Background Thread 3 ] DEBUG Engine               - width: 480
20:02:56.490 [FXGL Background Thread 3 ] DEBUG Engine               - Logging services
20:02:56.490 [FXGL Background Thread 3 ] DEBUG Engine               - class com.almasb.fxgl.app.services.FXGLAssetLoaderService
20:02:56.490 [FXGL Background Thread 3 ] DEBUG Engine               - class com.almasb.fxgl.app.FXGLApplication$GameApplicationService
20:02:56.490 [FXGL Background Thread 3 ] DEBUG Engine               - class com.almasb.fxgl.app.services.FXGLDialogService
20:02:56.490 [FXGL Background Thread 3 ] DEBUG Engine               - class com.almasb.fxgl.app.services.IOTaskExecutorService
20:02:56.491 [FXGL Background Thread 3 ] DEBUG Engine               - class com.almasb.fxgl.event.EventBusService
20:02:56.491 [FXGL Background Thread 3 ] DEBUG Engine               - class com.almasb.fxgl.io.FileSystemService
20:02:56.491 [FXGL Background Thread 3 ] DEBUG Engine               - class com.almasb.fxgl.localization.LocalizationService
20:02:56.491 [FXGL Background Thread 3 ] DEBUG Engine               - class com.almasb.fxgl.app.services.SystemBundleService
20:02:56.491 [FXGL Background Thread 3 ] DEBUG Engine               - class com.almasb.fxgl.profile.SaveLoadService
20:02:56.491 [FXGL Background Thread 3 ] DEBUG Engine               - class com.almasb.fxgl.ui.FXGLUIFactoryServiceProvider
20:02:56.491 [FXGL Background Thread 3 ] DEBUG Engine               - class com.almasb.fxgl.ui.FXGLDialogFactoryServiceProvider
20:02:56.491 [FXGL Background Thread 3 ] DEBUG Engine               - class com.almasb.fxgl.audio.AudioPlayer
20:02:56.491 [FXGL Background Thread 3 ] DEBUG Engine               - class com.almasb.fxgl.notification.impl.NotificationServiceProvider
20:02:56.491 [FXGL Background Thread 3 ] DEBUG Engine               - class com.almasb.fxgl.achievement.AchievementService
20:02:56.491 [FXGL Background Thread 3 ] DEBUG Engine               - class com.almasb.fxgl.cutscene.CutsceneService
20:02:56.491 [FXGL Background Thread 3 ] DEBUG Engine               - class com.almasb.fxgl.minigames.MiniGameService
20:02:56.491 [FXGL Background Thread 3 ] DEBUG Engine               - class com.almasb.fxgl.net.NetService
20:02:56.492 [FXGL Background Thread 3 ] DEBUG Engine               - class com.almasb.fxgl.app.services.UpdaterService
20:02:56.492 [FXGL Background Thread 3 ] DEBUG Engine               - class com.almasb.fxgl.dev.DevService
20:02:57.852 [JavaFX Application Thread] DEBUG FXGLApplication      - Exiting FXGL
20:02:57.852 [JavaFX Application Thread] DEBUG LoopRunner           - Stopping loop
20:02:57.852 [JavaFX Application Thread] DEBUG SystemBundleService  - Saving FXGL system data
20:02:57.855 [JavaFX Application Thread] DEBUG FileSystemAccess     - Writing to: C:\Users\Koen\IdeaProjects\ipose-game\system\fxgl.bundle
20:02:57.857 [JavaFX Application Thread] DEBUG Async                - Shutting down background threads
20:02:57.857 [JavaFX Application Thread] DEBUG PrimaryStageWindow   - Closing main window
20:02:57.875 [JavaFX Application Thread] DEBUG Logger               - Closing Logger
