19:59:00.589 [main                     ] DEBUG Logger               - Configured Logger
19:59:00.618 [main                     ] DEBUG GameApplication      - Logging settings
Title: Doodle Jump
Version: 0.1
Width: 480
Height: 800
Fullscreen: false
Intro: false
Profiling: false
Single step:false
App Mode: DEVELOPER
Menu Key: ESCAPE
Stage Style: DECORATED
Scene Factory: class com.almasb.fxgl.app.scene.SceneFactory

19:59:01.272 [JavaFX Application Thread] DEBUG FXGLApplication      - Initializing FXGL
19:59:01.276 [JavaFX Application Thread] INFO  Engine               - FXGL-11.14 (01.03.2021 16.59) on WINDOWS (J:14.0.2 FX:15)
19:59:01.276 [JavaFX Application Thread] DEBUG Engine               - JRE Vendor Name: Oracle Corporation
19:59:01.277 [JavaFX Application Thread] DEBUG Engine               - Running on OS: Windows 10 version 10.0
19:59:01.277 [JavaFX Application Thread] DEBUG Engine               - Architecture: amd64
19:59:01.277 [JavaFX Application Thread] INFO  Engine               - Source code and latest versions at: https://github.com/AlmasB/FXGL
19:59:01.277 [JavaFX Application Thread] INFO  Engine               -              Join the FXGL chat at: https://gitter.im/AlmasB/FXGL
19:59:01.423 [JavaFX Application Thread] DEBUG PrimaryStageWindow   - Creating a JavaFX scene
19:59:01.489 [JavaFX Application Thread] DEBUG PrimaryStageWindow   - Target settings size: 480.0 x 800.0
19:59:01.490 [JavaFX Application Thread] DEBUG PrimaryStageWindow   - Scaled scene size:    480.0 x 800.0
19:59:01.490 [JavaFX Application Thread] DEBUG PrimaryStageWindow   - Scaled ratio: (1.0, 1.0)
19:59:01.492 [JavaFX Application Thread] DEBUG PrimaryStageWindow   - Set initial scene to FXGLStartupScene
19:59:01.503 [JavaFX Application Thread] DEBUG PrimaryStageWindow   - Opening main window
19:59:01.632 [JavaFX Application Thread] DEBUG PrimaryStageWindow   - Window border size: (16.0, 39.0)
19:59:01.632 [JavaFX Application Thread] DEBUG PrimaryStageWindow   - Scaled size: 480.0 x 800.0
19:59:01.633 [JavaFX Application Thread] DEBUG PrimaryStageWindow   - Scaled ratio: (1.0, 1.0)
19:59:01.633 [JavaFX Application Thread] DEBUG PrimaryStageWindow   - Scene size: 480.0 x 800.0
19:59:01.633 [JavaFX Application Thread] DEBUG PrimaryStageWindow   - Stage size: 496.0 x 839.0
19:59:01.643 [FXGL Background Thread 1 ] DEBUG Engine               - Initializing environment variables
19:59:01.698 [FXGL Background Thread 1 ] DEBUG FXGLAssetLoaderServi - User app class for loading assets: class sample.Main
19:59:01.699 [FXGL Background Thread 1 ] DEBUG GameApplicationServi - Applying CSS: fxgl_dark.css
19:59:01.701 [FXGL Background Thread 1 ] DEBUG FXGLAssetLoaderServi - Loading from file system: jar:file:/C:/Users/Koen/.m2/repository/com/github/almasb/fxgl/11.14/fxgl-11.14.jar!/fxglassets/ui/css/fxgl_dark.css
19:59:01.755 [FXGL Background Thread 1 ] DEBUG GameApplicationServi - Initializing application scenes
19:59:01.803 [FXGL Background Thread 1 ] DEBUG GameWorld            - Game world initialized
19:59:01.880 [FXGL Background Thread 1 ] DEBUG PhysicsWorld         - Physics world initialized: appHeight=800, physics.ppm=50,0
19:59:01.880 [FXGL Background Thread 1 ] DEBUG PhysicsWorld         - Using strategy: BRUTE_FORCE
19:59:01.885 [FXGL Background Thread 1 ] DEBUG GameScene            - Game scene initialized: 480x800
19:59:01.885 [FXGL Background Thread 1 ] DEBUG GameApplicationServi - Application scenes initialized
19:59:01.918 [FXGL Background Thread 1 ] DEBUG SystemBundleService  - Loading FXGL system data
19:59:01.924 [FXGL Background Thread 1 ] DEBUG FileSystemAccess     - Reading from: C:\Users\Koen\IdeaProjects\ipose-game\system\fxgl.bundle
19:59:01.941 [FXGL Background Thread 1 ] DEBUG SystemBundleService  - Bundle FXGL: {}
19:59:01.941 [FXGL Background Thread 1 ] DEBUG UpdaterService       - Checking for updates
19:59:01.949 [FXGL Background Thread 4 ] DEBUG FXGLApplication      - Loading fonts
19:59:01.951 [FXGL Background Thread 1 ] DEBUG FXGLApplication      - Loading default localization
19:59:01.951 [FXGL Background Thread 4 ] DEBUG FXGLAssetLoaderServi - Loading from file system: jar:file:/C:/Users/Koen/.m2/repository/com/github/almasb/fxgl/11.14/fxgl-11.14.jar!/fxglassets/ui/fonts/VarelaRound-Regular.ttf
19:59:01.952 [FXGL Background Thread 1 ] DEBUG FXGLAssetLoaderServi - Loading from file system: jar:file:/C:/Users/Koen/.m2/repository/com/github/almasb/fxgl/11.14/fxgl-11.14.jar!/fxglassets/languages/english.lang
19:59:01.978 [FXGL Background Thread 1 ] INFO  FXGLApplication      - FXGL initialization took: 0,335 sec
19:59:01.993 [JavaFX Application Thread] DEBUG Input                - Registered new binding: action0 - D
19:59:01.994 [JavaFX Application Thread] DEBUG Input                - Registered new binding: action1 - A
19:59:01.995 [JavaFX Application Thread] DEBUG Input                - Registered new binding: action2 - W
19:59:01.997 [JavaFX Application Thread] DEBUG FXGLAssetLoaderServi - Loading from file system: jar:file:/C:/Users/Koen/.m2/repository/com/github/almasb/fxgl/11.14/fxgl-11.14.jar!/fxglassets/textures/fxgl_icon.png
19:59:02.063 [FXGL Background Thread 4 ] DEBUG FXGLAssetLoaderServi - Loading from file system: jar:file:/C:/Users/Koen/.m2/repository/com/github/almasb/fxgl/11.14/fxgl-11.14.jar!/fxglassets/ui/fonts/Abel-Regular.ttf
19:59:02.064 [JavaFX Application Thread] DEBUG FXGLAssetLoaderServi - Loading from file system: jar:file:/C:/Users/Koen/.m2/repository/com/github/almasb/fxgl/11.14/fxgl-11.14.jar!/fxglassets/ui/cursors/fxgl_default.png
19:59:02.068 [JavaFX Application Thread] DEBUG Input                - Registered new binding: Screenshot - P
19:59:02.069 [JavaFX Application Thread] DEBUG Input                - Registered new binding: System info dump - CTRL+9
19:59:02.069 [FXGL Background Thread 4 ] DEBUG FXGLAssetLoaderServi - Loading from file system: jar:file:/C:/Users/Koen/.m2/repository/com/github/almasb/fxgl/11.14/fxgl-11.14.jar!/fxglassets/ui/fonts/lucida_console.ttf
19:59:02.070 [JavaFX Application Thread] DEBUG Input                - Registered new binding: Restart - CTRL+R
19:59:02.071 [JavaFX Application Thread] DEBUG Input                - Registered new binding: Toggle Debug Camera - CTRL+C
19:59:02.075 [JavaFX Application Thread] DEBUG LoopRunner           - Starting loop
19:59:02.076 [JavaFX Application Thread] DEBUG LoopRunner           - Initializing JavaFX AnimationTimerLoop
19:59:02.078 [JavaFX Application Thread] DEBUG GameApplicationServi - Starting new game
19:59:02.078 [FXGL Background Thread 4 ] DEBUG FXGLAssetLoaderServi - Loading from file system: jar:file:/C:/Users/Koen/.m2/repository/com/github/almasb/fxgl/11.14/fxgl-11.14.jar!/fxglassets/ui/fonts/Courier-Prime.ttf
19:59:02.079 [JavaFX Application Thread] DEBUG Input                - Clearing active input actions
19:59:02.098 [JavaFX Application Thread] DEBUG GameApplicationServi - Removing overlay from FXGLStartupScene and adding to FXGLLoadingScene
19:59:02.099 [JavaFX Application Thread] DEBUG PrimaryStageWindow   - FXGLStartupScene -> FXGLLoadingScene
19:59:02.099 [JavaFX Application Thread] DEBUG GameApplicationServi - Clearing previous game
19:59:02.099 [JavaFX Application Thread] DEBUG GameScene            - Clearing game scene
19:59:02.099 [JavaFX Application Thread] DEBUG GameWorld            - Clearing game world
19:59:02.100 [JavaFX Application Thread] DEBUG PhysicsWorld         - Clearing physics world
19:59:02.104 [FXGL Background Thread 4 ] DEBUG FXGLApplication      - Initializing game
19:59:02.116 [FXGL Background Thread 4 ] DEBUG FXGLAssetLoaderServi - Loading from file system: file:/C:/Users/Koen/IdeaProjects/ipose-game/target/classes/assets/textures/Doodler.png
19:59:02.146 [FXGL Background Thread 4 ] DEBUG FXGLAssetLoaderServi - Loading from file system: file:/C:/Users/Koen/IdeaProjects/ipose-game/target/classes/assets/textures/Platform.png
19:59:02.154 [FXGL Background Thread 4 ] DEBUG FXGLAssetLoaderServi - Loading from file system: file:/C:/Users/Koen/IdeaProjects/ipose-game/target/classes/assets/textures/background.png
19:59:02.182 [JavaFX Application Thread] DEBUG FXGLApplication      - Registering font factories with UI factory
19:59:02.224 [FXGL Background Thread 4 ] INFO  FXGLApplication      - Game initialization took: 0,119 sec
19:59:02.276 [JavaFX Application Thread] DEBUG Input                - Clearing active input actions
19:59:02.288 [JavaFX Application Thread] DEBUG GameApplicationServi - Removing overlay from FXGLLoadingScene and adding to GameScene
19:59:02.289 [JavaFX Application Thread] DEBUG PrimaryStageWindow   - FXGLLoadingScene -> GameScene
19:59:03.446 [JavaFX Application Thread] DEBUG FXGLAssetLoaderServi - Loading from file system: file:/C:/Users/Koen/IdeaProjects/ipose-game/target/classes/assets/sounds/jump.wav
19:59:04.947 [FXGL Background Thread 3 ] DEBUG Engine               - Logging environment variables
19:59:04.947 [FXGL Background Thread 3 ] DEBUG Engine               - achievements: []
19:59:04.947 [FXGL Background Thread 3 ] DEBUG Engine               - actualHeight: 800.0
19:59:04.948 [FXGL Background Thread 3 ] DEBUG Engine               - actualHeightProperty: ReadOnlyDoubleProperty [value: 800.0]
19:59:04.948 [FXGL Background Thread 3 ] DEBUG Engine               - actualWidth: 480.0
19:59:04.948 [FXGL Background Thread 3 ] DEBUG Engine               - actualWidthProperty: ReadOnlyDoubleProperty [value: 480.0]
19:59:04.948 [FXGL Background Thread 3 ] DEBUG Engine               - appIcon: fxgl_icon.png
19:59:04.948 [FXGL Background Thread 3 ] DEBUG Engine               - applicationMode: DEVELOPER
19:59:04.948 [FXGL Background Thread 3 ] DEBUG Engine               - cSSList: [fxgl_dark.css]
19:59:04.949 [FXGL Background Thread 3 ] DEBUG Engine               - collisionDetectionStrategy: BRUTE_FORCE
19:59:04.949 [FXGL Background Thread 3 ] DEBUG Engine               - configClass: Optional.empty
19:59:04.949 [FXGL Background Thread 3 ] DEBUG Engine               - credits: []
19:59:04.949 [FXGL Background Thread 3 ] DEBUG Engine               - devBBoxColorProperty: ObjectProperty [value: 0xff0000ff]
19:59:04.949 [FXGL Background Thread 3 ] DEBUG Engine               - devEnableDebugCameraProperty: BooleanProperty [value: false]
19:59:04.949 [FXGL Background Thread 3 ] DEBUG Engine               - devSensorColorProperty: ObjectProperty [value: 0xffff00ff]
19:59:04.950 [FXGL Background Thread 3 ] DEBUG Engine               - devShowBBoxProperty: BooleanProperty [value: false]
19:59:04.950 [FXGL Background Thread 3 ] DEBUG Engine               - devShowPositionProperty: BooleanProperty [value: false]
19:59:04.950 [FXGL Background Thread 3 ] DEBUG Engine               - enabledMenuItems: []
19:59:04.950 [FXGL Background Thread 3 ] DEBUG Engine               - engineServices: [class com.almasb.fxgl.app.services.FXGLAssetLoaderService, class com.almasb.fxgl.app.FXGLApplication$GameApplicationService, class com.almasb.fxgl.app.services.FXGLDialogService, class com.almasb.fxgl.app.services.IOTaskExecutorService, class com.almasb.fxgl.event.EventBusService, class com.almasb.fxgl.io.FileSystemService, class com.almasb.fxgl.localization.LocalizationService, class com.almasb.fxgl.app.services.SystemBundleService, class com.almasb.fxgl.profile.SaveLoadService, class com.almasb.fxgl.ui.FXGLUIFactoryServiceProvider, class com.almasb.fxgl.ui.FXGLDialogFactoryServiceProvider, class com.almasb.fxgl.audio.AudioPlayer, class com.almasb.fxgl.notification.impl.NotificationServiceProvider, class com.almasb.fxgl.achievement.AchievementService, class com.almasb.fxgl.cutscene.CutsceneService, class com.almasb.fxgl.minigames.MiniGameService, class com.almasb.fxgl.net.NetService, class com.almasb.fxgl.app.services.UpdaterService, class com.almasb.fxgl.dev.DevService]
19:59:04.950 [FXGL Background Thread 3 ] DEBUG Engine               - fontGame: Abel-Regular.ttf
19:59:04.950 [FXGL Background Thread 3 ] DEBUG Engine               - fontMono: lucida_console.ttf
19:59:04.950 [FXGL Background Thread 3 ] DEBUG Engine               - fontText: Courier-Prime.ttf
19:59:04.950 [FXGL Background Thread 3 ] DEBUG Engine               - fontUI: VarelaRound-Regular.ttf
19:59:04.951 [FXGL Background Thread 3 ] DEBUG Engine               - fullScreen: BooleanProperty [value: false]
19:59:04.951 [FXGL Background Thread 3 ] DEBUG Engine               - gameDifficulty: MEDIUM
19:59:04.951 [FXGL Background Thread 3 ] DEBUG Engine               - gameDifficultyProperty: ObjectProperty [value: MEDIUM]
19:59:04.951 [FXGL Background Thread 3 ] DEBUG Engine               - globalMusicVolume: 0.5
19:59:04.951 [FXGL Background Thread 3 ] DEBUG Engine               - globalMusicVolumeProperty: DoubleProperty [value: 0.5]
19:59:04.951 [FXGL Background Thread 3 ] DEBUG Engine               - globalSoundVolume: 0.5
19:59:04.951 [FXGL Background Thread 3 ] DEBUG Engine               - globalSoundVolumeProperty: DoubleProperty [value: 0.5]
19:59:04.951 [FXGL Background Thread 3 ] DEBUG Engine               - height: 800
19:59:04.951 [FXGL Background Thread 3 ] DEBUG Engine               - isAndroid: false
19:59:04.951 [FXGL Background Thread 3 ] DEBUG Engine               - isBrowser: false
19:59:04.951 [FXGL Background Thread 3 ] DEBUG Engine               - isClickFeedbackEnabled: false
19:59:04.951 [FXGL Background Thread 3 ] DEBUG Engine               - isCloseConfirmation: false
19:59:04.951 [FXGL Background Thread 3 ] DEBUG Engine               - isDesktop: true
19:59:04.952 [FXGL Background Thread 3 ] DEBUG Engine               - isDeveloperMenuEnabled: false
19:59:04.952 [FXGL Background Thread 3 ] DEBUG Engine               - isEntityPreloadEnabled: true
19:59:04.952 [FXGL Background Thread 3 ] DEBUG Engine               - isExperimental3D: false
19:59:04.952 [FXGL Background Thread 3 ] DEBUG Engine               - isExperimentalNative: false
19:59:04.952 [FXGL Background Thread 3 ] DEBUG Engine               - isExperimentalTiledLargeMap: false
19:59:04.952 [FXGL Background Thread 3 ] DEBUG Engine               - isFileSystemWriteAllowed: true
19:59:04.952 [FXGL Background Thread 3 ] DEBUG Engine               - isFullScreenAllowed: false
19:59:04.952 [FXGL Background Thread 3 ] DEBUG Engine               - isFullScreenFromStart: false
19:59:04.952 [FXGL Background Thread 3 ] DEBUG Engine               - isGameMenuEnabled: false
19:59:04.952 [FXGL Background Thread 3 ] DEBUG Engine               - isIOS: false
19:59:04.952 [FXGL Background Thread 3 ] DEBUG Engine               - isIntroEnabled: false
19:59:04.952 [FXGL Background Thread 3 ] DEBUG Engine               - isLinux: false
19:59:04.952 [FXGL Background Thread 3 ] DEBUG Engine               - isMac: false
19:59:04.953 [FXGL Background Thread 3 ] DEBUG Engine               - isMainMenuEnabled: false
19:59:04.953 [FXGL Background Thread 3 ] DEBUG Engine               - isManualResizeEnabled: false
19:59:04.953 [FXGL Background Thread 3 ] DEBUG Engine               - isMobile: false
19:59:04.953 [FXGL Background Thread 3 ] DEBUG Engine               - isPreserveResizeRatio: false
19:59:04.953 [FXGL Background Thread 3 ] DEBUG Engine               - isProfilingEnabled: false
19:59:04.953 [FXGL Background Thread 3 ] DEBUG Engine               - isScaleAffectedOnResize: true
19:59:04.953 [FXGL Background Thread 3 ] DEBUG Engine               - isSingleStep: false
19:59:04.953 [FXGL Background Thread 3 ] DEBUG Engine               - isUserProfileEnabled: false
19:59:04.953 [FXGL Background Thread 3 ] DEBUG Engine               - isWindows: true
19:59:04.953 [FXGL Background Thread 3 ] DEBUG Engine               - language: ObjectProperty [value: ENGLISH]
19:59:04.953 [FXGL Background Thread 3 ] DEBUG Engine               - menuKey: ESCAPE
19:59:04.953 [FXGL Background Thread 3 ] DEBUG Engine               - notificationViewClass: class com.almasb.fxgl.notification.view.XboxNotificationView
19:59:04.954 [FXGL Background Thread 3 ] DEBUG Engine               - pixelsPerMeter: 50.0
19:59:04.954 [FXGL Background Thread 3 ] DEBUG Engine               - platform: WINDOWS
19:59:04.954 [FXGL Background Thread 3 ] DEBUG Engine               - prefHeightProperty: ReadOnlyDoubleProperty [value: 800.0]
19:59:04.954 [FXGL Background Thread 3 ] DEBUG Engine               - prefWidthProperty: ReadOnlyDoubleProperty [value: 480.0]
19:59:04.954 [FXGL Background Thread 3 ] DEBUG Engine               - profileDir: profiles/
19:59:04.954 [FXGL Background Thread 3 ] DEBUG Engine               - profileName: StringProperty [value: DEFAULT]
19:59:04.954 [FXGL Background Thread 3 ] DEBUG Engine               - randomSeed: -1
19:59:04.954 [FXGL Background Thread 3 ] DEBUG Engine               - runtimeInfo: RuntimeInfo(platform=WINDOWS, version=11.14, build=01.03.2021 16.59)
19:59:04.954 [FXGL Background Thread 3 ] DEBUG Engine               - saveFileExt: sav
19:59:04.954 [FXGL Background Thread 3 ] DEBUG Engine               - scaledHeightProp$fxgl: DoubleProperty [bound, value: 800.0]
19:59:04.954 [FXGL Background Thread 3 ] DEBUG Engine               - scaledWidthProp$fxgl: DoubleProperty [bound, value: 480.0]
19:59:04.954 [FXGL Background Thread 3 ] DEBUG Engine               - sceneFactory: com.almasb.fxgl.app.scene.SceneFactory@6630ef50
19:59:04.954 [FXGL Background Thread 3 ] DEBUG Engine               - secondsIn24h: 60
19:59:04.954 [FXGL Background Thread 3 ] DEBUG Engine               - soundMenuBack: menu/back.wav
19:59:04.955 [FXGL Background Thread 3 ] DEBUG Engine               - soundMenuPress: menu/press.wav
19:59:04.955 [FXGL Background Thread 3 ] DEBUG Engine               - soundMenuSelect: menu/select.wav
19:59:04.955 [FXGL Background Thread 3 ] DEBUG Engine               - soundNotification: core/notification.wav
19:59:04.955 [FXGL Background Thread 3 ] DEBUG Engine               - stageStyle: DECORATED
19:59:04.955 [FXGL Background Thread 3 ] DEBUG Engine               - supportedLanguages: [ENGLISH, FRENCH, GERMAN, HUNGARIAN, RUSSIAN]
19:59:04.955 [FXGL Background Thread 3 ] DEBUG Engine               - ticksPerSecond: -1
19:59:04.955 [FXGL Background Thread 3 ] DEBUG Engine               - title: Doodle Jump
19:59:04.955 [FXGL Background Thread 3 ] DEBUG Engine               - urlGithub: https://github.com/AlmasB/FXGL
19:59:04.955 [FXGL Background Thread 3 ] DEBUG Engine               - urlLeaderboard: http://fxgl-top.herokuapp.com/
19:59:04.955 [FXGL Background Thread 3 ] DEBUG Engine               - urlPOM: https://raw.githubusercontent.com/AlmasB/FXGL/release/README.md
19:59:04.955 [FXGL Background Thread 3 ] DEBUG Engine               - userAppClass: class sample.Main
19:59:04.955 [FXGL Background Thread 3 ] DEBUG Engine               - version: 0.1
19:59:04.955 [FXGL Background Thread 3 ] DEBUG Engine               - versionCheckDays: 7
19:59:04.956 [FXGL Background Thread 3 ] DEBUG Engine               - width: 480
19:59:04.956 [FXGL Background Thread 3 ] DEBUG Engine               - Logging services
19:59:04.956 [FXGL Background Thread 3 ] DEBUG Engine               - class com.almasb.fxgl.app.services.FXGLAssetLoaderService
19:59:04.956 [FXGL Background Thread 3 ] DEBUG Engine               - class com.almasb.fxgl.app.FXGLApplication$GameApplicationService
19:59:04.956 [FXGL Background Thread 3 ] DEBUG Engine               - class com.almasb.fxgl.app.services.FXGLDialogService
19:59:04.956 [FXGL Background Thread 3 ] DEBUG Engine               - class com.almasb.fxgl.app.services.IOTaskExecutorService
19:59:04.956 [FXGL Background Thread 3 ] DEBUG Engine               - class com.almasb.fxgl.event.EventBusService
19:59:04.956 [FXGL Background Thread 3 ] DEBUG Engine               - class com.almasb.fxgl.io.FileSystemService
19:59:04.957 [FXGL Background Thread 3 ] DEBUG Engine               - class com.almasb.fxgl.localization.LocalizationService
19:59:04.957 [FXGL Background Thread 3 ] DEBUG Engine               - class com.almasb.fxgl.app.services.SystemBundleService
19:59:04.957 [FXGL Background Thread 3 ] DEBUG Engine               - class com.almasb.fxgl.profile.SaveLoadService
19:59:04.957 [FXGL Background Thread 3 ] DEBUG Engine               - class com.almasb.fxgl.ui.FXGLUIFactoryServiceProvider
19:59:04.957 [FXGL Background Thread 3 ] DEBUG Engine               - class com.almasb.fxgl.ui.FXGLDialogFactoryServiceProvider
19:59:04.957 [FXGL Background Thread 3 ] DEBUG Engine               - class com.almasb.fxgl.audio.AudioPlayer
19:59:04.957 [FXGL Background Thread 3 ] DEBUG Engine               - class com.almasb.fxgl.notification.impl.NotificationServiceProvider
19:59:04.957 [FXGL Background Thread 3 ] DEBUG Engine               - class com.almasb.fxgl.achievement.AchievementService
19:59:04.957 [FXGL Background Thread 3 ] DEBUG Engine               - class com.almasb.fxgl.cutscene.CutsceneService
19:59:04.957 [FXGL Background Thread 3 ] DEBUG Engine               - class com.almasb.fxgl.minigames.MiniGameService
19:59:04.957 [FXGL Background Thread 3 ] DEBUG Engine               - class com.almasb.fxgl.net.NetService
19:59:04.957 [FXGL Background Thread 3 ] DEBUG Engine               - class com.almasb.fxgl.app.services.UpdaterService
19:59:04.957 [FXGL Background Thread 3 ] DEBUG Engine               - class com.almasb.fxgl.dev.DevService
19:59:12.142 [JavaFX Application Thread] DEBUG FXGLApplication      - Exiting FXGL
19:59:12.143 [JavaFX Application Thread] DEBUG LoopRunner           - Stopping loop
19:59:12.143 [JavaFX Application Thread] DEBUG SystemBundleService  - Saving FXGL system data
19:59:12.144 [JavaFX Application Thread] DEBUG FileSystemAccess     - Writing to: C:\Users\Koen\IdeaProjects\ipose-game\system\fxgl.bundle
19:59:12.146 [JavaFX Application Thread] DEBUG Async                - Shutting down background threads
19:59:12.146 [JavaFX Application Thread] DEBUG PrimaryStageWindow   - Closing main window
19:59:12.167 [JavaFX Application Thread] DEBUG Logger               - Closing Logger
